CS240: Exam2. pheldrin Thu Oct 15 21:29:55 EDT 2015  Total:  0 of 16
0
16
CS240: Exam2. pheldrin Thu Oct 15 21:30:09 EDT 2015  Total:  0 of 24
0
24
CS240: Exam2. pheldrin Thu Oct 15 21:41:39 EDT 2015  Total:  0 of 24
0
24
CS240: Exam2. pheldrin Thu Oct 15 21:42:30 EDT 2015  Total:  24 of 24
24
24
CS240: Exam2. pheldrin Thu Oct 15 21:44:20 EDT 2015  Total:  24 of 24
24
24
CS240: Exam2. pheldrin Thu Oct 15 21:49:11 EDT 2015  Total:  24 of 24
24
24
CS240: Exam2. pheldrin Thu Oct 15 21:49:42 EDT 2015  Total:  24 of 24
24
24
CS240: Exam2. pheldrin Thu Oct 15 21:51:26 EDT 2015  Total:  24 of 24
24
24
CS240: Exam2. pheldrin Thu Oct 15 21:51:59 EDT 2015  Total:  24 of 24
24
24
CS240: Exam2. pheldrin Thu Oct 15 21:53:28 EDT 2015  Total:  24 of 24
24
24
CS240: Exam2. pheldrin Thu Oct 15 21:56:52 EDT 2015  Total:  24 of 24
24
24
CS240: Exam2. pheldrin Fri Oct 16 02:36:21 EDT 2015  Total:  24 of 24
24
24
CS240: Exam2. pheldrin Sun Oct 18 00:27:35 EDT 2015  Total:  24 of 24
24
24
CS240: Exam2. pheldrin Sun Oct 18 19:29:30 EDT 2015  Total:  24 of 24
24
24
CS240: Exam2. pheldrin Sun Oct 18 19:33:00 EDT 2015  Total:  24 of 24
24
24
CS240: Exam2. pheldrin Sun Oct 18 19:39:34 EDT 2015  Total:  24 of 24
24
24
CS240: Exam2. pheldrin Sun Oct 18 19:41:04 EDT 2015  Total:  24 of 24
24
24
CS240: Exam2. pheldrin Mon Oct 19 00:08:21 EDT 2015  Total:  24 of 24
24
24
CS240: Exam2. cs240 Mon Oct 19 02:25:22 EDT 2015  Total:  24 of 24
24
24
CS240: Exam2. cs240 Mon Oct 19 02:26:33 EDT 2015  Total:  28 of 28
28
28
CS240: Exam2. cs240 Mon Oct 19 02:26:46 EDT 2015  Total:  30 of 30
30
30
CS240: Exam2. cs240 Mon Oct 19 02:28:28 EDT 2015  Total:  30 of 30
30
30
CS240: Exam2. cs240 Mon Oct 19 04:42:09 EDT 2015  Total:  0 of 30
0
30
CS240: Exam2. cs240 Mon Oct 19 04:44:19 EDT 2015  Total:  0 of 30
0
30
CS240: Exam2. cs240 Mon Oct 19 04:48:00 EDT 2015  Total:  0 of 30
0
30
CS240: Exam2. cs240 Mon Oct 19 04:53:56 EDT 2015  Total:  0 of 30
0
30
CS240: Exam2. cs240 Mon Oct 19 12:58:00 EDT 2015  Total:  0 of 30
0
30
CS240: Exam2. jinn Fri Oct 30 15:49:10 EDT 2015  Total:  0 of 30
0
30
CS240: Exam2. jinn Fri Oct 30 17:06:23 EDT 2015  Total:  0 of 30
0
30
CS240: Exam2. jinn Fri Oct 30 19:44:23 EDT 2015  Total:  0 of 30
0
30
CS240: Exam2. jinn Fri Oct 30 20:53:34 EDT 2015  Total:  0 of 30
0
30
CS240: Exam2. jinn Fri Oct 30 20:57:48 EDT 2015  Total:  0 of 30
0
30
CS240: Exam2. jinn Fri Oct 30 21:01:02 EDT 2015  Total:  0 of 30
0
30
CS240: Exam2. jinn Fri Oct 30 21:01:37 EDT 2015  Total:  0 of 30
0
30
CS240: Exam2. jinn Fri Oct 30 21:04:21 EDT 2015  Total:  0 of 30
0
30
CS240: Exam2. jinn Wed Nov 4 14:32:04 EST 2015  Total:  0 of 30
0
30
CS240: Exam2. jinn Wed Nov 4 14:46:01 EST 2015  Total:  0 of 30
0
30
CS240: Exam2. jinn Wed Nov 4 14:47:20 EST 2015  Total:  7 of 30
7
30
CS240: Exam2. jinn Wed Nov 4 14:49:17 EST 2015  Total:  7 of 30
7
30
CS240: Exam2. jinn Wed Nov 4 14:51:51 EST 2015  Total:  14 of 30
14
30
CS240: Exam2. jinn Wed Nov 4 15:04:13 EST 2015  Total:  22 of 30
22
30
CS240: Exam2. jinn Wed Nov 4 15:09:47 EST 2015  Total:  30 of 30
30
30
CS240: Exam2. jinn Thu Nov 5 03:11:38 EST 2015  Total:  30 of 30
30
30
CS240: Exam2. jinn Fri Nov 6 13:47:56 EST 2015  Total:  0 of 30
0
30
CS240: Exam2. jinn Fri Nov 6 13:48:10 EST 2015  Total:  30 of 30
30
30
CS240: Exam2. jinn Fri Nov 6 13:58:17 EST 2015  Total:  23 of 30
23
30
CS240: Exam2. jinn Fri Nov 6 13:59:22 EST 2015  Total:  23 of 30
23
30
CS240: Exam2. jinn Fri Nov 6 13:59:44 EST 2015  Total:  23 of 30
23
30
CS240: Exam2. jinn Fri Nov 6 13:59:59 EST 2015  Total:  30 of 30
30
30
CS240: Exam2. jinn Fri Nov 6 14:04:20 EST 2015  Total:  22 of 30
22
30
CS240: Exam2. jinn Fri Nov 6 14:05:03 EST 2015  Total:  30 of 30
30
30
