CS240: Exam2. pheldrin Wed Dec 2 02:49:44 EST 2015  Total:  0 of 24
0
24
CS240: Exam2. pheldrin Wed Dec 2 02:49:53 EST 2015  Total:  0 of 24
0
24
CS240: Exam2. pheldrin Wed Dec 2 03:11:50 EST 2015  Total:  0 of 24
0
24
CS240: Exam3. pheldrin Fri Dec 4 10:38:15 EST 2015  Total:  0 of 24
0
24
CS240: Exam3. pheldrin Fri Dec 4 10:55:39 EST 2015  Total:  12 of 12
12
12
CS240: Exam3. pheldrin Fri Dec 4 10:55:54 EST 2015  Total:  24 of 24
24
24
CS240: Exam3. pheldrin Fri Dec 4 10:56:00 EST 2015  Total:  24 of 24
24
24
CS240: Exam3. pheldrin Fri Dec 4 10:57:02 EST 2015  Total:  25 of 25
25
25
CS240: Exam3. pheldrin Sun Dec 6 22:33:54 EST 2015  Total:  25 of 25
25
25
CS240: Exam3. pheldrin Sun Dec 6 23:21:14 EST 2015  Total:  25 of 25
25
25
CS240: Exam3. pheldrin Mon Dec 7 16:22:18 EST 2015  Total:  25 of 25
25
25
CS240: Exam3. jinn Thu Dec 17 22:23:59 EST 2015  Total:  25 of 25
25
25
CS240: Exam3. jinn Fri Dec 18 00:36:54 EST 2015  Total:  25 of 25
25
25
