CS240: Exam2. pheldrin Sun Nov 29 21:34:26 EST 2015  Total:  24 of 24
24
24
CS240: Exam2. pheldrin Sun Nov 29 21:34:52 EST 2015  Total:  24 of 24
24
24
CS240: Exam2. pheldrin Sun Nov 29 21:35:32 EST 2015  Total:  24 of 24
24
24
CS240: Exam2. pheldrin Mon Nov 30 03:00:00 EST 2015  Total:  24 of 24
24
24
CS240: Exam2. pheldrin Mon Nov 30 14:32:04 EST 2015  Total:  24 of 24
24
24
CS240: Exam2. pheldrin Mon Nov 30 14:39:02 EST 2015  Total:  24 of 24
24
24
CS240: Exam2. pheldrin Mon Nov 30 19:54:36 EST 2015  Total:  24 of 24
24
24
CS240: Exam2. pheldrin Mon Nov 30 19:56:24 EST 2015  Total:  24 of 24
24
24
CS240: Exam2. pheldrin Tue Dec 1 20:56:05 EST 2015  Total:  24 of 24
24
24
CS240: Exam2. pheldrin Wed Dec 2 02:49:00 EST 2015  Total:  24 of 24
24
24
CS240: Exam2. pheldrin Wed Dec 2 02:49:37 EST 2015  Total:  24 of 24
24
24
CS240: Exam2. pheldrin Wed Dec 2 02:49:52 EST 2015  Total:  24 of 24
24
24
CS240: Exam2. pheldrin Wed Dec 2 03:11:49 EST 2015  Total:  24 of 24
24
24
CS240: Exam2. pheldrin Wed Dec 2 03:18:22 EST 2015  Total:  24 of 24
24
24
CS240: Exam2. pheldrin Wed Dec 2 03:20:34 EST 2015  Total:  24 of 24
24
24
CS240: Exam2. pheldrin Wed Dec 2 10:57:57 EST 2015  Total:  24 of 24
24
24
CS240: Exam3. pheldrin Thu Dec 3 18:48:56 EST 2015  Total:  24 of 24
24
24
CS240: Exam3. pheldrin Fri Dec 4 10:38:14 EST 2015  Total:  24 of 24
24
24
CS240: Exam3. pheldrin Fri Dec 4 10:55:59 EST 2015  Total:  24 of 24
24
24
CS240: Exam3. pheldrin Fri Dec 4 10:57:01 EST 2015  Total:  25 of 25
25
25
CS240: Exam3. pheldrin Sun Dec 6 22:33:53 EST 2015  Total:  25 of 25
25
25
CS240: Exam3. pheldrin Sun Dec 6 22:34:38 EST 2015  Total:  25 of 25
25
25
CS240: Exam3. pheldrin Sun Dec 6 23:08:58 EST 2015  Total:  25 of 25
25
25
CS240: Exam3. pheldrin Sun Dec 6 23:09:35 EST 2015  Total:  25 of 25
25
25
CS240: Exam3. pheldrin Sun Dec 6 23:09:55 EST 2015  Total:  24 of 25
24
25
CS240: Exam3. pheldrin Sun Dec 6 23:17:43 EST 2015  Total:  25 of 25
25
25
CS240: Exam3. pheldrin Sun Dec 6 23:21:14 EST 2015  Total:  25 of 25
25
25
CS240: Exam3. pheldrin Mon Dec 7 00:14:13 EST 2015  Total:  25 of 25
25
25
CS240: Exam3. pheldrin Mon Dec 7 00:14:41 EST 2015  Total:  25 of 25
25
25
CS240: Exam3. pheldrin Mon Dec 7 16:22:17 EST 2015  Total:  25 of 25
25
25
CS240: Exam3. pheldrin Mon Dec 7 16:25:20 EST 2015  Total:  0 of 25
0
25
CS240: Exam3. pheldrin Mon Dec 7 16:25:44 EST 2015  Total:  0 of 25
0
25
CS240: Exam3. pheldrin Mon Dec 7 16:27:23 EST 2015  Total:  0 of 25
0
25
CS240: Exam3. pheldrin Mon Dec 7 16:27:29 EST 2015  Total:  0 of 25
0
25
CS240: Exam3. cs240 Mon Dec 7 16:30:27 EST 2015  Total:  0 of 25
0
25
CS240: Exam3. jinn Wed Dec 9 14:44:27 EST 2015  Total:  0 of 25
0
25
CS240: Exam3. jinn Thu Dec 17 22:27:14 EST 2015  Total:  0 of 25
0
25
CS240: Exam3. jinn Thu Dec 17 22:29:05 EST 2015  Total:  0 of 25
0
25
CS240: Exam3. jinn Thu Dec 17 22:32:53 EST 2015  Total:  9 of 25
9
25
CS240: Exam3. jinn Thu Dec 17 22:34:03 EST 2015  Total:  9 of 25
9
25
CS240: Exam3. jinn Thu Dec 17 22:37:44 EST 2015  Total:  10 of 25
10
25
CS240: Exam3. jinn Thu Dec 17 23:00:28 EST 2015  Total:  10 of 25
10
25
CS240: Exam3. jinn Thu Dec 17 23:04:08 EST 2015  Total:  10 of 25
10
25
CS240: Exam3. jinn Thu Dec 17 23:20:12 EST 2015  Total:  16 of 25
16
25
CS240: Exam3. jinn Thu Dec 17 23:27:49 EST 2015  Total:  16 of 25
16
25
CS240: Exam3. jinn Thu Dec 17 23:28:10 EST 2015  Total:  22 of 25
22
25
CS240: Exam3. jinn Thu Dec 17 23:42:17 EST 2015  Total:  22 of 25
22
25
CS240: Exam3. jinn Thu Dec 17 23:49:32 EST 2015  Total:  19 of 25
19
25
CS240: Exam3. jinn Thu Dec 17 23:50:12 EST 2015  Total:  22 of 25
22
25
CS240: Exam3. jinn Thu Dec 17 23:52:14 EST 2015  Total:  22 of 25
22
25
CS240: Exam3. jinn Thu Dec 17 23:57:40 EST 2015  Total:  19 of 25
19
25
CS240: Exam3. jinn Fri Dec 18 00:04:01 EST 2015  Total:  22 of 25
22
25
CS240: Exam3. jinn Fri Dec 18 00:08:18 EST 2015  Total:  19 of 25
19
25
CS240: Exam3. jinn Fri Dec 18 00:08:31 EST 2015  Total:  22 of 25
22
25
CS240: Exam3. jinn Fri Dec 18 00:11:10 EST 2015  Total:  22 of 25
22
25
CS240: Exam3. jinn Fri Dec 18 00:11:56 EST 2015  Total:  25 of 25
25
25
CS240: Exam3. jinn Fri Dec 18 00:18:19 EST 2015  Total:  19 of 25
19
25
CS240: Exam3. jinn Fri Dec 18 00:18:38 EST 2015  Total:  25 of 25
25
25
CS240: Exam3. jinn Fri Dec 18 00:22:39 EST 2015  Total:  25 of 25
25
25
CS240: Exam3. jinn Fri Dec 18 00:36:45 EST 2015  Total:  25 of 25
25
25
