CS240: Exam2. pheldrin Thu Oct 15 12:42:16 EDT 2015  Total:  15 of 15
15
15
CS240: Exam2. pheldrin Thu Oct 15 13:06:45 EDT 2015  Total:  15 of 24
15
24
CS240: Exam2. pheldrin Thu Oct 15 13:07:36 EDT 2015  Total:  24 of 24
24
24
CS240: Exam2. pheldrin Thu Oct 15 13:08:54 EDT 2015  Total:  24 of 24
24
24
CS240: Exam2. pheldrin Thu Oct 15 13:10:01 EDT 2015  Total:  12 of 12
12
12
CS240: Exam2. pheldrin Thu Oct 15 13:10:23 EDT 2015  Total:  24 of 24
24
24
CS240: Exam2. pheldrin Thu Oct 15 13:11:57 EDT 2015  Total:  24 of 24
24
24
CS240: Exam2. pheldrin Thu Oct 15 13:14:18 EDT 2015  Total:  24 of 24
24
24
CS240: Exam2. pheldrin Thu Oct 15 14:51:52 EDT 2015  Total:  24 of 24
24
24
CS240: Exam2. pheldrin Thu Oct 15 21:43:41 EDT 2015  Total:  24 of 24
24
24
CS240: Exam2. pheldrin Thu Oct 15 21:49:10 EDT 2015  Total:  24 of 24
24
24
CS240: Exam2. pheldrin Thu Oct 15 21:49:42 EDT 2015  Total:  24 of 24
24
24
CS240: Exam2. pheldrin Thu Oct 15 21:51:25 EDT 2015  Total:  24 of 24
24
24
CS240: Exam2. pheldrin Thu Oct 15 21:51:59 EDT 2015  Total:  24 of 24
24
24
CS240: Exam2. pheldrin Thu Oct 15 21:53:28 EDT 2015  Total:  24 of 24
24
24
CS240: Exam2. pheldrin Fri Oct 16 02:36:20 EDT 2015  Total:  24 of 24
24
24
CS240: Exam2. pheldrin Fri Oct 16 21:47:52 EDT 2015  Total:  18 of 24
18
24
CS240: Exam2. pheldrin Fri Oct 16 21:48:33 EDT 2015  Total:  24 of 24
24
24
CS240: Exam2. pheldrin Sun Oct 18 00:27:34 EDT 2015  Total:  24 of 24
24
24
CS240: Exam2. pheldrin Sun Oct 18 00:27:39 EDT 2015  Total:  24 of 24
24
24
CS240: Exam2. pheldrin Sun Oct 18 16:24:48 EDT 2015  Total:  24 of 24
24
24
CS240: Exam2. pheldrin Sun Oct 18 17:45:27 EDT 2015  Total:  24 of 24
24
24
CS240: Exam2. pheldrin Sun Oct 18 19:29:30 EDT 2015  Total:  24 of 24
24
24
CS240: Exam2. pheldrin Sun Oct 18 19:37:59 EDT 2015  Total:  24 of 24
24
24
CS240: Exam2. pheldrin Sun Oct 18 19:41:04 EDT 2015  Total:  24 of 24
24
24
CS240: Exam2. pheldrin Sun Oct 18 23:58:20 EDT 2015  Total:  24 of 24
24
24
CS240: Exam2. pheldrin Mon Oct 19 00:02:02 EDT 2015  Total:  24 of 24
24
24
CS240: Exam2. pheldrin Mon Oct 19 00:02:18 EDT 2015  Total:  24 of 24
24
24
CS240: Exam2. pheldrin Mon Oct 19 00:06:43 EDT 2015  Total:  24 of 24
24
24
CS240: Exam2. pheldrin Mon Oct 19 00:08:21 EDT 2015  Total:  24 of 24
24
24
CS240: Exam2. paul Thu Nov 26 23:56:16 EST 2015  Total:  0 of 24
0
24
CS240: Exam2. paul Thu Nov 26 23:56:25 EST 2015  Total:  24 of 24
24
24
CS240: Exam2. paul Thu Nov 26 23:56:37 EST 2015  Total:  16 of 16
16
16
CS240: Exam2. paul Thu Nov 26 23:56:48 EST 2015  Total:  24 of 24
24
24
CS240: Exam2. paul Thu Nov 26 23:58:09 EST 2015  Total:  18 of 24
18
24
CS240: Exam2. paul Fri Nov 27 00:05:55 EST 2015  Total:  24 of 24
24
24
CS240: Exam2. paul Fri Nov 27 00:08:19 EST 2015  Total:  0 of 24
0
24
CS240: Exam2. paul Fri Nov 27 00:09:58 EST 2015  Total:  0 of 24
0
24
CS240: Exam2. paul Fri Nov 27 00:13:11 EST 2015  Total:  0 of 24
0
24
CS240: Exam2. paul Fri Nov 27 00:14:31 EST 2015  Total:  24 of 24
24
24
CS240: Exam2. paul Fri Nov 27 00:14:35 EST 2015  Total:  24 of 24
24
24
CS240: Exam2. paul Fri Nov 27 00:15:12 EST 2015  Total:  24 of 24
24
24
CS240: Exam2. paul Fri Nov 27 00:15:33 EST 2015  Total:  24 of 24
24
24
CS240: Exam2. paul Fri Nov 27 00:15:39 EST 2015  Total:  24 of 24
24
24
CS240: Exam2. paul Fri Nov 27 00:15:47 EST 2015  Total:  0 of 24
0
24
CS240: Exam2. paul Fri Nov 27 00:16:36 EST 2015  Total:  24 of 24
24
24
CS240: Exam2. paul Fri Nov 27 00:17:09 EST 2015  Total:  24 of 24
24
24
CS240: Exam2. paul Fri Nov 27 00:18:07 EST 2015  Total:  24 of 24
24
24
CS240: Exam2. paul Fri Nov 27 00:18:23 EST 2015  Total:  24 of 24
24
24
CS240: Exam2. paul Fri Nov 27 00:19:02 EST 2015  Total:  24 of 24
24
24
CS240: Exam2. paul Fri Nov 27 00:19:21 EST 2015  Total:  24 of 24
24
24
CS240: Exam2. paul Fri Nov 27 00:19:35 EST 2015  Total:  0 of 24
0
24
CS240: Exam2. paul Fri Nov 27 00:19:56 EST 2015  Total:  24 of 24
24
24
CS240: Exam2. paul Fri Nov 27 00:21:00 EST 2015  Total:  24 of 24
24
24
CS240: Exam2. pheldrin Sun Nov 29 19:38:53 EST 2015  Total:  24 of 24
24
24
CS240: Exam2. pheldrin Sun Nov 29 19:44:57 EST 2015  Total:  24 of 24
24
24
CS240: Exam2. pheldrin Mon Nov 30 02:59:57 EST 2015  Total:  24 of 24
24
24
CS240: Exam2. pheldrin Mon Nov 30 03:00:08 EST 2015  Total:  24 of 24
24
24
CS240: Exam2. pheldrin Mon Nov 30 03:00:40 EST 2015  Total:  24 of 24
24
24
CS240: Exam2. pheldrin Mon Nov 30 03:01:12 EST 2015  Total:  24 of 24
24
24
CS240: Exam2. pheldrin Mon Nov 30 20:33:02 EST 2015  Total:  24 of 24
24
24
CS240: Exam2. pheldrin Tue Dec 1 19:14:36 EST 2015  Total:  24 of 24
24
24
CS240: Exam2. pheldrin Tue Dec 1 19:15:21 EST 2015  Total:  24 of 24
24
24
CS240: Exam2. pheldrin Tue Dec 1 19:22:51 EST 2015  Total:  24 of 24
24
24
CS240: Exam2. pheldrin Tue Dec 1 19:23:34 EST 2015  Total:  24 of 24
24
24
CS240: Exam2. pheldrin Tue Dec 1 19:25:25 EST 2015  Total:  24 of 24
24
24
CS240: Exam2. pheldrin Tue Dec 1 20:24:14 EST 2015  Total:  24 of 24
24
24
CS240: Exam2. pheldrin Wed Dec 2 02:48:58 EST 2015  Total:  24 of 24
24
24
CS240: Exam2. pheldrin Wed Dec 2 02:49:29 EST 2015  Total:  24 of 24
24
24
CS240: Exam2. pheldrin Wed Dec 2 02:49:50 EST 2015  Total:  24 of 24
24
24
CS240: Exam2. pheldrin Wed Dec 2 03:11:47 EST 2015  Total:  24 of 24
24
24
CS240: Exam3. pheldrin Wed Dec 2 11:06:00 EST 2015  Total:  24 of 24
24
24
CS240: Exam3. pheldrin Wed Dec 2 11:15:19 EST 2015  Total:  24 of 24
24
24
CS240: Exam3. pheldrin Thu Dec 3 18:45:18 EST 2015  Total:  21 of 24
21
24
CS240: Exam3. pheldrin Thu Dec 3 18:45:42 EST 2015  Total:  21 of 24
21
24
CS240: Exam3. pheldrin Thu Dec 3 18:46:27 EST 2015  Total:  21 of 24
21
24
CS240: Exam3. pheldrin Thu Dec 3 18:47:38 EST 2015  Total:  24 of 24
24
24
CS240: Exam3. pheldrin Thu Dec 3 18:48:12 EST 2015  Total:  24 of 24
24
24
CS240: Exam3. pheldrin Thu Dec 3 18:48:50 EST 2015  Total:  24 of 24
24
24
CS240: Exam3. pheldrin Thu Dec 3 18:54:39 EST 2015  Total:  24 of 24
24
24
CS240: Exam3. pheldrin Thu Dec 3 18:56:11 EST 2015  Total:  24 of 24
24
24
CS240: Exam3. pheldrin Thu Dec 3 23:48:52 EST 2015  Total:  18 of 24
18
24
CS240: Exam3. pheldrin Thu Dec 3 23:49:12 EST 2015  Total:  24 of 24
24
24
CS240: Exam3. pheldrin Fri Dec 4 10:38:12 EST 2015  Total:  24 of 24
24
24
CS240: Exam3. pheldrin Fri Dec 4 10:55:58 EST 2015  Total:  24 of 24
24
24
CS240: Exam3. pheldrin Fri Dec 4 10:56:37 EST 2015  Total:  25 of 25
25
25
CS240: Exam3. pheldrin Fri Dec 4 10:56:59 EST 2015  Total:  25 of 25
25
25
CS240: Exam3. pheldrin Fri Dec 4 11:08:26 EST 2015  Total:  25 of 25
25
25
CS240: Exam3. pheldrin Sun Dec 6 18:42:49 EST 2015  Total:  25 of 25
25
25
CS240: Exam3. pheldrin Sun Dec 6 21:44:32 EST 2015  Total:  25 of 25
25
25
CS240: Exam3. pheldrin Sun Dec 6 21:57:38 EST 2015  Total:  25 of 25
25
25
CS240: Exam3. pheldrin Sun Dec 6 22:33:52 EST 2015  Total:  25 of 25
25
25
CS240: Exam3. pheldrin Sun Dec 6 23:21:13 EST 2015  Total:  25 of 25
25
25
CS240: Exam3. pheldrin Mon Dec 7 16:22:15 EST 2015  Total:  25 of 25
25
25
CS240: Exam3. pheldrin Mon Dec 7 16:24:36 EST 2015  Total:  0 of 25
0
25
CS240: Exam3. pheldrin Mon Dec 7 16:25:43 EST 2015  Total:  0 of 25
0
25
CS240: Exam3. pheldrin Mon Dec 7 16:27:27 EST 2015  Total:  0 of 25
0
25
CS240: Exam3. cs240 Mon Dec 7 16:30:26 EST 2015  Total:  0 of 25
0
25
CS240: Exam3. jinn Wed Dec 9 14:43:55 EST 2015  Total:  0 of 25
0
25
CS240: Exam3. jinn Fri Dec 11 15:38:31 EST 2015  Total:  6 of 25
6
25
CS240: Exam3. jinn Fri Dec 11 15:45:22 EST 2015  Total:  6 of 25
6
25
CS240: Exam3. jinn Fri Dec 11 15:47:27 EST 2015  Total:  6 of 25
6
25
CS240: Exam3. jinn Fri Dec 11 15:48:19 EST 2015  Total:  6 of 25
6
25
CS240: Exam3. jinn Fri Dec 11 15:48:48 EST 2015  Total:  6 of 25
6
25
CS240: Exam3. jinn Fri Dec 11 15:49:13 EST 2015  Total:  6 of 25
6
25
CS240: Exam3. jinn Fri Dec 11 15:49:45 EST 2015  Total:  6 of 25
6
25
CS240: Exam3. jinn Fri Dec 11 15:50:09 EST 2015  Total:  6 of 25
6
25
CS240: Exam3. jinn Thu Dec 17 17:16:56 EST 2015  Total:  6 of 25
6
25
CS240: Exam3. jinn Thu Dec 17 17:17:40 EST 2015  Total:  6 of 25
6
25
CS240: Exam3. jinn Thu Dec 17 17:37:58 EST 2015  Total:  6 of 25
6
25
CS240: Exam3. jinn Thu Dec 17 17:38:40 EST 2015  Total:  6 of 25
6
25
CS240: Exam3. jinn Thu Dec 17 17:39:26 EST 2015  Total:  6 of 25
6
25
CS240: Exam3. jinn Thu Dec 17 17:40:00 EST 2015  Total:  6 of 25
6
25
CS240: Exam3. jinn Thu Dec 17 17:41:44 EST 2015  Total:  6 of 25
6
25
CS240: Exam3. jinn Thu Dec 17 17:44:44 EST 2015  Total:  6 of 25
6
25
CS240: Exam3. jinn Thu Dec 17 17:46:15 EST 2015  Total:  13 of 25
13
25
CS240: Exam3. jinn Thu Dec 17 18:47:29 EST 2015  Total:  19 of 25
19
25
CS240: Exam3. jinn Thu Dec 17 20:26:41 EST 2015  Total:  19 of 25
19
25
CS240: Exam3. jinn Thu Dec 17 20:27:27 EST 2015  Total:  19 of 25
19
25
CS240: Exam3. jinn Thu Dec 17 20:27:54 EST 2015  Total:  19 of 25
19
25
CS240: Exam3. jinn Thu Dec 17 20:31:42 EST 2015  Total:  19 of 25
19
25
CS240: Exam3. jinn Thu Dec 17 20:39:41 EST 2015  Total:  19 of 25
19
25
CS240: Exam3. jinn Thu Dec 17 20:49:09 EST 2015  Total:  19 of 25
19
25
CS240: Exam3. jinn Thu Dec 17 21:05:20 EST 2015  Total:  19 of 25
19
25
CS240: Exam3. jinn Thu Dec 17 21:05:58 EST 2015  Total:  19 of 25
19
25
CS240: Exam3. jinn Thu Dec 17 21:08:58 EST 2015  Total:  19 of 25
19
25
CS240: Exam3. jinn Thu Dec 17 21:14:33 EST 2015  Total:  19 of 25
19
25
CS240: Exam3. jinn Thu Dec 17 21:22:07 EST 2015  Total:  19 of 25
19
25
CS240: Exam3. jinn Thu Dec 17 21:24:28 EST 2015  Total:  19 of 25
19
25
CS240: Exam3. jinn Thu Dec 17 21:35:07 EST 2015  Total:  19 of 25
19
25
CS240: Exam3. jinn Thu Dec 17 21:40:21 EST 2015  Total:  19 of 25
19
25
CS240: Exam3. jinn Thu Dec 17 21:40:48 EST 2015  Total:  25 of 25
25
25
CS240: Exam3. jinn Fri Dec 18 00:36:23 EST 2015  Total:  25 of 25
25
25
