CS240: lab4. cs240 Tue Oct 13 21:53:11 EDT 2015  Total:  9 of 100

CS240: lab4. cs240 Tue Oct 13 21:57:46 EDT 2015  Total:  10 of 100

CS240: lab4. cs240 Tue Oct 13 21:58:16 EDT 2015  Total:  -11 of 79

CS240: lab4. cs240 Tue Oct 13 22:00:08 EDT 2015  Total:  -14 of 64

CS240: lab4. cs240 Tue Oct 13 22:00:41 EDT 2015  Total:  -14 of 64

CS240: lab5. cs240 Tue Oct 13 22:01:11 EDT 2015  Total:  6 of 64

CS240: lab5. jinn Sun Oct 18 16:27:46 EDT 2015  Total:  6 of 64

CS240: lab5. jinn Sun Oct 18 17:00:56 EDT 2015  Total:  9 of 64

CS240: lab5. jinn Sun Oct 18 18:41:15 EDT 2015  Total:  12 of 64

CS240: lab5. jinn Sun Oct 18 18:53:06 EDT 2015  Total:  12 of 64

CS240: lab5. jinn Sun Oct 18 18:54:21 EDT 2015  Total:  15 of 64

CS240: lab5. jinn Sun Oct 18 19:25:28 EDT 2015  Total:  15 of 64

CS240: lab5. jinn Sun Oct 18 19:26:34 EDT 2015  Total:  15 of 64

CS240: lab5. jinn Sun Oct 18 19:28:20 EDT 2015  Total:  15 of 64

CS240: lab5. jinn Sun Oct 18 19:29:21 EDT 2015  Total:  15 of 64

CS240: lab5. jinn Sun Oct 18 19:30:27 EDT 2015  Total:  18 of 64

CS240: lab5. jinn Sun Oct 18 19:41:44 EDT 2015  Total:  18 of 64

CS240: lab5. jinn Sun Oct 18 19:42:17 EDT 2015  Total:  21 of 64

CS240: lab5. jinn Sun Oct 18 19:45:35 EDT 2015  Total:  21 of 64

CS240: lab5. jinn Sun Oct 18 19:47:51 EDT 2015  Total:  21 of 64

CS240: lab5. jinn Mon Oct 19 01:56:21 EDT 2015  Total:  21 of 64

CS240: lab5. jinn Mon Oct 19 02:26:59 EDT 2015  Total:  21 of 64

CS240: lab5. jinn Mon Oct 19 02:29:48 EDT 2015  Total:  21 of 64

CS240: lab5. jinn Mon Oct 19 02:31:50 EDT 2015  Total:  21 of 64

CS240: lab5. jinn Mon Oct 19 02:42:15 EDT 2015  Total:  21 of 64

CS240: lab5. jinn Mon Oct 19 02:43:30 EDT 2015  Total:  21 of 64

CS240: lab5. jinn Mon Oct 19 02:48:11 EDT 2015  Total:  21 of 64

CS240: lab5. jinn Mon Oct 19 02:57:44 EDT 2015  Total:  24 of 64

CS240: lab5. jinn Mon Oct 19 03:03:15 EDT 2015  Total:  24 of 64

CS240: lab5. jinn Mon Oct 19 03:09:20 EDT 2015  Total:  24 of 64

CS240: lab5. jinn Tue Oct 20 17:49:19 EDT 2015  Total:  24 of 64

CS240: lab5. jinn Tue Oct 20 17:52:06 EDT 2015  Total:  24 of 64

CS240: lab5. jinn Wed Oct 21 01:46:04 EDT 2015  Total:  24 of 64

CS240: lab5. jinn Wed Oct 21 01:50:13 EDT 2015  Total:  27 of 64

CS240: lab5. jinn Wed Oct 21 02:02:05 EDT 2015  Total:  27 of 64

CS240: lab5. jinn Wed Oct 21 02:06:00 EDT 2015  Total:  27 of 64

CS240: lab5. jinn Fri Oct 23 15:36:03 EDT 2015  Total:  27 of 64

CS240: lab5. jinn Fri Oct 23 15:40:26 EDT 2015  Total:  27 of 64

CS240: lab5. jinn Fri Oct 23 15:43:39 EDT 2015  Total:  27 of 64

CS240: lab5. jinn Fri Oct 23 15:45:41 EDT 2015  Total:  30 of 64

CS240: lab5. jinn Fri Oct 23 15:57:08 EDT 2015  Total:  30 of 64

CS240: lab5. jinn Fri Oct 23 15:58:14 EDT 2015  Total:  30 of 64

CS240: lab5. jinn Fri Oct 23 16:00:43 EDT 2015  Total:  30 of 64

CS240: lab5. jinn Fri Oct 23 16:01:43 EDT 2015  Total:  33 of 64

CS240: lab5. jinn Fri Oct 23 16:08:28 EDT 2015  Total:  33 of 64

CS240: lab5. jinn Fri Oct 23 16:09:03 EDT 2015  Total:  33 of 64

CS240: lab5. jinn Fri Oct 23 16:12:18 EDT 2015  Total:  33 of 64

CS240: lab5. jinn Fri Oct 23 16:21:13 EDT 2015  Total:  36 of 64

CS240: lab5. jinn Fri Oct 23 16:22:30 EDT 2015  Total:  36 of 64

CS240: lab5. jinn Fri Oct 23 16:22:58 EDT 2015  Total:  36 of 64

CS240: lab5. jinn Fri Oct 23 16:23:47 EDT 2015  Total:  36 of 64

CS240: lab5. jinn Fri Oct 23 16:23:51 EDT 2015  Total:  36 of 64

CS240: lab5. jinn Fri Oct 23 16:42:01 EDT 2015  Total:  36 of 64

CS240: lab5. jinn Fri Oct 23 16:59:16 EDT 2015  Total:  36 of 64

CS240: lab5. jinn Fri Oct 23 17:11:12 EDT 2015  Total:  36 of 64

CS240: lab5. jinn Fri Oct 23 17:23:05 EDT 2015  Total:  36 of 64

CS240: lab5. jinn Fri Oct 23 17:24:09 EDT 2015  Total:  36 of 64

CS240: lab5. jinn Fri Oct 23 17:58:40 EDT 2015  Total:  36 of 64

CS240: lab5. jinn Fri Oct 23 18:12:39 EDT 2015  Total:  36 of 64

CS240: lab5. jinn Fri Oct 23 18:53:18 EDT 2015  Total:  36 of 64

CS240: lab5. jinn Fri Oct 23 18:57:44 EDT 2015  Total:  36 of 64

CS240: lab5. jinn Fri Oct 23 19:00:10 EDT 2015  Total:  36 of 64

CS240: lab5. jinn Fri Oct 23 19:02:14 EDT 2015  Total:  36 of 64

CS240: lab5. jinn Fri Oct 23 19:02:47 EDT 2015  Total:  36 of 64

CS240: lab5. jinn Fri Oct 23 19:10:00 EDT 2015  Total:  36 of 64

CS240: lab5. jinn Fri Oct 23 19:54:41 EDT 2015  Total:  44 of 64

CS240: lab5. jinn Mon Oct 26 16:59:46 EDT 2015  Total:  44 of 64

CS240: lab5. jinn Mon Oct 26 17:42:26 EDT 2015  Total:  64 of 64

CS240: lab5. jinn Mon Oct 26 17:44:11 EDT 2015  Total:  64 of 64

CS240: lab5. jinn Mon Oct 26 17:49:27 EDT 2015  Total:  56 of 64

CS240: lab5. jinn Mon Oct 26 17:53:54 EDT 2015  Total:  44 of 64

CS240: lab5. jinn Mon Oct 26 17:55:08 EDT 2015  Total:  64 of 64

CS240: lab5. jinn Mon Oct 26 17:55:45 EDT 2015  Total:  48 of 64

CS240: lab5. jinn Mon Oct 26 17:56:02 EDT 2015  Total:  48 of 64

CS240: lab5. jinn Tue Oct 27 15:58:25 EDT 2015  Total:  48 of 64

CS240: lab5. jinn Tue Oct 27 16:14:22 EDT 2015  Total:  44 of 64

CS240: lab5. jinn Tue Oct 27 16:36:21 EDT 2015  Total:  44 of 64

CS240: lab5. jinn Tue Oct 27 17:03:32 EDT 2015  Total:  52 of 64

CS240: lab5. jinn Tue Oct 27 17:28:03 EDT 2015  Total:  55 of 64

CS240: lab5. jinn Tue Oct 27 23:57:58 EDT 2015  Total:  55 of 64

CS240: lab5. jinn Wed Oct 28 00:31:41 EDT 2015  Total:  55 of 64

CS240: lab5. jinn Wed Oct 28 02:30:06 EDT 2015  Total:  55 of 64

CS240: lab5. jinn Wed Oct 28 15:59:43 EDT 2015  Total:  55 of 64

CS240: lab5. jinn Wed Oct 28 16:29:15 EDT 2015  Total:  55 of 64

CS240: lab5. jinn Wed Oct 28 16:36:42 EDT 2015  Total:  64 of 64

CS240: lab5. jinn Wed Oct 28 16:39:01 EDT 2015  Total:  64 of 64

