

-------------------------------------------------
CS240: lab7. cs240   
Sun Nov 30 23:25:48 EST 2014
-------------------------------------------------
TreeDictionaryTest test1            : 0   of 6  
TreeDictionaryTest test2            : 0   of 6  
TreeDictionaryTest test3            : 0   of 6  
TreeDictionaryTest test4            : 0   of 6  
TreeDictionaryTest test5            : 0   of 6  
TreeDictionaryTest test6            : 0   of 6  
TreeDictionaryTest test7            : 0   of 6  
TreeDictionaryTest test8            : 0   of 6  
TreeDictionaryTest test9            : 0   of 6  
WordIteratorTest test1              : 0   of 8  
WordIteratorTest test2              : 0   of 8  
WordIteratorTest test3              : 0   of 8  
WordCounter hamlet-short.txt        : 0   of 8  
WordCounter hamlet-long.txt         : 0   of 8  
WordCounter cosmos.txt              : 0   of 8  
-------------------------------------------------
CS240: lab7. cs240 Sun Nov 30 23:25:48 EST 2014  Total:  0 of 102



-------------------------------------------------
CS240: lab7. cs240   
Sun Nov 30 23:26:13 EST 2014
-------------------------------------------------
TreeDictionaryTest test1            : 6   of 6  
TreeDictionaryTest test2            : 6   of 6  
TreeDictionaryTest test3            : 6   of 6  
TreeDictionaryTest test4            : 6   of 6  
TreeDictionaryTest test5            : 6   of 6  
TreeDictionaryTest test6            : 6   of 6  
TreeDictionaryTest test7            : 6   of 6  
TreeDictionaryTest test8            : 6   of 6  
TreeDictionaryTest test9            : 6   of 6  
WordIteratorTest test1              : 8   of 8  
WordIteratorTest test2              : 8   of 8  
WordIteratorTest test3              : 8   of 8  
WordCounter hamlet-short.txt        : 8   of 8  
WordCounter hamlet-long.txt         : 8   of 8  
WordCounter cosmos.txt              : 8   of 8  
-------------------------------------------------
CS240: lab7. cs240 Sun Nov 30 23:26:13 EST 2014  Total:  102 of 102



-------------------------------------------------
CS240: lab7. cs240   
Sun Nov 30 23:26:43 EST 2014
-------------------------------------------------
TreeDictionaryTest test1            : 6   of 6  
TreeDictionaryTest test2            : 6   of 6  
TreeDictionaryTest test3            : 6   of 6  
TreeDictionaryTest test4            : 6   of 6  
TreeDictionaryTest test5            : 6   of 6  
TreeDictionaryTest test6            : 6   of 6  
TreeDictionaryTest test7            : 6   of 6  
TreeDictionaryTest test8            : 6   of 6  
TreeDictionaryTest test9            : 6   of 6  
WordIteratorTest test1              : 8   of 8  
WordIteratorTest test2              : 6   of 6  
WordIteratorTest test3              : 8   of 8  
WordCounter hamlet-short.txt        : 8   of 8  
WordCounter hamlet-long.txt         : 8   of 8  
WordCounter cosmos.txt              : 8   of 8  
-------------------------------------------------
CS240: lab7. cs240 Sun Nov 30 23:26:43 EST 2014  Total:  100 of 100



-------------------------------------------------
CS240: lab7. cs240   
Sun Nov 30 23:26:52 EST 2014
-------------------------------------------------
TreeDictionaryTest test1            : 6   of 6  
TreeDictionaryTest test2            : 6   of 6  
TreeDictionaryTest test3            : 6   of 6  
TreeDictionaryTest test4            : 6   of 6  
TreeDictionaryTest test5            : 6   of 6  
TreeDictionaryTest test6            : 6   of 6  
TreeDictionaryTest test7            : 6   of 6  
TreeDictionaryTest test8            : 6   of 6  
TreeDictionaryTest test9            : 6   of 6  
WordIteratorTest test1              : 8   of 8  
WordIteratorTest test2              : 6   of 6  
WordIteratorTest test3              : 8   of 8  
WordCounter hamlet-short.txt        : 8   of 8  
WordCounter hamlet-long.txt         : 8   of 8  
WordCounter cosmos.txt              : 8   of 8  
-------------------------------------------------
CS240: lab7. cs240 Sun Nov 30 23:26:52 EST 2014  Total:  100 of 100



-------------------------------------------------
CS240: lab7. cs240   
Sun Nov 30 23:27:03 EST 2014
-------------------------------------------------
TreeDictionaryTest test1            : 6   of 6  
TreeDictionaryTest test2            : 6   of 6  
TreeDictionaryTest test3            : 6   of 6  
TreeDictionaryTest test4            : 6   of 6  
TreeDictionaryTest test5            : 6   of 6  
TreeDictionaryTest test6            : 6   of 6  
TreeDictionaryTest test7            : 6   of 6  
TreeDictionaryTest test8            : 6   of 6  
TreeDictionaryTest test9            : 6   of 6  
WordIteratorTest test1              : 8   of 8  
WordIteratorTest test2              : 6   of 6  
WordIteratorTest test3              : 8   of 8  
WordCounter hamlet-short.txt        : 8   of 8  
WordCounter hamlet-long.txt         : 8   of 8  
WordCounter cosmos.txt              : 8   of 8  
-------------------------------------------------
CS240: lab7. cs240 Sun Nov 30 23:27:03 EST 2014  Total:  100 of 100



-------------------------------------------------
CS240: lab7. cs240   
Sun Nov 30 23:41:23 EST 2014
-------------------------------------------------
TreeDictionaryTest test1            : 0   of 6  
TreeDictionaryTest test2            : 0   of 6  
TreeDictionaryTest test3            : 0   of 6  
TreeDictionaryTest test4            : 0   of 6  
TreeDictionaryTest test5            : 0   of 6  
TreeDictionaryTest test6            : 0   of 6  
TreeDictionaryTest test7            : 0   of 6  
TreeDictionaryTest test8            : 0   of 6  
TreeDictionaryTest test9            : 0   of 6  
WordIteratorTest test1              : 0   of 8  
WordIteratorTest test2              : 0   of 6  
WordIteratorTest test3              : 0   of 8  
WordCounter hamlet-short.txt        : 0   of 8  
WordCounter hamlet-long.txt         : 0   of 8  
WordCounter cosmos.txt              : 0   of 8  
-------------------------------------------------
CS240: lab7. cs240 Sun Nov 30 23:41:23 EST 2014  Total:  0 of 100



-------------------------------------------------
CS240: lab7. cs240   
Sun Nov 30 23:43:40 EST 2014
-------------------------------------------------
TreeDictionaryTest test1            : 0   of 6  
TreeDictionaryTest test2            : 0   of 6  
TreeDictionaryTest test3            : 0   of 6  
TreeDictionaryTest test4            : 0   of 6  
TreeDictionaryTest test5            : 0   of 6  
TreeDictionaryTest test6            : 0   of 6  
TreeDictionaryTest test7            : 0   of 6  
TreeDictionaryTest test8            : 0   of 6  
TreeDictionaryTest test9            : 0   of 6  
WordIteratorTest test1              : 0   of 8  
WordIteratorTest test2              : 0   of 6  
WordIteratorTest test3              : 0   of 8  
WordCounter hamlet-short.txt        : 0   of 8  
WordCounter hamlet-long.txt         : 0   of 8  
WordCounter cosmos.txt              : 0   of 8  
-------------------------------------------------
CS240: lab7. cs240 Sun Nov 30 23:43:40 EST 2014  Total:  0 of 100



-------------------------------------------------
CS240: lab7. cs240   
Mon Dec  1 18:25:57 EST 2014
-------------------------------------------------
TreeDictionaryTest test1            : 0   of 6  
TreeDictionaryTest test2            : 0   of 6  
TreeDictionaryTest test3            : 0   of 6  
TreeDictionaryTest test4            : 0   of 6  
TreeDictionaryTest test5            : 0   of 6  
TreeDictionaryTest test6            : 0   of 6  
TreeDictionaryTest test7            : 0   of 6  
TreeDictionaryTest test8            : 0   of 6  
TreeDictionaryTest test9            : 0   of 6  
WordIteratorTest test1              : 0   of 8  
WordIteratorTest test2              : 0   of 6  
WordIteratorTest test3              : 0   of 8  
WordCounter hamlet-short.txt        : 0   of 8  
WordCounter hamlet-long.txt         : 0   of 8  
WordCounter cosmos.txt              : 0   of 8  
-------------------------------------------------
CS240: lab7. cs240 Mon Dec 1 18:25:57 EST 2014  Total:  0 of 100



-------------------------------------------------
CS240: lab7. jinn   
Thu Dec  4 10:13:47 EST 2014
-------------------------------------------------
TreeDictionaryTest test1            : 0   of 6  
TreeDictionaryTest test2            : 0   of 6  
TreeDictionaryTest test3            : 0   of 6  
TreeDictionaryTest test4            : 0   of 6  
TreeDictionaryTest test5            : 0   of 6  
TreeDictionaryTest test6            : 0   of 6  
TreeDictionaryTest test7            : 0   of 6  
TreeDictionaryTest test8            : 0   of 6  
TreeDictionaryTest test9            : 0   of 6  
WordIteratorTest test1              : 0   of 8  
WordIteratorTest test2              : 0   of 6  
WordIteratorTest test3              : 0   of 8  
WordCounter hamlet-short.txt        : 0   of 8  
WordCounter hamlet-long.txt         : 0   of 8  
WordCounter cosmos.txt              : 0   of 8  
-------------------------------------------------
CS240: lab7. jinn Thu Dec 4 10:13:47 EST 2014  Total:  0 of 100



-------------------------------------------------
CS240: lab7. jinn   
Thu Dec  4 10:38:16 EST 2014
-------------------------------------------------
TreeDictionaryTest test1            : 0   of 6  
TreeDictionaryTest test2            : 0   of 6  
TreeDictionaryTest test3            : 0   of 6  
TreeDictionaryTest test4            : 0   of 6  
TreeDictionaryTest test5            : 0   of 6  
TreeDictionaryTest test6            : 0   of 6  
TreeDictionaryTest test7            : 0   of 6  
TreeDictionaryTest test8            : 0   of 6  
TreeDictionaryTest test9            : 0   of 6  
WordIteratorTest test1              : 0   of 8  
WordIteratorTest test2              : 0   of 6  
WordIteratorTest test3              : 0   of 8  
WordCounter hamlet-short.txt        : 0   of 8  
WordCounter hamlet-long.txt         : 0   of 8  
WordCounter cosmos.txt              : 0   of 8  
-------------------------------------------------
CS240: lab7. jinn Thu Dec 4 10:38:16 EST 2014  Total:  0 of 100



-------------------------------------------------
CS240: lab7. jinn   
Thu Dec  4 10:51:30 EST 2014
-------------------------------------------------
TreeDictionaryTest test1            : 0   of 6  
TreeDictionaryTest test2            : 0   of 6  
TreeDictionaryTest test3            : 0   of 6  
TreeDictionaryTest test4            : 0   of 6  
TreeDictionaryTest test5            : 0   of 6  
TreeDictionaryTest test6            : 0   of 6  
TreeDictionaryTest test7            : 0   of 6  
TreeDictionaryTest test8            : 0   of 6  
TreeDictionaryTest test9            : 0   of 6  
WordIteratorTest test1              : 0   of 8  
WordIteratorTest test2              : 0   of 6  
WordIteratorTest test3              : 0   of 8  
WordCounter hamlet-short.txt        : 0   of 8  
WordCounter hamlet-long.txt         : 0   of 8  
WordCounter cosmos.txt              : 0   of 8  
-------------------------------------------------
CS240: lab7. jinn Thu Dec 4 10:51:30 EST 2014  Total:  0 of 100



-------------------------------------------------
CS240: lab7. jinn   
Thu Dec  4 11:10:53 EST 2014
-------------------------------------------------
TreeDictionaryTest test1            : 0   of 6  
TreeDictionaryTest test2            : 0   of 6  
TreeDictionaryTest test3            : 0   of 6  
TreeDictionaryTest test4            : 0   of 6  
TreeDictionaryTest test5            : 0   of 6  
TreeDictionaryTest test6            : 0   of 6  
TreeDictionaryTest test7            : 0   of 6  
TreeDictionaryTest test8            : 0   of 6  
TreeDictionaryTest test9            : 0   of 6  
WordIteratorTest test1              : 0   of 8  
WordIteratorTest test2              : 0   of 6  
WordIteratorTest test3              : 0   of 8  
WordCounter hamlet-short.txt        : 0   of 8  
WordCounter hamlet-long.txt         : 0   of 8  
WordCounter cosmos.txt              : 0   of 8  
-------------------------------------------------
CS240: lab7. jinn Thu Dec 4 11:10:53 EST 2014  Total:  0 of 100



-------------------------------------------------
CS240: lab7. jinn   
Sun Dec  7 20:24:15 EST 2014
-------------------------------------------------
TreeDictionaryTest test1            : 0   of 6  
TreeDictionaryTest test2            : 0   of 6  
TreeDictionaryTest test3            : 0   of 6  
TreeDictionaryTest test4            : 0   of 6  
TreeDictionaryTest test5            : 0   of 6  
TreeDictionaryTest test6            : 0   of 6  
TreeDictionaryTest test7            : 0   of 6  
TreeDictionaryTest test8            : 0   of 6  
TreeDictionaryTest test9            : 0   of 6  
WordIteratorTest test1              : 0   of 8  
WordIteratorTest test2              : 0   of 6  
WordIteratorTest test3              : 0   of 8  
WordCounter hamlet-short.txt        : 0   of 8  
WordCounter hamlet-long.txt         : 0   of 8  
WordCounter cosmos.txt              : 0   of 8  
-------------------------------------------------
CS240: lab7. jinn Sun Dec 7 20:24:15 EST 2014  Total:  0 of 100



-------------------------------------------------
CS240: lab7. jinn   
Sun Dec  7 21:02:04 EST 2014
-------------------------------------------------
TreeDictionaryTest test1            : 0   of 6  
TreeDictionaryTest test2            : 0   of 6  
TreeDictionaryTest test3            : 0   of 6  
TreeDictionaryTest test4            : 0   of 6  
TreeDictionaryTest test5            : 0   of 6  
TreeDictionaryTest test6            : 0   of 6  
TreeDictionaryTest test7            : 0   of 6  
TreeDictionaryTest test8            : 0   of 6  
TreeDictionaryTest test9            : 0   of 6  
WordIteratorTest test1              : 0   of 8  
WordIteratorTest test2              : 0   of 6  
WordIteratorTest test3              : 0   of 8  
WordCounter hamlet-short.txt        : 0   of 8  
WordCounter hamlet-long.txt         : 0   of 8  
WordCounter cosmos.txt              : 0   of 8  
-------------------------------------------------
CS240: lab7. jinn Sun Dec 7 21:02:04 EST 2014  Total:  0 of 100



-------------------------------------------------
CS240: lab7. jinn   
Sun Dec  7 21:29:10 EST 2014
-------------------------------------------------
TreeDictionaryTest test1            : 0   of 6  
TreeDictionaryTest test2            : 0   of 6  
TreeDictionaryTest test3            : 0   of 6  
TreeDictionaryTest test4            : 0   of 6  
TreeDictionaryTest test5            : 0   of 6  
TreeDictionaryTest test6            : 0   of 6  
TreeDictionaryTest test7            : 0   of 6  
TreeDictionaryTest test8            : 0   of 6  
TreeDictionaryTest test9            : 0   of 6  
WordIteratorTest test1              : 0   of 8  
WordIteratorTest test2              : 0   of 6  
WordIteratorTest test3              : 0   of 8  
WordCounter hamlet-short.txt        : 0   of 8  
WordCounter hamlet-long.txt         : 0   of 8  
WordCounter cosmos.txt              : 0   of 8  
-------------------------------------------------
CS240: lab7. jinn Sun Dec 7 21:29:10 EST 2014  Total:  0 of 100



-------------------------------------------------
CS240: lab7. jinn   
Sun Dec  7 21:33:48 EST 2014
-------------------------------------------------
TreeDictionaryTest test1            : 0   of 6  
TreeDictionaryTest test2            : 0   of 6  
TreeDictionaryTest test3            : 0   of 6  
TreeDictionaryTest test4            : 0   of 6  
TreeDictionaryTest test5            : 0   of 6  
TreeDictionaryTest test6            : 0   of 6  
TreeDictionaryTest test7            : 0   of 6  
TreeDictionaryTest test8            : 0   of 6  
TreeDictionaryTest test9            : 0   of 6  
WordIteratorTest test1              : 0   of 8  
WordIteratorTest test2              : 0   of 6  
WordIteratorTest test3              : 0   of 8  
WordCounter hamlet-short.txt        : 0   of 8  
WordCounter hamlet-long.txt         : 0   of 8  
WordCounter cosmos.txt              : 0   of 8  
-------------------------------------------------
CS240: lab7. jinn Sun Dec 7 21:33:48 EST 2014  Total:  0 of 100



-------------------------------------------------
CS240: lab7. jinn   
Sun Dec  7 21:42:17 EST 2014
-------------------------------------------------
TreeDictionaryTest test1            : 0   of 6  
TreeDictionaryTest test2            : 0   of 6  
TreeDictionaryTest test3            : 0   of 6  
TreeDictionaryTest test4            : 0   of 6  
TreeDictionaryTest test5            : 0   of 6  
TreeDictionaryTest test6            : 0   of 6  
TreeDictionaryTest test7            : 0   of 6  
TreeDictionaryTest test8            : 0   of 6  
TreeDictionaryTest test9            : 0   of 6  
WordIteratorTest test1              : 0   of 8  
WordIteratorTest test2              : 0   of 6  
WordIteratorTest test3              : 0   of 8  
WordCounter hamlet-short.txt        : 0   of 8  
WordCounter hamlet-long.txt         : 0   of 8  
WordCounter cosmos.txt              : 0   of 8  
-------------------------------------------------
CS240: lab7. jinn Sun Dec 7 21:42:17 EST 2014  Total:  0 of 100



-------------------------------------------------
CS240: lab7. jinn   
Sun Dec  7 21:51:14 EST 2014
-------------------------------------------------
TreeDictionaryTest test1            : 0   of 6  
TreeDictionaryTest test2            : 0   of 6  
TreeDictionaryTest test3            : 0   of 6  
TreeDictionaryTest test4            : 0   of 6  
TreeDictionaryTest test5            : 0   of 6  
TreeDictionaryTest test6            : 0   of 6  
TreeDictionaryTest test7            : 0   of 6  
TreeDictionaryTest test8            : 0   of 6  
TreeDictionaryTest test9            : 0   of 6  
WordIteratorTest test1              : 0   of 8  
WordIteratorTest test2              : 0   of 6  
WordIteratorTest test3              : 0   of 8  
WordCounter hamlet-short.txt        : 0   of 8  
WordCounter hamlet-long.txt         : 0   of 8  
WordCounter cosmos.txt              : 0   of 8  
-------------------------------------------------
CS240: lab7. jinn Sun Dec 7 21:51:14 EST 2014  Total:  0 of 100



-------------------------------------------------
CS240: lab7. jinn   
Sun Dec  7 22:30:38 EST 2014
-------------------------------------------------
TreeDictionaryTest test1            : 6   of 6  
TreeDictionaryTest test2            : 0   of 6  
TreeDictionaryTest test3            : 0   of 6  
TreeDictionaryTest test4            : 0   of 6  
TreeDictionaryTest test5            : 0   of 6  
TreeDictionaryTest test6            : 0   of 6  
TreeDictionaryTest test7            : 0   of 6  
TreeDictionaryTest test8            : 0   of 6  
TreeDictionaryTest test9            : 0   of 6  
WordIteratorTest test1              : 0   of 8  
WordIteratorTest test2              : 0   of 6  
WordIteratorTest test3              : 0   of 8  
WordCounter hamlet-short.txt        : 0   of 8  
WordCounter hamlet-long.txt         : 0   of 8  
WordCounter cosmos.txt              : 0   of 8  
-------------------------------------------------
CS240: lab7. jinn Sun Dec 7 22:30:38 EST 2014  Total:  6 of 100



-------------------------------------------------
CS240: lab7. jinn   
Sun Dec  7 22:48:45 EST 2014
-------------------------------------------------
TreeDictionaryTest test1            : 6   of 6  
TreeDictionaryTest test2            : 6   of 6  
TreeDictionaryTest test3            : 0   of 6  
TreeDictionaryTest test4            : 0   of 6  
TreeDictionaryTest test5            : 0   of 6  
TreeDictionaryTest test6            : 0   of 6  
TreeDictionaryTest test7            : 0   of 6  
TreeDictionaryTest test8            : 0   of 6  
TreeDictionaryTest test9            : 0   of 6  
WordIteratorTest test1              : 0   of 8  
WordIteratorTest test2              : 0   of 6  
WordIteratorTest test3              : 0   of 8  
WordCounter hamlet-short.txt        : 0   of 8  
WordCounter hamlet-long.txt         : 0   of 8  
WordCounter cosmos.txt              : 0   of 8  
-------------------------------------------------
CS240: lab7. jinn Sun Dec 7 22:48:45 EST 2014  Total:  12 of 100



-------------------------------------------------
CS240: lab7. jinn   
Sun Dec  7 23:46:28 EST 2014
-------------------------------------------------
TreeDictionaryTest test1            : 6   of 6  
TreeDictionaryTest test2            : 6   of 6  
TreeDictionaryTest test3            : 0   of 6  
TreeDictionaryTest test4            : 6   of 6  
TreeDictionaryTest test5            : 0   of 6  
TreeDictionaryTest test6            : 0   of 6  
TreeDictionaryTest test7            : 0   of 6  
TreeDictionaryTest test8            : 0   of 6  
TreeDictionaryTest test9            : 0   of 6  
WordIteratorTest test1              : 0   of 8  
WordIteratorTest test2              : 0   of 6  
WordIteratorTest test3              : 0   of 8  
WordCounter hamlet-short.txt        : 0   of 8  
WordCounter hamlet-long.txt         : 0   of 8  
WordCounter cosmos.txt              : 0   of 8  
-------------------------------------------------
CS240: lab7. jinn Sun Dec 7 23:46:28 EST 2014  Total:  18 of 100



-------------------------------------------------
CS240: lab7. jinn   
Sun Dec  7 23:50:08 EST 2014
-------------------------------------------------
TreeDictionaryTest test1            : 6   of 6  
TreeDictionaryTest test2            : 6   of 6  
TreeDictionaryTest test3            : 6   of 6  
TreeDictionaryTest test4            : 6   of 6  
TreeDictionaryTest test5            : 0   of 6  
TreeDictionaryTest test6            : 0   of 6  
TreeDictionaryTest test7            : 0   of 6  
TreeDictionaryTest test8            : 0   of 6  
TreeDictionaryTest test9            : 0   of 6  
WordIteratorTest test1              : 0   of 8  
WordIteratorTest test2              : 0   of 6  
WordIteratorTest test3              : 0   of 8  
WordCounter hamlet-short.txt        : 0   of 8  
WordCounter hamlet-long.txt         : 0   of 8  
WordCounter cosmos.txt              : 0   of 8  
-------------------------------------------------
CS240: lab7. jinn Sun Dec 7 23:50:08 EST 2014  Total:  24 of 100



-------------------------------------------------
CS240: lab7. jinn   
Mon Dec  8 10:51:33 EST 2014
-------------------------------------------------
TreeDictionaryTest test1            : 6   of 6  
TreeDictionaryTest test2            : 6   of 6  
TreeDictionaryTest test3            : 6   of 6  
TreeDictionaryTest test4            : 6   of 6  
TreeDictionaryTest test5            : 0   of 6  
TreeDictionaryTest test6            : 0   of 6  
TreeDictionaryTest test7            : 0   of 6  
TreeDictionaryTest test8            : 0   of 6  
TreeDictionaryTest test9            : 0   of 6  
WordIteratorTest test1              : 0   of 8  
WordIteratorTest test2              : 0   of 6  
WordIteratorTest test3              : 0   of 8  
WordCounter hamlet-short.txt        : 0   of 8  
WordCounter hamlet-long.txt         : 0   of 8  
WordCounter cosmos.txt              : 0   of 8  
-------------------------------------------------
CS240: lab7. jinn Mon Dec 8 10:51:33 EST 2014  Total:  24 of 100



-------------------------------------------------
CS240: lab7. jinn   
Mon Dec  8 11:14:52 EST 2014
-------------------------------------------------
TreeDictionaryTest test1            : 6   of 6  
TreeDictionaryTest test2            : 6   of 6  
TreeDictionaryTest test3            : 6   of 6  
TreeDictionaryTest test4            : 6   of 6  
TreeDictionaryTest test5            : 6   of 6  
TreeDictionaryTest test6            : 0   of 6  
TreeDictionaryTest test7            : 0   of 6  
TreeDictionaryTest test8            : 0   of 6  
TreeDictionaryTest test9            : 0   of 6  
WordIteratorTest test1              : 0   of 8  
WordIteratorTest test2              : 0   of 6  
WordIteratorTest test3              : 0   of 8  
WordCounter hamlet-short.txt        : 0   of 8  
WordCounter hamlet-long.txt         : 0   of 8  
WordCounter cosmos.txt              : 0   of 8  
-------------------------------------------------
CS240: lab7. jinn Mon Dec 8 11:14:52 EST 2014  Total:  30 of 100



-------------------------------------------------
CS240: lab7. jinn   
Mon Dec  8 15:47:03 EST 2014
-------------------------------------------------
TreeDictionaryTest test1            : 6   of 6  
TreeDictionaryTest test2            : 6   of 6  
TreeDictionaryTest test3            : 6   of 6  
TreeDictionaryTest test4            : 6   of 6  
TreeDictionaryTest test5            : 6   of 6  
TreeDictionaryTest test6            : 0   of 6  
TreeDictionaryTest test7            : 0   of 6  
TreeDictionaryTest test8            : 0   of 6  
TreeDictionaryTest test9            : 0   of 6  
WordIteratorTest test1              : 0   of 8  
WordIteratorTest test2              : 0   of 6  
WordIteratorTest test3              : 0   of 8  
WordCounter hamlet-short.txt        : 0   of 8  
WordCounter hamlet-long.txt         : 0   of 8  
WordCounter cosmos.txt              : 0   of 8  
-------------------------------------------------
CS240: lab7. jinn Mon Dec 8 15:47:03 EST 2014  Total:  30 of 100



-------------------------------------------------
CS240: lab7. jinn   
Mon Dec  8 15:49:59 EST 2014
-------------------------------------------------
TreeDictionaryTest test1            : 6   of 6  
TreeDictionaryTest test2            : 6   of 6  
TreeDictionaryTest test3            : 6   of 6  
TreeDictionaryTest test4            : 6   of 6  
TreeDictionaryTest test5            : 6   of 6  
TreeDictionaryTest test6            : 6   of 6  
TreeDictionaryTest test7            : 0   of 6  
TreeDictionaryTest test8            : 0   of 6  
TreeDictionaryTest test9            : 0   of 6  
WordIteratorTest test1              : 0   of 8  
WordIteratorTest test2              : 0   of 6  
WordIteratorTest test3              : 0   of 8  
WordCounter hamlet-short.txt        : 0   of 8  
WordCounter hamlet-long.txt         : 0   of 8  
WordCounter cosmos.txt              : 0   of 8  
-------------------------------------------------
CS240: lab7. jinn Mon Dec 8 15:49:59 EST 2014  Total:  36 of 100



-------------------------------------------------
CS240: lab7. jinn   
Mon Dec  8 16:27:45 EST 2014
-------------------------------------------------
TreeDictionaryTest test1            : 6   of 6  
TreeDictionaryTest test2            : 6   of 6  
TreeDictionaryTest test3            : 6   of 6  
TreeDictionaryTest test4            : 6   of 6  
TreeDictionaryTest test5            : 6   of 6  
TreeDictionaryTest test6            : 6   of 6  
TreeDictionaryTest test7            : 6   of 6  
TreeDictionaryTest test8            : 0   of 6  
TreeDictionaryTest test9            : 0   of 6  
WordIteratorTest test1              : 0   of 8  
WordIteratorTest test2              : 0   of 6  
WordIteratorTest test3              : 0   of 8  
WordCounter hamlet-short.txt        : 0   of 8  
WordCounter hamlet-long.txt         : 0   of 8  
WordCounter cosmos.txt              : 0   of 8  
-------------------------------------------------
CS240: lab7. jinn Mon Dec 8 16:27:45 EST 2014  Total:  42 of 100



-------------------------------------------------
CS240: lab7. jinn   
Mon Dec  8 16:53:19 EST 2014
-------------------------------------------------
TreeDictionaryTest test1            : 6   of 6  
TreeDictionaryTest test2            : 6   of 6  
TreeDictionaryTest test3            : 6   of 6  
TreeDictionaryTest test4            : 6   of 6  
TreeDictionaryTest test5            : 6   of 6  
TreeDictionaryTest test6            : 6   of 6  
TreeDictionaryTest test7            : 6   of 6  
TreeDictionaryTest test8            : 6   of 6  
TreeDictionaryTest test9            : 0   of 6  
WordIteratorTest test1              : 0   of 8  
WordIteratorTest test2              : 0   of 6  
WordIteratorTest test3              : 0   of 8  
WordCounter hamlet-short.txt        : 0   of 8  
WordCounter hamlet-long.txt         : 0   of 8  
WordCounter cosmos.txt              : 0   of 8  
-------------------------------------------------
CS240: lab7. jinn Mon Dec 8 16:53:19 EST 2014  Total:  48 of 100



-------------------------------------------------
CS240: lab7. jinn   
Mon Dec  8 20:19:08 EST 2014
-------------------------------------------------
TreeDictionaryTest test1            : 6   of 6  
TreeDictionaryTest test2            : 6   of 6  
TreeDictionaryTest test3            : 6   of 6  
TreeDictionaryTest test4            : 6   of 6  
TreeDictionaryTest test5            : 6   of 6  
TreeDictionaryTest test6            : 6   of 6  
TreeDictionaryTest test7            : 6   of 6  
TreeDictionaryTest test8            : 6   of 6  
TreeDictionaryTest test9            : 0   of 6  
WordIteratorTest test1              : 0   of 8  
WordIteratorTest test2              : 0   of 6  
WordIteratorTest test3              : 0   of 8  
WordCounter hamlet-short.txt        : 0   of 8  
WordCounter hamlet-long.txt         : 0   of 8  
WordCounter cosmos.txt              : 0   of 8  
-------------------------------------------------
CS240: lab7. jinn Mon Dec 8 20:19:08 EST 2014  Total:  48 of 100



-------------------------------------------------
CS240: lab7. jinn   
Mon Dec  8 22:56:47 EST 2014
-------------------------------------------------
TreeDictionaryTest test1            : 6   of 6  
TreeDictionaryTest test2            : 6   of 6  
TreeDictionaryTest test3            : 6   of 6  
TreeDictionaryTest test4            : 6   of 6  
TreeDictionaryTest test5            : 6   of 6  
TreeDictionaryTest test6            : 6   of 6  
TreeDictionaryTest test7            : 6   of 6  
TreeDictionaryTest test8            : 6   of 6  
TreeDictionaryTest test9            : 0   of 6  
WordIteratorTest test1              : 0   of 8  
WordIteratorTest test2              : 0   of 6  
WordIteratorTest test3              : 0   of 8  
WordCounter hamlet-short.txt        : 0   of 8  
WordCounter hamlet-long.txt         : 0   of 8  
WordCounter cosmos.txt              : 0   of 8  
-------------------------------------------------
CS240: lab7. jinn Mon Dec 8 22:56:47 EST 2014  Total:  48 of 100



-------------------------------------------------
CS240: lab7. jinn   
Mon Dec  8 23:09:52 EST 2014
-------------------------------------------------
TreeDictionaryTest test1            : 6   of 6  
TreeDictionaryTest test2            : 6   of 6  
TreeDictionaryTest test3            : 6   of 6  
TreeDictionaryTest test4            : 6   of 6  
TreeDictionaryTest test5            : 6   of 6  
TreeDictionaryTest test6            : 6   of 6  
TreeDictionaryTest test7            : 6   of 6  
TreeDictionaryTest test8            : 6   of 6  
TreeDictionaryTest test9            : 0   of 6  
WordIteratorTest test1              : 0   of 8  
WordIteratorTest test2              : 0   of 6  
WordIteratorTest test3              : 0   of 8  
WordCounter hamlet-short.txt        : 0   of 8  
WordCounter hamlet-long.txt         : 0   of 8  
WordCounter cosmos.txt              : 0   of 8  
-------------------------------------------------
CS240: lab7. jinn Mon Dec 8 23:09:52 EST 2014  Total:  48 of 100



-------------------------------------------------
CS240: lab7. jinn   
Mon Dec  8 23:19:06 EST 2014
-------------------------------------------------
TreeDictionaryTest test1            : 6   of 6  
TreeDictionaryTest test2            : 6   of 6  
TreeDictionaryTest test3            : 6   of 6  
TreeDictionaryTest test4            : 6   of 6  
TreeDictionaryTest test5            : 6   of 6  
TreeDictionaryTest test6            : 6   of 6  
TreeDictionaryTest test7            : 6   of 6  
TreeDictionaryTest test8            : 6   of 6  
TreeDictionaryTest test9            : 0   of 6  
WordIteratorTest test1              : 0   of 8  
WordIteratorTest test2              : 0   of 6  
WordIteratorTest test3              : 0   of 8  
WordCounter hamlet-short.txt        : 0   of 8  
WordCounter hamlet-long.txt         : 0   of 8  
WordCounter cosmos.txt              : 0   of 8  
-------------------------------------------------
CS240: lab7. jinn Mon Dec 8 23:19:06 EST 2014  Total:  48 of 100



-------------------------------------------------
CS240: lab7. jinn   
Tue Dec  9 13:31:07 EST 2014
-------------------------------------------------
TreeDictionaryTest test1            : 6   of 6  
TreeDictionaryTest test2            : 6   of 6  
TreeDictionaryTest test3            : 6   of 6  
TreeDictionaryTest test4            : 6   of 6  
TreeDictionaryTest test5            : 6   of 6  
TreeDictionaryTest test6            : 6   of 6  
TreeDictionaryTest test7            : 6   of 6  
TreeDictionaryTest test8            : 6   of 6  
TreeDictionaryTest test9            : 0   of 6  
WordIteratorTest test1              : 8   of 8  
WordIteratorTest test2              : 6   of 6  
WordIteratorTest test3              : 0   of 8  
WordCounter hamlet-short.txt        : 0   of 8  
WordCounter hamlet-long.txt         : 0   of 8  
WordCounter cosmos.txt              : 0   of 8  
-------------------------------------------------
CS240: lab7. jinn Tue Dec 9 13:31:07 EST 2014  Total:  62 of 100



-------------------------------------------------
CS240: lab7. jinn   
Tue Dec  9 13:46:44 EST 2014
-------------------------------------------------
TreeDictionaryTest test1            : 6   of 6  
TreeDictionaryTest test2            : 6   of 6  
TreeDictionaryTest test3            : 6   of 6  
TreeDictionaryTest test4            : 6   of 6  
TreeDictionaryTest test5            : 6   of 6  
TreeDictionaryTest test6            : 6   of 6  
TreeDictionaryTest test7            : 6   of 6  
TreeDictionaryTest test8            : 6   of 6  
TreeDictionaryTest test9            : 0   of 6  
WordIteratorTest test1              : 8   of 8  
WordIteratorTest test2              : 6   of 6  
WordIteratorTest test3              : 0   of 8  
WordCounter hamlet-short.txt        : 0   of 8  
WordCounter hamlet-long.txt         : 0   of 8  
WordCounter cosmos.txt              : 0   of 8  
-------------------------------------------------
CS240: lab7. jinn Tue Dec 9 13:46:44 EST 2014  Total:  62 of 100



-------------------------------------------------
CS240: lab7. jinn   
Tue Dec  9 14:29:24 EST 2014
-------------------------------------------------
TreeDictionaryTest test1            : 6   of 6  
TreeDictionaryTest test2            : 6   of 6  
TreeDictionaryTest test3            : 6   of 6  
TreeDictionaryTest test4            : 6   of 6  
TreeDictionaryTest test5            : 6   of 6  
TreeDictionaryTest test6            : 6   of 6  
TreeDictionaryTest test7            : 6   of 6  
TreeDictionaryTest test8            : 6   of 6  
TreeDictionaryTest test9            : 0   of 6  
WordIteratorTest test1              : 8   of 8  
WordIteratorTest test2              : 6   of 6  
WordIteratorTest test3              : 8   of 8  
WordCounter hamlet-short.txt        : 0   of 8  
WordCounter hamlet-long.txt         : 0   of 8  
WordCounter cosmos.txt              : 0   of 8  
-------------------------------------------------
CS240: lab7. jinn Tue Dec 9 14:29:24 EST 2014  Total:  70 of 100



-------------------------------------------------
CS240: lab7. jinn   
Tue Dec  9 14:32:54 EST 2014
-------------------------------------------------
TreeDictionaryTest test1            : 6   of 6  
TreeDictionaryTest test2            : 6   of 6  
TreeDictionaryTest test3            : 6   of 6  
TreeDictionaryTest test4            : 6   of 6  
TreeDictionaryTest test5            : 6   of 6  
TreeDictionaryTest test6            : 6   of 6  
TreeDictionaryTest test7            : 6   of 6  
TreeDictionaryTest test8            : 6   of 6  
TreeDictionaryTest test9            : 0   of 6  
WordIteratorTest test1              : 8   of 8  
WordIteratorTest test2              : 6   of 6  
WordIteratorTest test3              : 8   of 8  
WordCounter hamlet-short.txt        : 0   of 8  
WordCounter hamlet-long.txt         : 0   of 8  
WordCounter cosmos.txt              : 0   of 8  
-------------------------------------------------
CS240: lab7. jinn Tue Dec 9 14:32:54 EST 2014  Total:  70 of 100



-------------------------------------------------
CS240: lab7. jinn   
Mon Feb  9 03:54:27 EST 2015
-------------------------------------------------
TreeDictionaryTest test1            : 6   of 6  
TreeDictionaryTest test2            : 6   of 6  
TreeDictionaryTest test3            : 6   of 6  
TreeDictionaryTest test4            : 6   of 6  
TreeDictionaryTest test5            : 6   of 6  
TreeDictionaryTest test6            : 6   of 6  
TreeDictionaryTest test7            : 6   of 6  
TreeDictionaryTest test8            : 6   of 6  
TreeDictionaryTest test9            : 0   of 6  
WordIteratorTest test1              : 8   of 8  
WordIteratorTest test2              : 6   of 6  
WordIteratorTest test3              : 8   of 8  
WordCounter hamlet-short.txt        : 0   of 8  
WordCounter hamlet-long.txt         : 0   of 8  
WordCounter cosmos.txt              : 0   of 8  
-------------------------------------------------
CS240: lab7. jinn Mon Feb 9 03:54:27 EST 2015  Total:  70 of 100

