

-------------------------------------------------
CS240: lab7. jinn   
Mon Feb  9 03:54:27 EST 2015
-------------------------------------------------
TreeDictionaryTest test1            : 6   of 6  
TreeDictionaryTest test2            : 6   of 6  
TreeDictionaryTest test3            : 6   of 6  
TreeDictionaryTest test4            : 6   of 6  
TreeDictionaryTest test5            : 6   of 6  
TreeDictionaryTest test6            : 6   of 6  
TreeDictionaryTest test7            : 6   of 6  
TreeDictionaryTest test8            : 6   of 6  
TreeDictionaryTest test9            : 0   of 6  
WordIteratorTest test1              : 8   of 8  
WordIteratorTest test2              : 6   of 6  
WordIteratorTest test3              : 8   of 8  
WordCounter hamlet-short.txt        : 0   of 8  
WordCounter hamlet-long.txt         : 0   of 8  
WordCounter cosmos.txt              : 0   of 8  
-------------------------------------------------
CS240: lab7. jinn Mon Feb 9 03:54:27 EST 2015  Total:  70 of 100

