[master (root-commit) e831346] 9 of 72
 Committer: CS24000 Account <cs240@data.cs.purdue.edu>
Your name and email address were configured automatically based
on your username and hostname. Please check that they are accurate.
You can suppress this message by setting them explicitly:

    git config --global user.name "Your Name"
    git config --global user.email you@example.com

After doing this, you may fix the identity used for this commit with:

    git commit --amend --reset-author

 42 files changed, 1515 insertions(+)
 create mode 100644 .local.git.out
 create mode 100644 .local.total.out
 create mode 100644 LinkedList.c
 create mode 100644 LinkedList.h
 create mode 100644 Makefile
 create mode 100644 array.c
 create mode 100644 array.h
 create mode 100755 check-array.sh
 create mode 100755 check-strfunc.sh
 create mode 100644 cosmos.txt
 create mode 100644 diff.out
 create mode 100644 hamlet-long.txt
 create mode 100644 hamlet-short.txt
 create mode 100644 hamlet.txt
 create mode 100644 mystring.c
 create mode 100644 mystring.h
 create mode 100644 mystring.o
 create mode 100644 mytable.ll
 create mode 100644 none
 create mode 100755 ptr-simple
 create mode 100644 ptr-simple.c
 create mode 100755 simple_list
 create mode 100644 simple_list.c
 create mode 100644 table1.ll
 create mode 100755 test_array
 create mode 100644 test_array.c
 create mode 100755 test_array.org
 create mode 100644 test_array.org.out
 create mode 100644 test_array.out
 create mode 100755 test_linked_list
 create mode 100644 test_linked_list.c
 create mode 100755 test_linked_list.org
 create mode 100644 test_linked_list.org.out
 create mode 100644 test_linked_list.out
 create mode 100755 test_mystring
 create mode 100644 test_mystring.c
 create mode 100755 test_mystring.org
 create mode 100644 test_mystring.org.out
 create mode 100644 test_mystring.out
 create mode 100755 testall
 create mode 100644 total.out
 create mode 100644 total.txt
[master 25732b0] 12 of 72
 Committer: Nanxin Jin <jinn@moore14.cs.purdue.edu>
Your name and email address were configured automatically based
on your username and hostname. Please check that they are accurate.
You can suppress this message by setting them explicitly:

    git config --global user.name "Your Name"
    git config --global user.email you@example.com

After doing this, you may fix the identity used for this commit with:

    git commit --amend --reset-author

 12 files changed, 77 insertions(+), 5 deletions(-)
 rewrite mystring.o (89%)
[master 6af75c1] 15 of 72
 Committer: Nanxin Jin <jinn@moore14.cs.purdue.edu>
Your name and email address were configured automatically based
on your username and hostname. Please check that they are accurate.
You can suppress this message by setting them explicitly:

    git config --global user.name "Your Name"
    git config --global user.email you@example.com

After doing this, you may fix the identity used for this commit with:

    git commit --amend --reset-author

 8 files changed, 23 insertions(+), 5 deletions(-)
 rewrite mystring.o (90%)
[master 432e96a] 18 of 72
 Committer: Nanxin Jin <jinn@moore14.cs.purdue.edu>
Your name and email address were configured automatically based
on your username and hostname. Please check that they are accurate.
You can suppress this message by setting them explicitly:

    git config --global user.name "Your Name"
    git config --global user.email you@example.com

After doing this, you may fix the identity used for this commit with:

    git commit --amend --reset-author

 8 files changed, 32 insertions(+), 4 deletions(-)
 rewrite mystring.o (74%)
[master 39674dd] 21 of 72
 Committer: Nanxin Jin <jinn@moore14.cs.purdue.edu>
Your name and email address were configured automatically based
on your username and hostname. Please check that they are accurate.
You can suppress this message by setting them explicitly:

    git config --global user.name "Your Name"
    git config --global user.email you@example.com

After doing this, you may fix the identity used for this commit with:

    git commit --amend --reset-author

 8 files changed, 23 insertions(+), 4 deletions(-)
 rewrite mystring.o (81%)
 rewrite test_mystring (70%)
[master 0b66849] 24 of 72
 Committer: Nanxin Jin <jinn@moore14.cs.purdue.edu>
Your name and email address were configured automatically based
on your username and hostname. Please check that they are accurate.
You can suppress this message by setting them explicitly:

    git config --global user.name "Your Name"
    git config --global user.email you@example.com

After doing this, you may fix the identity used for this commit with:

    git commit --amend --reset-author

 8 files changed, 27 insertions(+), 4 deletions(-)
 rewrite mystring.o (66%)
[master c6e1ca5] 27 of 72
 Committer: Nanxin Jin <jinn@moore14.cs.purdue.edu>
Your name and email address were configured automatically based
on your username and hostname. Please check that they are accurate.
You can suppress this message by setting them explicitly:

    git config --global user.name "Your Name"
    git config --global user.email you@example.com

After doing this, you may fix the identity used for this commit with:

    git commit --amend --reset-author

 7 files changed, 35 insertions(+), 3 deletions(-)
 rewrite mystring.o (78%)
[master 8ab2fa9] 27 of 72
 Committer: Nanxin Jin <jinn@moore14.cs.purdue.edu>
Your name and email address were configured automatically based
on your username and hostname. Please check that they are accurate.
You can suppress this message by setting them explicitly:

    git config --global user.name "Your Name"
    git config --global user.email you@example.com

After doing this, you may fix the identity used for this commit with:

    git commit --amend --reset-author

 6 files changed, 35 insertions(+), 2 deletions(-)
[master ca43781] 30 of 72
 Committer: Nanxin Jin <jinn@moore14.cs.purdue.edu>
Your name and email address were configured automatically based
on your username and hostname. Please check that they are accurate.
You can suppress this message by setting them explicitly:

    git config --global user.name "Your Name"
    git config --global user.email you@example.com

After doing this, you may fix the identity used for this commit with:

    git commit --amend --reset-author

 7 files changed, 20 insertions(+), 4 deletions(-)
[master ff4e0fb] 27 of 72
 Committer: Nanxin Jin <jinn@moore14.cs.purdue.edu>
Your name and email address were configured automatically based
on your username and hostname. Please check that they are accurate.
You can suppress this message by setting them explicitly:

    git config --global user.name "Your Name"
    git config --global user.email you@example.com

After doing this, you may fix the identity used for this commit with:

    git commit --amend --reset-author

 7 files changed, 20 insertions(+), 4 deletions(-)
[master 3d6429f] 30 of 72
 Committer: Nanxin Jin <jinn@moore14.cs.purdue.edu>
Your name and email address were configured automatically based
on your username and hostname. Please check that they are accurate.
You can suppress this message by setting them explicitly:

    git config --global user.name "Your Name"
    git config --global user.email you@example.com

After doing this, you may fix the identity used for this commit with:

    git commit --amend --reset-author

 7 files changed, 20 insertions(+), 4 deletions(-)
[master d9c9a1f] 33 of 72
 Committer: Nanxin Jin <jinn@moore15.cs.purdue.edu>
Your name and email address were configured automatically based
on your username and hostname. Please check that they are accurate.
You can suppress this message by setting them explicitly:

    git config --global user.name "Your Name"
    git config --global user.email you@example.com

After doing this, you may fix the identity used for this commit with:

    git commit --amend --reset-author

 6 files changed, 27 insertions(+), 3 deletions(-)
 rewrite test_array (75%)
[master 9378c92] 33 of 72
 Committer: Nanxin Jin <jinn@moore15.cs.purdue.edu>
Your name and email address were configured automatically based
on your username and hostname. Please check that they are accurate.
You can suppress this message by setting them explicitly:

    git config --global user.name "Your Name"
    git config --global user.email you@example.com

After doing this, you may fix the identity used for this commit with:

    git commit --amend --reset-author

 5 files changed, 27 insertions(+), 2 deletions(-)
[master 5d166c1] 33 of 72
 Committer: Nanxin Jin <jinn@moore15.cs.purdue.edu>
Your name and email address were configured automatically based
on your username and hostname. Please check that they are accurate.
You can suppress this message by setting them explicitly:

    git config --global user.name "Your Name"
    git config --global user.email you@example.com

After doing this, you may fix the identity used for this commit with:

    git commit --amend --reset-author

 3 files changed, 17 insertions(+), 1 deletion(-)
[master 0d0505e] 33 of 72
 Committer: Nanxin Jin <jinn@moore15.cs.purdue.edu>
Your name and email address were configured automatically based
on your username and hostname. Please check that they are accurate.
You can suppress this message by setting them explicitly:

    git config --global user.name "Your Name"
    git config --global user.email you@example.com

After doing this, you may fix the identity used for this commit with:

    git commit --amend --reset-author

 5 files changed, 18 insertions(+), 2 deletions(-)
[master 2c9e3b9] 33 of 72
 Committer: Nanxin Jin <jinn@moore15.cs.purdue.edu>
Your name and email address were configured automatically based
on your username and hostname. Please check that they are accurate.
You can suppress this message by setting them explicitly:

    git config --global user.name "Your Name"
    git config --global user.email you@example.com

After doing this, you may fix the identity used for this commit with:

    git commit --amend --reset-author

 5 files changed, 19 insertions(+), 3 deletions(-)
[master 510ee80] 33 of 72
 Committer: Nanxin Jin <jinn@moore15.cs.purdue.edu>
Your name and email address were configured automatically based
on your username and hostname. Please check that they are accurate.
You can suppress this message by setting them explicitly:

    git config --global user.name "Your Name"
    git config --global user.email you@example.com

After doing this, you may fix the identity used for this commit with:

    git commit --amend --reset-author

 5 files changed, 18 insertions(+), 2 deletions(-)
[master 54bdfc4] 33 of 72
 Committer: Nanxin Jin <jinn@moore15.cs.purdue.edu>
Your name and email address were configured automatically based
on your username and hostname. Please check that they are accurate.
You can suppress this message by setting them explicitly:

    git config --global user.name "Your Name"
    git config --global user.email you@example.com

After doing this, you may fix the identity used for this commit with:

    git commit --amend --reset-author

 5 files changed, 20 insertions(+), 4 deletions(-)
[master 600866f] 33 of 72
 Committer: Nanxin Jin <jinn@moore15.cs.purdue.edu>
Your name and email address were configured automatically based
on your username and hostname. Please check that they are accurate.
You can suppress this message by setting them explicitly:

    git config --global user.name "Your Name"
    git config --global user.email you@example.com

After doing this, you may fix the identity used for this commit with:

    git commit --amend --reset-author

 5 files changed, 20 insertions(+), 2 deletions(-)
[master 414952d] 36 of 72
 Committer: Nanxin Jin <jinn@moore15.cs.purdue.edu>
Your name and email address were configured automatically based
on your username and hostname. Please check that they are accurate.
You can suppress this message by setting them explicitly:

    git config --global user.name "Your Name"
    git config --global user.email you@example.com

After doing this, you may fix the identity used for this commit with:

    git commit --amend --reset-author

 6 files changed, 21 insertions(+), 3 deletions(-)
[master 1b60b9d] 36 of 72
 Committer: Nanxin Jin <jinn@moore15.cs.purdue.edu>
Your name and email address were configured automatically based
on your username and hostname. Please check that they are accurate.
You can suppress this message by setting them explicitly:

    git config --global user.name "Your Name"
    git config --global user.email you@example.com

After doing this, you may fix the identity used for this commit with:

    git commit --amend --reset-author

 5 files changed, 29 insertions(+), 2 deletions(-)
[master ebd59d9] 36 of 72
 Committer: Nanxin Jin <jinn@moore15.cs.purdue.edu>
Your name and email address were configured automatically based
on your username and hostname. Please check that they are accurate.
You can suppress this message by setting them explicitly:

    git config --global user.name "Your Name"
    git config --global user.email you@example.com

After doing this, you may fix the identity used for this commit with:

    git commit --amend --reset-author

 3 files changed, 17 insertions(+), 1 deletion(-)
[master 1e577e1] 36 of 72
 Committer: Nanxin Jin <jinn@moore15.cs.purdue.edu>
Your name and email address were configured automatically based
on your username and hostname. Please check that they are accurate.
You can suppress this message by setting them explicitly:

    git config --global user.name "Your Name"
    git config --global user.email you@example.com

After doing this, you may fix the identity used for this commit with:

    git commit --amend --reset-author

 5 files changed, 23 insertions(+), 6 deletions(-)
[master dc95330] 36 of 72
 Committer: Nanxin Jin <jinn@moore15.cs.purdue.edu>
Your name and email address were configured automatically based
on your username and hostname. Please check that they are accurate.
You can suppress this message by setting them explicitly:

    git config --global user.name "Your Name"
    git config --global user.email you@example.com

After doing this, you may fix the identity used for this commit with:

    git commit --amend --reset-author

 3 files changed, 17 insertions(+), 1 deletion(-)
[master 21cdd64] 36 of 72
 Committer: Nanxin Jin <jinn@moore15.cs.purdue.edu>
Your name and email address were configured automatically based
on your username and hostname. Please check that they are accurate.
You can suppress this message by setting them explicitly:

    git config --global user.name "Your Name"
    git config --global user.email you@example.com

After doing this, you may fix the identity used for this commit with:

    git commit --amend --reset-author

 3 files changed, 17 insertions(+), 1 deletion(-)
[master d5c11c3] 39 of 75
 Committer: Nanxin Jin <jinn@moore15.cs.purdue.edu>
Your name and email address were configured automatically based
on your username and hostname. Please check that they are accurate.
You can suppress this message by setting them explicitly:

    git config --global user.name "Your Name"
    git config --global user.email you@example.com

After doing this, you may fix the identity used for this commit with:

    git commit --amend --reset-author

 5 files changed, 19 insertions(+), 1 deletion(-)
[master 9ebd1b8] 39 of 75
 Committer: Nanxin Jin <jinn@moore15.cs.purdue.edu>
Your name and email address were configured automatically based
on your username and hostname. Please check that they are accurate.
You can suppress this message by setting them explicitly:

    git config --global user.name "Your Name"
    git config --global user.email you@example.com

After doing this, you may fix the identity used for this commit with:

    git commit --amend --reset-author

 6 files changed, 26 insertions(+), 2 deletions(-)
[master 1553de2] 39 of 75
 Committer: Nanxin Jin <jinn@moore15.cs.purdue.edu>
Your name and email address were configured automatically based
on your username and hostname. Please check that they are accurate.
You can suppress this message by setting them explicitly:

    git config --global user.name "Your Name"
    git config --global user.email you@example.com

After doing this, you may fix the identity used for this commit with:

    git commit --amend --reset-author

 3 files changed, 17 insertions(+), 1 deletion(-)
[master 232bcc0] 39 of 75
 Committer: Nanxin Jin <jinn@moore15.cs.purdue.edu>
Your name and email address were configured automatically based
on your username and hostname. Please check that they are accurate.
You can suppress this message by setting them explicitly:

    git config --global user.name "Your Name"
    git config --global user.email you@example.com

After doing this, you may fix the identity used for this commit with:

    git commit --amend --reset-author

 6 files changed, 45 insertions(+), 4 deletions(-)
[master 901dba4] 39 of 75
 Committer: Nanxin Jin <jinn@moore15.cs.purdue.edu>
Your name and email address were configured automatically based
on your username and hostname. Please check that they are accurate.
You can suppress this message by setting them explicitly:

    git config --global user.name "Your Name"
    git config --global user.email you@example.com

After doing this, you may fix the identity used for this commit with:

    git commit --amend --reset-author

 3 files changed, 17 insertions(+), 1 deletion(-)
[master 92b2660] 42 of 75
 Committer: Nanxin Jin <jinn@moore15.cs.purdue.edu>
Your name and email address were configured automatically based
on your username and hostname. Please check that they are accurate.
You can suppress this message by setting them explicitly:

    git config --global user.name "Your Name"
    git config --global user.email you@example.com

After doing this, you may fix the identity used for this commit with:

    git commit --amend --reset-author

 7 files changed, 43 insertions(+), 27 deletions(-)
[master 8cd3f5b] 42 of 75
 Committer: Nanxin Jin <jinn@moore15.cs.purdue.edu>
Your name and email address were configured automatically based
on your username and hostname. Please check that they are accurate.
You can suppress this message by setting them explicitly:

    git config --global user.name "Your Name"
    git config --global user.email you@example.com

After doing this, you may fix the identity used for this commit with:

    git commit --amend --reset-author

 3 files changed, 17 insertions(+), 1 deletion(-)
[master e296932] 42 of 75
 Committer: Nanxin Jin <jinn@moore15.cs.purdue.edu>
Your name and email address were configured automatically based
on your username and hostname. Please check that they are accurate.
You can suppress this message by setting them explicitly:

    git config --global user.name "Your Name"
    git config --global user.email you@example.com

After doing this, you may fix the identity used for this commit with:

    git commit --amend --reset-author

 6 files changed, 36 insertions(+), 6 deletions(-)
[master 4973051] 42 of 75
 Committer: Nanxin Jin <jinn@moore15.cs.purdue.edu>
Your name and email address were configured automatically based
on your username and hostname. Please check that they are accurate.
You can suppress this message by setting them explicitly:

    git config --global user.name "Your Name"
    git config --global user.email you@example.com

After doing this, you may fix the identity used for this commit with:

    git commit --amend --reset-author

 3 files changed, 17 insertions(+), 1 deletion(-)
[master 812f513] 42 of 75
 Committer: Nanxin Jin <jinn@moore15.cs.purdue.edu>
Your name and email address were configured automatically based
on your username and hostname. Please check that they are accurate.
You can suppress this message by setting them explicitly:

    git config --global user.name "Your Name"
    git config --global user.email you@example.com

After doing this, you may fix the identity used for this commit with:

    git commit --amend --reset-author

 3 files changed, 17 insertions(+), 1 deletion(-)
[master 2eee8c1] 45 of 75
 Committer: Nanxin Jin <jinn@moore15.cs.purdue.edu>
Your name and email address were configured automatically based
on your username and hostname. Please check that they are accurate.
You can suppress this message by setting them explicitly:

    git config --global user.name "Your Name"
    git config --global user.email you@example.com

After doing this, you may fix the identity used for this commit with:

    git commit --amend --reset-author

 7 files changed, 29 insertions(+), 12 deletions(-)
[master 92aea3e] 45 of 75
 Committer: Nanxin Jin <jinn@moore15.cs.purdue.edu>
Your name and email address were configured automatically based
on your username and hostname. Please check that they are accurate.
You can suppress this message by setting them explicitly:

    git config --global user.name "Your Name"
    git config --global user.email you@example.com

After doing this, you may fix the identity used for this commit with:

    git commit --amend --reset-author

 5 files changed, 24 insertions(+), 1 deletion(-)
[master d9c6ce0] 45 of 75
 Committer: Nanxin Jin <jinn@moore15.cs.purdue.edu>
Your name and email address were configured automatically based
on your username and hostname. Please check that they are accurate.
You can suppress this message by setting them explicitly:

    git config --global user.name "Your Name"
    git config --global user.email you@example.com

After doing this, you may fix the identity used for this commit with:

    git commit --amend --reset-author

 3 files changed, 17 insertions(+), 1 deletion(-)
[master c5890a1] 45 of 75
 Committer: Nanxin Jin <jinn@moore15.cs.purdue.edu>
Your name and email address were configured automatically based
on your username and hostname. Please check that they are accurate.
You can suppress this message by setting them explicitly:

    git config --global user.name "Your Name"
    git config --global user.email you@example.com

After doing this, you may fix the identity used for this commit with:

    git commit --amend --reset-author

 5 files changed, 18 insertions(+), 2 deletions(-)
[master c2dc0c1] 45 of 75
 Committer: Nanxin Jin <jinn@moore15.cs.purdue.edu>
Your name and email address were configured automatically based
on your username and hostname. Please check that they are accurate.
You can suppress this message by setting them explicitly:

    git config --global user.name "Your Name"
    git config --global user.email you@example.com

After doing this, you may fix the identity used for this commit with:

    git commit --amend --reset-author

 3 files changed, 17 insertions(+), 1 deletion(-)
[master e9ecfe8] 48 of 75
 Committer: Nanxin Jin <jinn@moore15.cs.purdue.edu>
Your name and email address were configured automatically based
on your username and hostname. Please check that they are accurate.
You can suppress this message by setting them explicitly:

    git config --global user.name "Your Name"
    git config --global user.email you@example.com

After doing this, you may fix the identity used for this commit with:

    git commit --amend --reset-author

 6 files changed, 20 insertions(+), 3 deletions(-)
[master ee9a5eb] 48 of 75
 Committer: Nanxin Jin <jinn@moore15.cs.purdue.edu>
Your name and email address were configured automatically based
on your username and hostname. Please check that they are accurate.
You can suppress this message by setting them explicitly:

    git config --global user.name "Your Name"
    git config --global user.email you@example.com

After doing this, you may fix the identity used for this commit with:

    git commit --amend --reset-author

 3 files changed, 17 insertions(+), 1 deletion(-)
[master 9af0c78] 48 of 75
 Committer: Nanxin Jin <jinn@moore15.cs.purdue.edu>
Your name and email address were configured automatically based
on your username and hostname. Please check that they are accurate.
You can suppress this message by setting them explicitly:

    git config --global user.name "Your Name"
    git config --global user.email you@example.com

After doing this, you may fix the identity used for this commit with:

    git commit --amend --reset-author

 5 files changed, 37 insertions(+), 2 deletions(-)
 rewrite test_linked_list (71%)
[master 626590d] 48 of 75
 Committer: Nanxin Jin <jinn@data.cs.purdue.edu>
Your name and email address were configured automatically based
on your username and hostname. Please check that they are accurate.
You can suppress this message by setting them explicitly:

    git config --global user.name "Your Name"
    git config --global user.email you@example.com

After doing this, you may fix the identity used for this commit with:

    git commit --amend --reset-author

 5 files changed, 21 insertions(+), 1 deletion(-)
[master 67591c5] 51 of 75
 Committer: Nanxin Jin <jinn@data.cs.purdue.edu>
Your name and email address were configured automatically based
on your username and hostname. Please check that they are accurate.
You can suppress this message by setting them explicitly:

    git config --global user.name "Your Name"
    git config --global user.email you@example.com

After doing this, you may fix the identity used for this commit with:

    git commit --amend --reset-author

 6 files changed, 20 insertions(+), 4 deletions(-)
[master 74a152d] 54 of 75
 Committer: Nanxin Jin <jinn@data.cs.purdue.edu>
Your name and email address were configured automatically based
on your username and hostname. Please check that they are accurate.
You can suppress this message by setting them explicitly:

    git config --global user.name "Your Name"
    git config --global user.email you@example.com

After doing this, you may fix the identity used for this commit with:

    git commit --amend --reset-author

 6 files changed, 30 insertions(+), 4 deletions(-)
[master 12089e5] 57 of 75
 Committer: Nanxin Jin <jinn@data.cs.purdue.edu>
Your name and email address were configured automatically based
on your username and hostname. Please check that they are accurate.
You can suppress this message by setting them explicitly:

    git config --global user.name "Your Name"
    git config --global user.email you@example.com

After doing this, you may fix the identity used for this commit with:

    git commit --amend --reset-author

 6 files changed, 49 insertions(+), 3 deletions(-)
[master 347eac0] 60 of 75
 Committer: Nanxin Jin <jinn@data.cs.purdue.edu>
Your name and email address were configured automatically based
on your username and hostname. Please check that they are accurate.
You can suppress this message by setting them explicitly:

    git config --global user.name "Your Name"
    git config --global user.email you@example.com

After doing this, you may fix the identity used for this commit with:

    git commit --amend --reset-author

 6 files changed, 27 insertions(+), 3 deletions(-)
[master 88ab028] 60 of 75
 Committer: Nanxin Jin <jinn@data.cs.purdue.edu>
Your name and email address were configured automatically based
on your username and hostname. Please check that they are accurate.
You can suppress this message by setting them explicitly:

    git config --global user.name "Your Name"
    git config --global user.email you@example.com

After doing this, you may fix the identity used for this commit with:

    git commit --amend --reset-author

 5 files changed, 28 insertions(+), 2 deletions(-)
[master 08a1b91] 57 of 100
 Committer: Nanxin Jin <jinn@data.cs.purdue.edu>
Your name and email address were configured automatically based
on your username and hostname. Please check that they are accurate.
You can suppress this message by setting them explicitly:

    git config --global user.name "Your Name"
    git config --global user.email you@example.com

After doing this, you may fix the identity used for this commit with:

    git commit --amend --reset-author

 17 files changed, 642 insertions(+), 19 deletions(-)
 create mode 100644 WordTable.c
 create mode 100644 WordTable.h
 rewrite diff.out (99%)
 create mode 100644 sagan.txt
 rewrite test_linked_list (76%)
 create mode 100755 test_word_table
 create mode 100644 test_word_table.c
 create mode 100755 test_word_table.org
 create mode 100644 test_word_table.org.out
 create mode 100644 test_word_table.out
[master 0b3ddf2] 57 of 100
 Committer: Nanxin Jin <jinn@data.cs.purdue.edu>
Your name and email address were configured automatically based
on your username and hostname. Please check that they are accurate.
You can suppress this message by setting them explicitly:

    git config --global user.name "Your Name"
    git config --global user.email you@example.com

After doing this, you may fix the identity used for this commit with:

    git commit --amend --reset-author

 6 files changed, 29 insertions(+), 2 deletions(-)
 rewrite test_linked_list (77%)
 rewrite test_word_table (79%)
[master 59165eb] 57 of 100
 Committer: Nanxin Jin <jinn@data.cs.purdue.edu>
Your name and email address were configured automatically based
on your username and hostname. Please check that they are accurate.
You can suppress this message by setting them explicitly:

    git config --global user.name "Your Name"
    git config --global user.email you@example.com

After doing this, you may fix the identity used for this commit with:

    git commit --amend --reset-author

 6 files changed, 23 insertions(+), 5 deletions(-)
 rewrite test_linked_list (76%)
 rewrite test_word_table (79%)
[master 5e2d278] 60 of 100
 Committer: Nanxin Jin <jinn@data.cs.purdue.edu>
Your name and email address were configured automatically based
on your username and hostname. Please check that they are accurate.
You can suppress this message by setting them explicitly:

    git config --global user.name "Your Name"
    git config --global user.email you@example.com

After doing this, you may fix the identity used for this commit with:

    git commit --amend --reset-author

 7 files changed, 21 insertions(+), 3 deletions(-)
[master ec39886] 60 of 100
 Committer: Nanxin Jin <jinn@data.cs.purdue.edu>
Your name and email address were configured automatically based
on your username and hostname. Please check that they are accurate.
You can suppress this message by setting them explicitly:

    git config --global user.name "Your Name"
    git config --global user.email you@example.com

After doing this, you may fix the identity used for this commit with:

    git commit --amend --reset-author

 6 files changed, 35 insertions(+), 2 deletions(-)
 rewrite test_linked_list (73%)
 rewrite test_word_table (77%)
[master f1c058e] 60 of 100
 Committer: Nanxin Jin <jinn@data.cs.purdue.edu>
Your name and email address were configured automatically based
on your username and hostname. Please check that they are accurate.
You can suppress this message by setting them explicitly:

    git config --global user.name "Your Name"
    git config --global user.email you@example.com

After doing this, you may fix the identity used for this commit with:

    git commit --amend --reset-author

 6 files changed, 22 insertions(+), 2 deletions(-)
[master 0dc7a09] 60 of 100
 Committer: Nanxin Jin <jinn@data.cs.purdue.edu>
Your name and email address were configured automatically based
on your username and hostname. Please check that they are accurate.
You can suppress this message by setting them explicitly:

    git config --global user.name "Your Name"
    git config --global user.email you@example.com

After doing this, you may fix the identity used for this commit with:

    git commit --amend --reset-author

 3 files changed, 17 insertions(+), 1 deletion(-)
[master ee61a96] 60 of 100
 Committer: Nanxin Jin <jinn@data.cs.purdue.edu>
Your name and email address were configured automatically based
on your username and hostname. Please check that they are accurate.
You can suppress this message by setting them explicitly:

    git config --global user.name "Your Name"
    git config --global user.email you@example.com

After doing this, you may fix the identity used for this commit with:

    git commit --amend --reset-author

 3 files changed, 17 insertions(+), 1 deletion(-)
[master e317ebb] 63 of 100
 Committer: Nanxin Jin <jinn@data.cs.purdue.edu>
Your name and email address were configured automatically based
on your username and hostname. Please check that they are accurate.
You can suppress this message by setting them explicitly:

    git config --global user.name "Your Name"
    git config --global user.email you@example.com

After doing this, you may fix the identity used for this commit with:

    git commit --amend --reset-author

 7 files changed, 25 insertions(+), 4 deletions(-)
[master 4fde336] 63 of 100
 Committer: Nanxin Jin <jinn@data.cs.purdue.edu>
Your name and email address were configured automatically based
on your username and hostname. Please check that they are accurate.
You can suppress this message by setting them explicitly:

    git config --global user.name "Your Name"
    git config --global user.email you@example.com

After doing this, you may fix the identity used for this commit with:

    git commit --amend --reset-author

 6 files changed, 30 insertions(+), 3 deletions(-)
[master bd9bdc9] 63 of 100
 Committer: Nanxin Jin <jinn@data.cs.purdue.edu>
Your name and email address were configured automatically based
on your username and hostname. Please check that they are accurate.
You can suppress this message by setting them explicitly:

    git config --global user.name "Your Name"
    git config --global user.email you@example.com

After doing this, you may fix the identity used for this commit with:

    git commit --amend --reset-author

 6 files changed, 29 insertions(+), 2 deletions(-)
[master 90bdd8e] 63 of 100
 Committer: Nanxin Jin <jinn@data.cs.purdue.edu>
Your name and email address were configured automatically based
on your username and hostname. Please check that they are accurate.
You can suppress this message by setting them explicitly:

    git config --global user.name "Your Name"
    git config --global user.email you@example.com

After doing this, you may fix the identity used for this commit with:

    git commit --amend --reset-author

 6 files changed, 23 insertions(+), 1 deletion(-)
[master abbc7af] 66 of 100
 Committer: Nanxin Jin <jinn@data.cs.purdue.edu>
Your name and email address were configured automatically based
on your username and hostname. Please check that they are accurate.
You can suppress this message by setting them explicitly:

    git config --global user.name "Your Name"
    git config --global user.email you@example.com

After doing this, you may fix the identity used for this commit with:

    git commit --amend --reset-author

 8 files changed, 69 insertions(+), 67 deletions(-)
 rewrite test_linked_list.out (100%)
[master 031dc71] 74 of 100
 Committer: Nanxin Jin <jinn@data.cs.purdue.edu>
Your name and email address were configured automatically based
on your username and hostname. Please check that they are accurate.
You can suppress this message by setting them explicitly:

    git config --global user.name "Your Name"
    git config --global user.email you@example.com

After doing this, you may fix the identity used for this commit with:

    git commit --amend --reset-author

 8 files changed, 82 insertions(+), 6 deletions(-)
[master 0b29430] 77 of 100
 Committer: Nanxin Jin <jinn@data.cs.purdue.edu>
Your name and email address were configured automatically based
on your username and hostname. Please check that they are accurate.
You can suppress this message by setting them explicitly:

    git config --global user.name "Your Name"
    git config --global user.email you@example.com

After doing this, you may fix the identity used for this commit with:

    git commit --amend --reset-author

 8 files changed, 29 insertions(+), 6 deletions(-)
[master 5a0043f] 80 of 100
 Committer: Nanxin Jin <jinn@data.cs.purdue.edu>
Your name and email address were configured automatically based
on your username and hostname. Please check that they are accurate.
You can suppress this message by setting them explicitly:

    git config --global user.name "Your Name"
    git config --global user.email you@example.com

After doing this, you may fix the identity used for this commit with:

    git commit --amend --reset-author

 7 files changed, 47 insertions(+), 4 deletions(-)
[master 252671e] 77 of 100
 Committer: Nanxin Jin <jinn@moore14.cs.purdue.edu>
Your name and email address were configured automatically based
on your username and hostname. Please check that they are accurate.
You can suppress this message by setting them explicitly:

    git config --global user.name "Your Name"
    git config --global user.email you@example.com

After doing this, you may fix the identity used for this commit with:

    git commit --amend --reset-author

 7 files changed, 39 insertions(+), 3 deletions(-)
 rewrite mystring.o (80%)
[master 1f8a65f] 80 of 100
 Committer: Nanxin Jin <jinn@moore14.cs.purdue.edu>
Your name and email address were configured automatically based
on your username and hostname. Please check that they are accurate.
You can suppress this message by setting them explicitly:

    git config --global user.name "Your Name"
    git config --global user.email you@example.com

After doing this, you may fix the identity used for this commit with:

    git commit --amend --reset-author

 7 files changed, 20 insertions(+), 3 deletions(-)
[master f0e2208] 80 of 100
 Committer: Nanxin Jin <jinn@moore14.cs.purdue.edu>
Your name and email address were configured automatically based
on your username and hostname. Please check that they are accurate.
You can suppress this message by setting them explicitly:

    git config --global user.name "Your Name"
    git config --global user.email you@example.com

After doing this, you may fix the identity used for this commit with:

    git commit --amend --reset-author

 3 files changed, 17 insertions(+), 1 deletion(-)
[master c660630] 80 of 100
 Committer: Nanxin Jin <jinn@data.cs.purdue.edu>
Your name and email address were configured automatically based
on your username and hostname. Please check that they are accurate.
You can suppress this message by setting them explicitly:

    git config --global user.name "Your Name"
    git config --global user.email you@example.com

After doing this, you may fix the identity used for this commit with:

    git commit --amend --reset-author

 4 files changed, 18 insertions(+), 2 deletions(-)
[master d64f33b] 80 of 100
 Committer: Nanxin Jin <jinn@moore17.cs.purdue.edu>
Your name and email address were configured automatically based
on your username and hostname. Please check that they are accurate.
You can suppress this message by setting them explicitly:

    git config --global user.name "Your Name"
    git config --global user.email you@example.com

After doing this, you may fix the identity used for this commit with:

    git commit --amend --reset-author

 3 files changed, 17 insertions(+), 1 deletion(-)
