CS240: lab4. cs240 Mon Feb 16 10:16:28 EST 2015  Total:  21 of 112

CS240: lab4. cs240 Mon Feb 16 10:16:57 EST 2015  Total:  33 of 112

CS240: lab4. cs240 Mon Feb 16 10:17:48 EST 2015  Total:  33 of 112

CS240: lab4. cs240 Mon Feb 16 10:17:55 EST 2015  Total:  33 of 112

CS240: lab4. cs240 Mon Feb 16 11:08:32 EST 2015  Total:  36 of 115

CS240: lab4. owner Mon, Feb 16, 2015 8:34:34 PM  Total:  0 of 72

CS240: lab4. owner Mon, Feb 16, 2015 8:37:29 PM  Total:  72 of 72

CS240: lab4. cs240 Mon Feb 16 21:18:26 EST 2015  Total:  9 of 72

CS240: lab4. cs240 Mon Feb 16 21:22:59 EST 2015  Total:  9 of 72

CS240: lab4. jinn Thu Feb 19 16:08:12 EST 2015  Total:  12 of 72

CS240: lab4. jinn Thu Feb 19 16:10:37 EST 2015  Total:  15 of 72

CS240: lab4. jinn Thu Feb 19 16:12:51 EST 2015  Total:  18 of 72

CS240: lab4. jinn Thu Feb 19 16:19:31 EST 2015  Total:  21 of 72

CS240: lab4. jinn Thu Feb 19 16:22:06 EST 2015  Total:  24 of 72

CS240: lab4. jinn Thu Feb 19 16:28:02 EST 2015  Total:  27 of 72

CS240: lab4. jinn Thu Feb 19 16:39:46 EST 2015  Total:  27 of 72

CS240: lab4. jinn Thu Feb 19 16:42:49 EST 2015  Total:  30 of 72

CS240: lab4. jinn Thu Feb 19 16:45:27 EST 2015  Total:  27 of 72

CS240: lab4. jinn Thu Feb 19 16:46:02 EST 2015  Total:  30 of 72

CS240: lab4. jinn Thu Feb 26 15:55:18 EST 2015  Total:  33 of 72

CS240: lab4. jinn Thu Feb 26 15:56:29 EST 2015  Total:  33 of 72

CS240: lab4. jinn Thu Feb 26 15:56:55 EST 2015  Total:  33 of 72

CS240: lab4. jinn Thu Feb 26 16:00:04 EST 2015  Total:  33 of 72

CS240: lab4. jinn Thu Feb 26 16:00:34 EST 2015  Total:  33 of 72

CS240: lab4. jinn Thu Feb 26 16:00:54 EST 2015  Total:  33 of 72

CS240: lab4. jinn Thu Feb 26 16:03:25 EST 2015  Total:  33 of 72

CS240: lab4. jinn Thu Feb 26 16:08:09 EST 2015  Total:  33 of 72

CS240: lab4. jinn Thu Feb 26 16:08:46 EST 2015  Total:  36 of 72

CS240: lab4. jinn Thu Feb 26 16:13:37 EST 2015  Total:  36 of 72

CS240: lab4. jinn Thu Feb 26 16:13:45 EST 2015  Total:  36 of 72

CS240: lab4. jinn Thu Feb 26 16:16:51 EST 2015  Total:  36 of 72

CS240: lab4. jinn Thu Feb 26 16:16:56 EST 2015  Total:  36 of 72

CS240: lab4. jinn Thu Feb 26 16:19:22 EST 2015  Total:  36 of 72

CS240: lab4. jinn Thu Feb 26 16:25:06 EST 2015  Total:  39 of 75

CS240: lab4. jinn Thu Feb 26 16:28:06 EST 2015  Total:  39 of 75

CS240: lab4. jinn Thu Feb 26 16:28:27 EST 2015  Total:  39 of 75

CS240: lab4. jinn Thu Feb 26 16:29:50 EST 2015  Total:  39 of 75

CS240: lab4. jinn Thu Feb 26 16:29:55 EST 2015  Total:  39 of 75

CS240: lab4. jinn Thu Feb 26 16:30:22 EST 2015  Total:  42 of 75

CS240: lab4. jinn Thu Feb 26 16:30:28 EST 2015  Total:  42 of 75

CS240: lab4. jinn Thu Feb 26 16:42:34 EST 2015  Total:  42 of 75

CS240: lab4. jinn Thu Feb 26 16:42:39 EST 2015  Total:  42 of 75

CS240: lab4. jinn Thu Feb 26 16:45:39 EST 2015  Total:  42 of 75

CS240: lab4. jinn Thu Feb 26 16:47:36 EST 2015  Total:  45 of 75

CS240: lab4. jinn Thu Feb 26 16:54:28 EST 2015  Total:  45 of 75

CS240: lab4. jinn Thu Feb 26 16:54:38 EST 2015  Total:  45 of 75

CS240: lab4. jinn Thu Feb 26 16:56:23 EST 2015  Total:  45 of 75

CS240: lab4. jinn Thu Feb 26 16:56:28 EST 2015  Total:  45 of 75

CS240: lab4. jinn Thu Feb 26 16:59:19 EST 2015  Total:  48 of 75

CS240: lab4. jinn Thu Feb 26 16:59:29 EST 2015  Total:  48 of 75

CS240: lab4. jinn Thu Feb 26 17:40:46 EST 2015  Total:  48 of 75

CS240: lab4. jinn Thu Feb 26 18:20:01 EST 2015  Total:  48 of 75

CS240: lab4. jinn Thu Feb 26 18:21:57 EST 2015  Total:  51 of 75

CS240: lab4. jinn Thu Feb 26 18:31:33 EST 2015  Total:  54 of 75

CS240: lab4. jinn Thu Feb 26 19:08:58 EST 2015  Total:  57 of 75

CS240: lab4. jinn Thu Feb 26 19:12:21 EST 2015  Total:  60 of 75

CS240: lab4. jinn Thu Feb 26 19:30:02 EST 2015  Total:  60 of 75

CS240: lab4. jinn Thu Feb 26 19:57:13 EST 2015  Total:  57 of 100

CS240: lab4. jinn Thu Feb 26 20:02:06 EST 2015  Total:  57 of 100

CS240: lab4. jinn Thu Feb 26 20:06:58 EST 2015  Total:  57 of 100

CS240: lab4. jinn Thu Feb 26 20:08:03 EST 2015  Total:  60 of 100

CS240: lab4. jinn Thu Feb 26 20:28:30 EST 2015  Total:  60 of 100

CS240: lab4. jinn Thu Feb 26 20:34:26 EST 2015  Total:  60 of 100

CS240: lab4. jinn Thu Feb 26 20:41:19 EST 2015  Total:  60 of 100

CS240: lab4. jinn Thu Feb 26 20:43:26 EST 2015  Total:  60 of 100

CS240: lab4. jinn Thu Feb 26 20:55:35 EST 2015  Total:  63 of 100

CS240: lab4. jinn Mon Mar 2 19:42:56 EST 2015  Total:  63 of 100

CS240: lab4. jinn Mon Mar 2 19:48:35 EST 2015  Total:  63 of 100

CS240: lab4. jinn Mon Mar 2 19:51:04 EST 2015  Total:  63 of 100

CS240: lab4. jinn Tue Mar 3 01:08:24 EST 2015  Total:  66 of 100

CS240: lab4. jinn Tue Mar 3 01:29:25 EST 2015  Total:  74 of 100

CS240: lab4. jinn Tue Mar 3 01:39:42 EST 2015  Total:  77 of 100

CS240: lab4. jinn Tue Mar 3 02:04:26 EST 2015  Total:  80 of 100

CS240: lab4. jinn Thu Mar 5 17:09:33 EST 2015  Total:  77 of 100

CS240: lab4. jinn Thu Mar 5 17:12:10 EST 2015  Total:  80 of 100

CS240: lab4. jinn Thu Mar 5 17:13:32 EST 2015  Total:  80 of 100

CS240: lab4. jinn Tue Apr 21 14:08:21 EDT 2015  Total:  80 of 100

CS240: lab4. jinn Fri Apr 24 10:25:13 EDT 2015  Total:  80 of 100

