CS240: Exam2. cs240 Sun Oct 18 21:19:21 EDT 2015  Total:  0 of 20
0
20
CS240: Exam2. cs240 Sun Oct 18 21:20:20 EDT 2015  Total:  20 of 20
20
20
CS240: Exam2. cs240 Sun Oct 18 21:20:42 EDT 2015  Total:  20 of 20
20
20
CS240: Exam2. cs240 Mon Oct 19 02:25:22 EDT 2015  Total:  20 of 20
20
20
CS240: Exam2. cs240 Mon Oct 19 02:28:29 EDT 2015  Total:  20 of 20
20
20
CS240: Exam2. cs240 Mon Oct 19 04:44:10 EDT 2015  Total:  0 of 20
0
20
CS240: Exam2. cs240 Mon Oct 19 04:44:20 EDT 2015  Total:  0 of 20
0
20
CS240: Exam2. cs240 Mon Oct 19 04:48:00 EDT 2015  Total:  0 of 20
0
20
CS240: Exam2. cs240 Mon Oct 19 04:53:57 EDT 2015  Total:  0 of 20
0
20
CS240: Exam2. cs240 Mon Oct 19 12:58:22 EDT 2015  Total:  0 of 20
0
20
CS240: Exam2. jinn Fri Oct 30 15:49:10 EDT 2015  Total:  0 of 20
0
20
CS240: Exam2. jinn Wed Nov 4 15:20:15 EST 2015  Total:  0 of 20
0
20
CS240: Exam2. jinn Wed Nov 4 23:06:26 EST 2015  Total:  0 of 20
0
20
CS240: Exam2. jinn Wed Nov 4 23:19:14 EST 2015  Total:  0 of 20
0
20
CS240: Exam2. jinn Thu Nov 5 00:15:02 EST 2015  Total:  0 of 20
0
20
CS240: Exam2. jinn Thu Nov 5 00:46:38 EST 2015  Total:  0 of 20
0
20
CS240: Exam2. jinn Thu Nov 5 00:47:07 EST 2015  Total:  7 of 20
7
20
CS240: Exam2. jinn Thu Nov 5 01:25:38 EST 2015  Total:  7 of 20
7
20
CS240: Exam2. jinn Thu Nov 5 02:57:56 EST 2015  Total:  7 of 20
7
20
CS240: Exam2. jinn Thu Nov 5 03:00:44 EST 2015  Total:  7 of 20
7
20
CS240: Exam2. jinn Thu Nov 5 03:05:03 EST 2015  Total:  7 of 20
7
20
CS240: Exam2. jinn Thu Nov 5 03:09:37 EST 2015  Total:  7 of 20
7
20
CS240: Exam2. jinn Thu Nov 5 03:11:03 EST 2015  Total:  20 of 20
20
20
CS240: Exam2. jinn Thu Nov 5 03:11:39 EST 2015  Total:  20 of 20
20
20
