CS240: lab5. cs240 Mon Sep 28 22:37:35 EDT 2015  Total:  0 of 126

CS240: lab5. cs240 Mon Sep 28 22:39:53 EDT 2015  Total:  59 of 126

CS240: lab5. cs240 Mon Sep 28 22:43:06 EDT 2015  Total:  64 of 126

CS240: lab5. cs240 Mon Sep 28 22:44:48 EDT 2015  Total:  64 of 126

CS240: lab5. cs240 Mon Sep 28 22:46:21 EDT 2015  Total:  64 of 126

CS240: lab5. cs240 Mon Sep 28 22:48:52 EDT 2015  Total:  39 of 126

CS240: lab5. cs240 Mon Sep 28 22:50:29 EDT 2015  Total:  3 of 126

CS240: lab5. cs240 Mon Sep 28 22:51:48 EDT 2015  Total:  3 of 126

CS240: lab4. cs240 Mon Sep 28 22:52:08 EDT 2015  Total:  3 of 126

CS240: lab4. cs240 Mon Sep 28 22:52:21 EDT 2015  Total:  3 of 126

CS240: lab4. cs240 Mon Sep 28 22:55:01 EDT 2015  Total:  3 of 126

CS240: lab4. cs240 Mon Sep 28 22:55:05 EDT 2015  Total:  3 of 126

CS240: lab4. cs240 Mon Sep 28 22:58:06 EDT 2015  Total:  3 of 116

CS240: lab4. cs240 Mon Sep 28 22:59:19 EDT 2015  Total:  3 of 102

CS240: lab4. cs240 Mon Sep 28 22:59:48 EDT 2015  Total:  3 of 100

CS240: lab4. jinn Fri Oct 2 16:47:48 EDT 2015  Total:  3 of 100

CS240: lab4. jinn Fri Oct 2 16:50:19 EDT 2015  Total:  6 of 100

CS240: lab4. jinn Fri Oct 2 16:52:39 EDT 2015  Total:  12 of 100

CS240: lab4. jinn Fri Oct 2 16:52:50 EDT 2015  Total:  12 of 100

CS240: lab4. jinn Fri Oct 2 17:01:07 EDT 2015  Total:  15 of 100

CS240: lab4. jinn Fri Oct 2 17:06:01 EDT 2015  Total:  15 of 100

CS240: lab4. jinn Fri Oct 2 17:07:09 EDT 2015  Total:  15 of 100

CS240: lab4. jinn Fri Oct 2 17:10:09 EDT 2015  Total:  18 of 100

CS240: lab4. jinn Fri Oct 2 17:17:23 EDT 2015  Total:  21 of 100

CS240: lab4. jinn Fri Oct 2 17:18:56 EDT 2015  Total:  24 of 100

CS240: lab4. jinn Sun Oct 4 05:40:31 EDT 2015  Total:  24 of 100

CS240: lab4. jinn Sun Oct 4 05:45:34 EDT 2015  Total:  24 of 100

CS240: lab4. jinn Sun Oct 4 05:54:20 EDT 2015  Total:  30 of 100

CS240: lab4. jinn Sun Oct 4 05:55:54 EDT 2015  Total:  30 of 100

CS240: lab4. jinn Sun Oct 4 05:56:13 EDT 2015  Total:  33 of 100

CS240: lab4. jinn Sun Oct 4 05:59:12 EDT 2015  Total:  33 of 100

CS240: lab4. jinn Sun Oct 4 06:02:20 EDT 2015  Total:  33 of 100

CS240: lab4. jinn Sun Oct 4 06:07:13 EDT 2015  Total:  33 of 100

CS240: lab4. jinn Sun Oct 4 06:12:56 EDT 2015  Total:  33 of 100

CS240: lab4. jinn Sun Oct 4 06:13:28 EDT 2015  Total:  33 of 100

CS240: lab4. jinn Sun Oct 4 06:13:34 EDT 2015  Total:  33 of 100

CS240: lab4. jinn Sun Oct 4 06:13:45 EDT 2015  Total:  33 of 100

CS240: lab4. jinn Sun Oct 4 06:15:55 EDT 2015  Total:  33 of 100

CS240: lab4. jinn Sun Oct 4 06:18:06 EDT 2015  Total:  33 of 100

CS240: lab4. jinn Sun Oct 4 06:19:03 EDT 2015  Total:  33 of 100

CS240: lab4. jinn Sun Oct 4 06:19:19 EDT 2015  Total:  36 of 100

CS240: lab4. jinn Sun Oct 4 06:33:36 EDT 2015  Total:  36 of 100

CS240: lab4. jinn Sun Oct 4 06:35:30 EDT 2015  Total:  36 of 100

CS240: lab4. jinn Sun Oct 4 06:37:38 EDT 2015  Total:  39 of 100

CS240: lab4. jinn Sun Oct 4 06:42:32 EDT 2015  Total:  39 of 100

CS240: lab4. jinn Sun Oct 4 06:46:55 EDT 2015  Total:  39 of 100

CS240: lab4. jinn Wed Oct 7 00:36:44 EDT 2015  Total:  39 of 100

CS240: lab4. jinn Wed Oct 7 00:48:46 EDT 2015  Total:  39 of 100

CS240: lab4. jinn Wed Oct 7 00:58:17 EDT 2015  Total:  39 of 100

CS240: lab4. jinn Wed Oct 7 00:59:09 EDT 2015  Total:  39 of 100

CS240: lab4. jinn Wed Oct 7 00:59:29 EDT 2015  Total:  39 of 100

CS240: lab4. jinn Wed Oct 7 01:23:14 EDT 2015  Total:  39 of 100

CS240: lab4. jinn Wed Oct 7 01:24:04 EDT 2015  Total:  39 of 100

CS240: lab4. jinn Wed Oct 7 01:25:03 EDT 2015  Total:  39 of 100

CS240: lab4. jinn Wed Oct 7 01:26:48 EDT 2015  Total:  39 of 100

CS240: lab4. jinn Wed Oct 7 01:30:26 EDT 2015  Total:  39 of 100

CS240: lab4. jinn Wed Oct 7 01:31:00 EDT 2015  Total:  39 of 100

CS240: lab4. jinn Wed Oct 7 01:32:53 EDT 2015  Total:  39 of 100

CS240: lab4. jinn Wed Oct 7 01:55:36 EDT 2015  Total:  39 of 100

CS240: lab4. jinn Wed Oct 7 01:56:42 EDT 2015  Total:  39 of 100

CS240: lab4. jinn Wed Oct 7 02:00:56 EDT 2015  Total:  39 of 100

CS240: lab4. jinn Wed Oct 7 02:01:28 EDT 2015  Total:  39 of 100

CS240: lab4. jinn Wed Oct 7 02:01:57 EDT 2015  Total:  39 of 100

CS240: lab4. jinn Wed Oct 7 02:59:44 EDT 2015  Total:  39 of 100

CS240: lab4. jinn Wed Oct 7 03:00:04 EDT 2015  Total:  39 of 100

CS240: lab4. jinn Wed Oct 7 03:00:30 EDT 2015  Total:  39 of 100

CS240: lab4. jinn Wed Oct 7 03:11:23 EDT 2015  Total:  39 of 100

CS240: lab4. jinn Wed Oct 7 03:11:58 EDT 2015  Total:  47 of 100

CS240: lab4. jinn Wed Oct 7 03:27:04 EDT 2015  Total:  43 of 100

CS240: lab4. jinn Wed Oct 7 03:27:54 EDT 2015  Total:  47 of 100

CS240: lab4. jinn Wed Oct 7 03:31:06 EDT 2015  Total:  47 of 100

CS240: lab4. jinn Wed Oct 7 03:31:56 EDT 2015  Total:  47 of 100

CS240: lab4. jinn Wed Oct 7 03:33:52 EDT 2015  Total:  47 of 100

CS240: lab4. jinn Wed Oct 7 03:36:23 EDT 2015  Total:  47 of 100

CS240: lab4. jinn Wed Oct 7 03:44:46 EDT 2015  Total:  47 of 100

CS240: lab4. jinn Wed Oct 7 03:45:32 EDT 2015  Total:  47 of 100

CS240: lab4. jinn Wed Oct 7 12:38:45 EDT 2015  Total:  47 of 100

CS240: lab4. jinn Wed Oct 7 12:48:54 EDT 2015  Total:  47 of 100

CS240: lab4. jinn Wed Oct 7 12:51:35 EDT 2015  Total:  47 of 100

CS240: lab4. jinn Wed Oct 7 12:52:35 EDT 2015  Total:  47 of 100

CS240: lab4. jinn Wed Oct 7 12:55:43 EDT 2015  Total:  47 of 100

CS240: lab4. jinn Wed Oct 7 12:56:36 EDT 2015  Total:  47 of 100

CS240: lab4. jinn Wed Oct 7 13:06:05 EDT 2015  Total:  47 of 100

CS240: lab4. jinn Wed Oct 7 13:07:03 EDT 2015  Total:  47 of 100

CS240: lab4. jinn Wed Oct 7 13:16:59 EDT 2015  Total:  47 of 100

CS240: lab4. jinn Wed Oct 7 15:26:24 EDT 2015  Total:  47 of 100

CS240: lab4. jinn Wed Oct 7 15:30:37 EDT 2015  Total:  55 of 100

CS240: lab4. jinn Wed Oct 7 15:40:55 EDT 2015  Total:  55 of 100

CS240: lab4. jinn Wed Oct 7 15:44:18 EDT 2015  Total:  55 of 100

CS240: lab4. jinn Wed Oct 7 15:57:55 EDT 2015  Total:  55 of 100

CS240: lab4. jinn Wed Oct 7 15:59:39 EDT 2015  Total:  55 of 100

CS240: lab4. jinn Wed Oct 7 16:00:20 EDT 2015  Total:  55 of 100

CS240: lab4. jinn Wed Oct 7 16:00:48 EDT 2015  Total:  55 of 100

CS240: lab4. jinn Wed Oct 7 16:12:54 EDT 2015  Total:  55 of 100

CS240: lab4. jinn Wed Oct 7 16:15:35 EDT 2015  Total:  55 of 100

CS240: lab4. jinn Wed Oct 7 16:18:30 EDT 2015  Total:  55 of 100

CS240: lab4. jinn Wed Oct 7 16:28:52 EDT 2015  Total:  55 of 100

CS240: lab4. jinn Wed Oct 7 16:32:07 EDT 2015  Total:  49 of 100

CS240: lab4. jinn Wed Oct 7 16:34:36 EDT 2015  Total:  49 of 100

CS240: lab4. jinn Wed Oct 7 16:39:36 EDT 2015  Total:  49 of 100

CS240: lab4. jinn Wed Oct 7 16:46:05 EDT 2015  Total:  49 of 100

CS240: lab4. jinn Wed Oct 7 16:48:41 EDT 2015  Total:  49 of 100

CS240: lab4. jinn Wed Oct 7 16:51:42 EDT 2015  Total:  59 of 100

CS240: lab4. jinn Wed Oct 7 16:57:46 EDT 2015  Total:  59 of 100

CS240: lab4. jinn Wed Oct 7 16:59:28 EDT 2015  Total:  59 of 100

CS240: lab4. jinn Wed Oct 7 17:02:04 EDT 2015  Total:  59 of 100

CS240: lab4. jinn Wed Oct 7 17:09:16 EDT 2015  Total:  59 of 100

CS240: lab4. jinn Wed Oct 7 17:11:00 EDT 2015  Total:  59 of 100

CS240: lab4. jinn Wed Oct 7 17:16:00 EDT 2015  Total:  59 of 100

CS240: lab4. jinn Wed Oct 7 17:45:38 EDT 2015  Total:  59 of 100

CS240: lab4. jinn Wed Oct 7 17:53:52 EDT 2015  Total:  59 of 100

CS240: lab4. jinn Wed Oct 7 17:55:06 EDT 2015  Total:  59 of 100

CS240: lab4. jinn Wed Oct 7 17:56:20 EDT 2015  Total:  59 of 100

CS240: lab4. jinn Wed Oct 7 17:57:58 EDT 2015  Total:  59 of 100

CS240: lab4. jinn Wed Oct 7 17:58:49 EDT 2015  Total:  59 of 100

CS240: lab4. jinn Wed Oct 7 17:59:48 EDT 2015  Total:  59 of 100

CS240: lab4. jinn Wed Oct 7 18:01:13 EDT 2015  Total:  59 of 100

CS240: lab4. jinn Wed Oct 7 18:02:29 EDT 2015  Total:  63 of 100

CS240: lab4. jinn Wed Oct 7 18:04:34 EDT 2015  Total:  65 of 100

CS240: lab4. jinn Wed Oct 7 18:11:49 EDT 2015  Total:  63 of 100

CS240: lab4. jinn Wed Oct 7 18:17:13 EDT 2015  Total:  65 of 100

CS240: lab4. jinn Wed Oct 7 18:18:51 EDT 2015  Total:  65 of 100

CS240: lab4. jinn Wed Oct 7 18:20:20 EDT 2015  Total:  65 of 100

CS240: lab4. jinn Wed Oct 7 18:21:54 EDT 2015  Total:  65 of 100

CS240: lab4. jinn Wed Oct 7 18:22:26 EDT 2015  Total:  67 of 100

CS240: lab4. jinn Wed Oct 7 18:23:27 EDT 2015  Total:  67 of 100

CS240: lab4. jinn Wed Oct 7 18:30:48 EDT 2015  Total:  67 of 100

CS240: lab4. jinn Wed Oct 7 18:32:19 EDT 2015  Total:  67 of 100

CS240: lab4. jinn Wed Oct 7 18:33:00 EDT 2015  Total:  67 of 100

CS240: lab4. jinn Wed Oct 7 19:05:34 EDT 2015  Total:  67 of 100

CS240: lab4. jinn Thu Oct 8 06:43:39 EDT 2015  Total:  67 of 100

CS240: lab4. jinn Thu Oct 8 06:55:12 EDT 2015  Total:  74 of 100

CS240: lab4. jinn Thu Oct 8 06:56:50 EDT 2015  Total:  85 of 100

CS240: lab4. jinn Thu Oct 8 09:34:39 EDT 2015  Total:  85 of 100

CS240: lab4. jinn Thu Oct 8 09:45:24 EDT 2015  Total:  85 of 100

CS240: lab4. jinn Thu Oct 8 09:49:15 EDT 2015  Total:  85 of 100

CS240: lab4. jinn Thu Oct 8 09:52:19 EDT 2015  Total:  85 of 100

CS240: lab4. jinn Thu Oct 8 09:54:17 EDT 2015  Total:  85 of 100

CS240: lab4. jinn Thu Oct 8 09:54:42 EDT 2015  Total:  85 of 100

CS240: lab4. jinn Thu Oct 8 09:57:29 EDT 2015  Total:  91 of 100

CS240: lab4. jinn Thu Oct 8 09:58:59 EDT 2015  Total:  91 of 100

CS240: lab4. jinn Fri Oct 9 05:03:14 EDT 2015  Total:  91 of 100

CS240: lab4. jinn Fri Oct 9 05:11:50 EDT 2015  Total:  94 of 100

CS240: lab4. jinn Fri Oct 9 05:15:42 EDT 2015  Total:  94 of 100

CS240: lab4. jinn Fri Oct 9 05:35:42 EDT 2015  Total:  100 of 100

CS240: lab4. jinn Fri Oct 9 12:48:29 EDT 2015  Total:  100 of 100

CS240: lab4. jinn Fri Oct 9 13:05:32 EDT 2015  Total:  100 of 100

CS240: lab4. jinn Fri Oct 9 13:33:11 EDT 2015  Total:  100 of 100

CS240: lab4. jinn Fri Oct 9 15:37:23 EDT 2015  Total:  100 of 100

CS240: lab4. jinn Sun Dec 27 08:25:09 EST 2015  Total:  100 of 100

CS240: lab4. jinn Sun Dec 27 08:25:24 EST 2015  Total:  100 of 100

