CS240: lab6. cs240 Mon Nov 9 09:01:53 EST 2015  Total:  0 of 100

CS240: lab6. cs240 Mon Nov 9 09:09:41 EST 2015  Total:  0 of 100

CS240: lab6. cs240 Mon Nov 9 09:11:19 EST 2015  Total:  0 of 100

CS240: lab6. cs240 Mon Nov 9 09:12:35 EST 2015  Total:  0 of 100

CS240: lab6. cs240 Mon Nov 9 09:13:07 EST 2015  Total:  0 of 100

CS240: lab6. cs240 Mon Nov 9 09:54:56 EST 2015  Total:  0 of 100

CS240: lab6. cs240 Mon Nov 9 09:55:51 EST 2015  Total:  0 of 100
0
100

CS240: lab6. cs240 Mon Nov 9 17:23:46 EST 2015  Total:  0 of 100
0
100

CS240: lab6. allenh1 Wed Nov 11 19:30:46 EST 2015  Total:  100 of 100

CS240: lab6. allenh1 Wed Nov 11 19:40:26 EST 2015  Total:  100 of 100

CS240: lab6. allenh1 Wed Nov 11 19:41:47 EST 2015  Total:  100 of 100

CS240: lab6. allenh1 Wed Nov 11 19:44:33 EST 2015  Total:  100 of 100

CS240: lab6. allenh1 Wed Nov 11 19:44:49 EST 2015  Total:  100 of 100

CS240: lab6. allenh1 Wed Nov 11 19:45:18 EST 2015  Total:  100 of 100

CS240: lab6. allenh1 Wed Nov 11 19:47:36 EST 2015  Total:  100 of 100

CS240: lab6. allenh1 Wed Nov 11 19:48:49 EST 2015  Total:  100 of 100

CS240: lab6. allenh1 Wed Nov 11 19:49:05 EST 2015  Total:  100 of 100

CS240: lab6. allenh1 Wed Nov 11 19:50:01 EST 2015  Total:  100 of 100

CS240: lab6. allenh1 Wed Nov 11 19:51:30 EST 2015  Total:  100 of 100

CS240: lab6. allenh1 Wed Nov 11 19:52:44 EST 2015  Total:  100 of 100

CS240: lab6. allenh1 Wed Nov 11 19:53:40 EST 2015  Total:  100 of 100

CS240: lab6. allenh1 Wed Nov 11 19:54:37 EST 2015  Total:  100 of 100

CS240: lab6. allenh1 Wed Nov 11 19:55:10 EST 2015  Total:  100 of 100

CS240: lab6. allenh1 Wed Nov 11 19:55:31 EST 2015  Total:  100 of 100

CS240: lab6. allenh1 Wed Nov 11 20:34:24 EST 2015  Total:  100 of 100

CS240: lab6. allenh1 Wed Nov 11 20:35:09 EST 2015  Total:  100 of 100

CS240: lab6. allenh1 Wed Nov 11 20:35:42 EST 2015  Total:  100 of 100

CS240: lab6. allenh1 Wed Nov 11 20:36:03 EST 2015  Total:  100 of 100

CS240: lab6. allenh1 Wed Nov 11 20:37:02 EST 2015  Total:  0 of 100

CS240: lab6. allenh1 Wed Nov 11 20:37:11 EST 2015  Total:  0 of 100

CS240: lab6. allenh1 Wed Nov 11 20:42:32 EST 2015  Total:  0 of 100

CS240: lab6. allenh1 Wed Nov 11 20:46:46 EST 2015  Total:  0 of 100

CS240: lab6. allenh1 /home/allenh1/CS/CS240-2015Labs/lab6-src/problems/arraylist-src Wed Nov 11 20:50:38 EST 2015  Total:  0 of 100
0
100

CS240: lab6. allenh1 /home/allenh1/CS/CS240-2015Labs/lab6-src/problems/arraylist-src Wed Nov 11 20:50:44 EST 2015  Total:  0 of 100
0
100

CS240: lab6. allenh1 /home/allenh1/CS/CS240-2015Labs/lab6-src/problems/arraylist-src Wed Nov 11 20:52:09 EST 2015  Total:  0 of 100
0
100

CS240: lab6. allenh1 /home/allenh1/CS/CS240-2015Labs/lab6-src/problems/arraylist-src Wed Nov 11 20:54:09 EST 2015  Total:  0 of 100
0
100

CS240: lab6. allenh1 /home/allenh1/CS/CS240-2015Labs/lab6-src/problems/arraylist-src Wed Nov 11 21:01:33 EST 2015  Total:  0 of 100
0
100

CS240: lab6. cs240 /homes/cs240/2015Fall/lab6-cpp-intro/CS240-2015Labs/lab6-src/problems/arraylist-src Wed Nov 11 21:03:30 EST 2015  Total:  0 of 100
0
100

CS240: lab6. cs240 /homes/cs240/2015Fall/lab6-cpp-intro/CS240-2015Labs/lab6-src/problems/arraylist-src Wed Nov 11 21:07:12 EST 2015  Total:  0 of 100
0
100

CS240: lab6. cs240 /homes/cs240/2015Fall/lab6-cpp-intro/CS240-2015Labs/lab6-src/problems/arraylist-src Wed Nov 11 21:08:01 EST 2015  Total:  0 of 100
0
100

CS240: lab6. jinn /homes/jinn/cs240/lab6-src/problems/arraylist-src Fri Nov 13 16:29:59 EST 2015  Total:  0 of 100
0
100

CS240: lab6. jinn /homes/jinn/cs240/lab6-src/problems/arraylist-src Wed Nov 18 13:33:01 EST 2015  Total:  0 of 100
0
100

CS240: lab6. jinn /homes/jinn/cs240/lab6-src/problems/arraylist-src Wed Nov 18 17:13:31 EST 2015  Total:  0 of 100
0
100

CS240: lab6. jinn /homes/jinn/cs240/lab6-src/problems/arraylist-src Thu Nov 19 16:14:38 EST 2015  Total:  10 of 100
10
100

CS240: lab6. jinn /homes/jinn/cs240/lab6-src/problems/arraylist-src Thu Nov 19 16:15:50 EST 2015  Total:  10 of 100
10
100

CS240: lab6. jinn /homes/jinn/cs240/lab6-src/problems/arraylist-src Thu Nov 19 17:03:07 EST 2015  Total:  10 of 100
10
100

CS240: lab6. jinn /homes/jinn/cs240/lab6-src/problems/arraylist-src Thu Nov 19 17:04:53 EST 2015  Total:  10 of 100
10
100

CS240: lab6. jinn /homes/jinn/cs240/lab6-src/problems/arraylist-src Thu Nov 19 17:19:23 EST 2015  Total:  10 of 100
10
100

CS240: lab6. jinn /homes/jinn/cs240/lab6-src/problems/arraylist-src Thu Nov 19 17:40:17 EST 2015  Total:  10 of 100
10
100

CS240: lab6. jinn /homes/jinn/cs240/lab6-src/problems/arraylist-src Thu Nov 19 18:17:39 EST 2015  Total:  10 of 100
10
100

CS240: lab6. jinn /homes/jinn/cs240/lab6-src/problems/arraylist-src Thu Nov 19 18:28:32 EST 2015  Total:  10 of 100
10
100

CS240: lab6. jinn /homes/jinn/cs240/lab6-src/problems/arraylist-src Thu Nov 19 18:30:00 EST 2015  Total:  10 of 100
10
100

CS240: lab6. jinn /homes/jinn/cs240/lab6-src/problems/arraylist-src Thu Nov 19 18:31:34 EST 2015  Total:  30 of 100
30
100

CS240: lab6. jinn /homes/jinn/cs240/lab6-src/problems/arraylist-src Fri Nov 20 08:26:32 EST 2015  Total:  40 of 100
40
100

CS240: lab6. jinn /homes/jinn/cs240/lab6-src/problems/arraylist-src Fri Nov 20 08:33:15 EST 2015  Total:  40 of 100
40
100

CS240: lab6. jinn /homes/jinn/cs240/lab6-src/problems/arraylist-src Fri Nov 20 08:53:41 EST 2015  Total:  40 of 100
40
100

CS240: lab6. jinn /homes/jinn/cs240/lab6-src/problems/arraylist-src Fri Nov 20 08:54:25 EST 2015  Total:  40 of 100
40
100

CS240: lab6. jinn /homes/jinn/cs240/lab6-src/problems/arraylist-src Fri Nov 20 09:09:35 EST 2015  Total:  40 of 100
40
100

CS240: lab6. jinn /homes/jinn/cs240/lab6-src/problems/arraylist-src Fri Nov 20 09:10:17 EST 2015  Total:  40 of 100
40
100

CS240: lab6. jinn /homes/jinn/cs240/lab6-src/problems/arraylist-src Fri Nov 20 09:15:00 EST 2015  Total:  50 of 100
50
100

CS240: lab6. jinn /homes/jinn/cs240/lab6-src/problems/arraylist-src Fri Nov 20 09:19:24 EST 2015  Total:  50 of 100
50
100

CS240: lab6. jinn /homes/jinn/cs240/lab6-src/problems/arraylist-src Fri Nov 20 09:20:30 EST 2015  Total:  50 of 100
50
100

CS240: lab6. jinn /homes/jinn/cs240/lab6-src/problems/arraylist-src Fri Nov 20 09:21:08 EST 2015  Total:  70 of 100
70
100

CS240: lab6. jinn /homes/jinn/cs240/lab6-src/problems/arraylist-src Fri Nov 20 09:23:56 EST 2015  Total:  70 of 100
70
100

CS240: lab6. jinn /homes/jinn/cs240/lab6-src/problems/arraylist-src Fri Nov 20 09:26:22 EST 2015  Total:  70 of 100
70
100

CS240: lab6. jinn /homes/jinn/cs240/lab6-src/problems/arraylist-src Fri Nov 20 09:27:26 EST 2015  Total:  70 of 100
70
100

CS240: lab6. jinn /homes/jinn/cs240/lab6-src/problems/arraylist-src Fri Nov 20 09:29:42 EST 2015  Total:  70 of 100
70
100

CS240: lab6. jinn /homes/jinn/cs240/lab6-src/problems/arraylist-src Fri Nov 20 09:56:33 EST 2015  Total:  70 of 100
70
100

CS240: lab6. jinn /homes/jinn/cs240/lab6-src/problems/arraylist-src Fri Nov 20 10:00:13 EST 2015  Total:  80 of 100
80
100

CS240: lab6. jinn /homes/jinn/cs240/lab6-src/problems/arraylist-src Fri Nov 20 16:35:39 EST 2015  Total:  80 of 100
80
100

CS240: lab6. jinn /homes/jinn/cs240/lab6-src/problems/arraylist-src Fri Nov 20 16:44:19 EST 2015  Total:  80 of 100
80
100

CS240: lab6. jinn /homes/jinn/cs240/lab6-src/problems/arraylist-src Fri Nov 20 16:48:38 EST 2015  Total:  80 of 100
80
100

CS240: lab6. jinn /homes/jinn/cs240/lab6-src/problems/arraylist-src Fri Nov 20 16:50:19 EST 2015  Total:  80 of 100
80
100

CS240: lab6. jinn /homes/jinn/cs240/lab6-src/problems/arraylist-src Fri Nov 20 16:50:58 EST 2015  Total:  80 of 100
80
100

CS240: lab6. jinn /homes/jinn/cs240/lab6-src/problems/arraylist-src Fri Nov 20 16:51:18 EST 2015  Total:  80 of 100
80
100

CS240: lab6. jinn /homes/jinn/cs240/lab6-src/problems/arraylist-src Fri Nov 20 16:51:42 EST 2015  Total:  90 of 100
90
100

CS240: lab6. jinn /homes/jinn/cs240/lab6-src/problems/arraylist-src Fri Nov 20 16:53:20 EST 2015  Total:  90 of 100
90
100

CS240: lab6. jinn /homes/jinn/cs240/lab6-src/problems/arraylist-src Fri Nov 20 16:56:59 EST 2015  Total:  90 of 100
90
100

CS240: lab6. jinn /homes/jinn/cs240/lab6-src/problems/arraylist-src Fri Nov 20 16:57:51 EST 2015  Total:  90 of 100
90
100

CS240: lab6. jinn /homes/jinn/cs240/lab6-src/problems/arraylist-src Fri Nov 20 17:00:16 EST 2015  Total:  90 of 100
90
100

CS240: lab6. jinn /homes/jinn/cs240/lab6-src/problems/arraylist-src Fri Nov 20 17:03:55 EST 2015  Total:  90 of 100
90
100

CS240: lab6. jinn /homes/jinn/cs240/lab6-src/problems/arraylist-src Fri Nov 20 17:29:30 EST 2015  Total:  80 of 100
80
100

CS240: lab6. jinn /homes/jinn/cs240/lab6-src/problems/arraylist-src Fri Nov 20 17:38:08 EST 2015  Total:  80 of 100
80
100

CS240: lab6. jinn /homes/jinn/cs240/lab6-src/problems/arraylist-src Fri Nov 20 17:38:49 EST 2015  Total:  80 of 100
80
100

CS240: lab6. jinn /homes/jinn/cs240/lab6-src/problems/arraylist-src Fri Nov 20 18:11:22 EST 2015  Total:  70 of 100
70
100

CS240: lab6. jinn /homes/jinn/cs240/lab6-src/problems/arraylist-src Fri Nov 20 18:12:27 EST 2015  Total:  70 of 100
70
100

CS240: lab6. jinn /homes/jinn/cs240/lab6-src/problems/arraylist-src Fri Nov 20 18:12:46 EST 2015  Total:  90 of 100
90
100

CS240: lab6. jinn /homes/jinn/cs240/lab6-src/problems/arraylist-src Fri Nov 20 18:14:23 EST 2015  Total:  90 of 100
90
100

CS240: lab6. jinn /homes/jinn/cs240/lab6-src/problems/arraylist-src Fri Nov 20 18:14:56 EST 2015  Total:  90 of 100
90
100

CS240: lab6. jinn /homes/jinn/cs240/lab6-src/problems/arraylist-src Fri Nov 20 18:27:02 EST 2015  Total:  70 of 100
70
100

CS240: lab6. jinn /homes/jinn/cs240/lab6-src/problems/arraylist-src Fri Nov 20 18:49:11 EST 2015  Total:  70 of 100
70
100

CS240: lab6. jinn /homes/jinn/cs240/lab6-src/problems/arraylist-src Fri Nov 20 18:53:13 EST 2015  Total:  70 of 100
70
100

CS240: lab6. jinn /homes/jinn/cs240/lab6-src/problems/arraylist-src Fri Nov 20 18:53:52 EST 2015  Total:  70 of 100
70
100

CS240: lab6. jinn /homes/jinn/cs240/lab6-src/problems/arraylist-src Fri Nov 20 18:54:09 EST 2015  Total:  70 of 100
70
100

CS240: lab6. jinn /homes/jinn/cs240/lab6-src/problems/arraylist-src Fri Nov 20 18:55:50 EST 2015  Total:  70 of 100
70
100

CS240: lab6. jinn /homes/jinn/cs240/lab6-src/problems/arraylist-src Fri Nov 20 18:57:48 EST 2015  Total:  80 of 100
80
100

CS240: lab6. jinn /homes/jinn/cs240/lab6-src/problems/arraylist-src Fri Nov 20 19:02:30 EST 2015  Total:  90 of 100
90
100

CS240: lab6. jinn /homes/jinn/cs240/lab6-src/problems/arraylist-src Fri Nov 20 19:19:10 EST 2015  Total:  80 of 100
80
100

CS240: lab6. jinn /homes/jinn/cs240/lab6-src/problems/arraylist-src Fri Nov 20 19:22:37 EST 2015  Total:  80 of 100
80
100

CS240: lab6. jinn /homes/jinn/cs240/lab6-src/problems/arraylist-src Fri Nov 20 19:27:21 EST 2015  Total:  80 of 100
80
100

CS240: lab6. jinn /homes/jinn/cs240/lab6-src/problems/arraylist-src Fri Nov 20 19:29:10 EST 2015  Total:  90 of 100
90
100

CS240: lab6. jinn /homes/jinn/cs240/lab6-src/problems/arraylist-src Fri Nov 20 19:31:09 EST 2015  Total:  90 of 100
90
100

CS240: lab6. jinn /homes/jinn/cs240/lab6-src/problems/arraylist-src Fri Nov 20 19:32:35 EST 2015  Total:  90 of 100
90
100

CS240: lab6. jinn /homes/jinn/cs240/lab6-src/problems/arraylist-src Fri Nov 20 19:34:46 EST 2015  Total:  80 of 100
80
100

CS240: lab6. jinn /homes/jinn/cs240/lab6-src/problems/arraylist-src Fri Nov 20 19:36:33 EST 2015  Total:  80 of 100
80
100

CS240: lab6. jinn /homes/jinn/cs240/lab6-src/problems/arraylist-src Fri Nov 20 19:36:56 EST 2015  Total:  100 of 100
100
100

CS240: lab6. jinn /homes/jinn/cs240/lab6-src/problems/arraylist-src Fri Nov 20 19:39:21 EST 2015  Total:  100 of 100
100
100

CS240: lab6. jinn /homes/jinn/cs240/lab6-src/problems/arraylist-src Fri Nov 20 19:41:31 EST 2015  Total:  100 of 100
100
100

CS240: lab6. jinn /homes/jinn/cs240/lab6-src/problems/arraylist-src Fri Nov 20 19:46:20 EST 2015  Total:  100 of 100
100
100

CS240: lab6. jinn /homes/jinn/cs240/lab6-src/problems/arraylist-src Fri Nov 20 19:46:33 EST 2015  Total:  100 of 100
100
100

