

-------------------------------------------------
CS240: Lab 6. cs240   
Sun Nov  9 19:27:55 EST 2014
-------------------------------------------------
TestMyString test1                  : 0   of 3  
TestMyString test2                  : 0   of 3  
TestMyString test3                  : 0   of 3  
TestMyString test4                  : 0   of 3  
TestMyString test5                  : 0   of 3  
TestMyString test6                  : 0   of 3  
TestMyString test7                  : 0   of 3  
TestMyString test8                  : 0   of 3  
TestMyString test9                  : 0   of 3  
TestMyString test10                 : 0   of 3  
TestMyString test11                 : 0   of 3  
-------------------------------------------------
CS240: Lab 6. cs240 Sun Nov 9 19:27:55 EST 2014  Total:  0 of 33



-------------------------------------------------
CS240: Lab 6. cs240   
Sun Nov  9 20:27:34 EST 2014
-------------------------------------------------
TestMyString test1                  : 0   of 3  
TestMyString test2                  : 0   of 3  
TestMyString test3                  : 0   of 3  
TestMyString test4                  : 0   of 3  
TestMyString test5                  : 0   of 3  
TestMyString test6                  : 0   of 3  
TestMyString test7                  : 0   of 3  
TestMyString test8                  : 0   of 3  
TestMyString test9                  : 0   of 3  
TestMyString test10                 : 0   of 3  
TestMyString test11                 : 0   of 3  
-------------------------------------------------
CS240: Lab 6. cs240 Sun Nov 9 20:27:34 EST 2014  Total:  0 of 33



-------------------------------------------------
CS240: lab6. cs240   
Sun Nov  9 23:48:51 EST 2014
-------------------------------------------------
TestStack test1                     : 0   of 10 
TestMyString test1                  : 0   of 2  
TestMyString test2                  : 0   of 2  
TestMyString test3                  : 0   of 2  
TestMyString test4                  : 3   of 3  
TestMyString test5                  : 0   of 3  
TestMyString test6                  : 0   of 3  
TestMyString test7                  : 0   of 3  
TestMyString test8                  : 0   of 3  
TestMyString test9                  : 0   of 3  
TestMyString test10                 : 0   of 3  
TestMyString test11                 : 0   of 3  
-------------------------------------------------
CS240: lab6. cs240 Sun Nov 9 23:48:51 EST 2014  Total:  3 of 40



-------------------------------------------------
CS240: lab6. cs240   
Mon Nov 10 19:52:23 EST 2014
-------------------------------------------------
TestStack test1                     : 0   of 10 
TestMyString test1                  : 0   of 2  
TestMyString test2                  : 0   of 2  
TestMyString test3                  : 0   of 2  
TestMyString test4                  : 3   of 3  
TestMyString test5                  : 0   of 3  
TestMyString test6                  : 0   of 3  
TestMyString test7                  : 0   of 3  
TestMyString test8                  : 0   of 3  
TestMyString test9                  : 0   of 3  
TestMyString test10                 : 0   of 3  
TestMyString test11                 : 0   of 3  
-------------------------------------------------
CS240: lab6. cs240 Mon Nov 10 19:52:23 EST 2014  Total:  3 of 40



-------------------------------------------------
CS240: lab6. cs240   
Mon Nov 10 19:53:19 EST 2014
-------------------------------------------------
TestStack test1                     : 0   of 10 
TestMyString test1                  : 0   of 2  
TestMyString test2                  : 0   of 2  
TestMyString test3                  : 0   of 2  
TestMyString test4                  : 3   of 3  
TestMyString test5                  : 0   of 3  
TestMyString test6                  : 0   of 3  
TestMyString test7                  : 0   of 3  
TestMyString test8                  : 0   of 3  
TestMyString test9                  : 0   of 3  
TestMyString test10                 : 0   of 3  
TestMyString test11                 : 0   of 3  
-------------------------------------------------
CS240: lab6. cs240 Mon Nov 10 19:53:19 EST 2014  Total:  3 of 40



-------------------------------------------------
CS240: lab7. cs240   
Mon Nov 10 19:53:41 EST 2014
-------------------------------------------------
TestStack test1                     : 0   of 10 
TestMyString test1                  : 0   of 2  
TestMyString test2                  : 0   of 2  
TestMyString test3                  : 0   of 2  
TestMyString test4                  : 3   of 3  
TestMyString test5                  : 0   of 3  
TestMyString test6                  : 0   of 3  
TestMyString test7                  : 0   of 3  
TestMyString test8                  : 0   of 3  
TestMyString test9                  : 0   of 3  
TestMyString test10                 : 0   of 3  
TestMyString test11                 : 0   of 3  
-------------------------------------------------
CS240: lab7. cs240 Mon Nov 10 19:53:41 EST 2014  Total:  3 of 40



-------------------------------------------------
CS240: lab7. jinn   
Thu Nov 13 09:35:44 EST 2014
-------------------------------------------------
TestStack test1                     : 0   of 10 
TestMyString test1                  : 0   of 2  
TestMyString test2                  : 0   of 2  
TestMyString test3                  : 0   of 2  
TestMyString test4                  : 3   of 3  
TestMyString test5                  : 0   of 3  
TestMyString test6                  : 0   of 3  
TestMyString test7                  : 0   of 3  
TestMyString test8                  : 0   of 3  
TestMyString test9                  : 0   of 3  
TestMyString test10                 : 0   of 3  
TestMyString test11                 : 0   of 3  
-------------------------------------------------
CS240: lab7. jinn Thu Nov 13 09:35:44 EST 2014  Total:  3 of 40



-------------------------------------------------
CS240: lab7. jinn   
Thu Nov 13 10:18:55 EST 2014
-------------------------------------------------
TestStack test1                     : 0   of 10 
TestMyString test1                  : 0   of 2  
TestMyString test2                  : 0   of 2  
TestMyString test3                  : 0   of 2  
TestMyString test4                  : 3   of 3  
TestMyString test5                  : 0   of 3  
TestMyString test6                  : 0   of 3  
TestMyString test7                  : 0   of 3  
TestMyString test8                  : 0   of 3  
TestMyString test9                  : 0   of 3  
TestMyString test10                 : 0   of 3  
TestMyString test11                 : 0   of 3  
-------------------------------------------------
CS240: lab7. jinn Thu Nov 13 10:18:55 EST 2014  Total:  3 of 40



-------------------------------------------------
CS240: lab7. jinn   
Thu Nov 13 10:21:21 EST 2014
-------------------------------------------------
TestStack test1                     : 0   of 10 
TestMyString test1                  : 0   of 2  
TestMyString test2                  : 0   of 2  
TestMyString test3                  : 0   of 2  
TestMyString test4                  : 3   of 3  
TestMyString test5                  : 0   of 3  
TestMyString test6                  : 0   of 3  
TestMyString test7                  : 0   of 3  
TestMyString test8                  : 0   of 3  
TestMyString test9                  : 0   of 3  
TestMyString test10                 : 0   of 3  
TestMyString test11                 : 0   of 3  
-------------------------------------------------
CS240: lab7. jinn Thu Nov 13 10:21:21 EST 2014  Total:  3 of 40



-------------------------------------------------
CS240: lab7. jinn   
Thu Nov 13 10:29:56 EST 2014
-------------------------------------------------
TestStack test1                     : 0   of 10 
TestMyString test1                  : 0   of 2  
TestMyString test2                  : 0   of 2  
TestMyString test3                  : 0   of 2  
TestMyString test4                  : 3   of 3  
TestMyString test5                  : 0   of 3  
TestMyString test6                  : 0   of 3  
TestMyString test7                  : 0   of 3  
TestMyString test8                  : 0   of 3  
TestMyString test9                  : 0   of 3  
TestMyString test10                 : 0   of 3  
TestMyString test11                 : 0   of 3  
-------------------------------------------------
CS240: lab7. jinn Thu Nov 13 10:29:56 EST 2014  Total:  3 of 40



-------------------------------------------------
CS240: lab7. jinn   
Thu Nov 13 10:31:09 EST 2014
-------------------------------------------------
TestStack test1                     : 0   of 10 
TestMyString test1                  : 0   of 2  
TestMyString test2                  : 0   of 2  
TestMyString test3                  : 0   of 2  
TestMyString test4                  : 3   of 3  
TestMyString test5                  : 0   of 3  
TestMyString test6                  : 0   of 3  
TestMyString test7                  : 0   of 3  
TestMyString test8                  : 0   of 3  
TestMyString test9                  : 0   of 3  
TestMyString test10                 : 0   of 3  
TestMyString test11                 : 0   of 3  
-------------------------------------------------
CS240: lab7. jinn Thu Nov 13 10:31:09 EST 2014  Total:  3 of 40



-------------------------------------------------
CS240: lab7. jinn   
Thu Nov 13 10:38:22 EST 2014
-------------------------------------------------
TestStack test1                     : 0   of 10 
TestMyString test1                  : 0   of 2  
TestMyString test2                  : 0   of 2  
TestMyString test3                  : 0   of 2  
TestMyString test4                  : 3   of 3  
TestMyString test5                  : 0   of 3  
TestMyString test6                  : 0   of 3  
TestMyString test7                  : 0   of 3  
TestMyString test8                  : 0   of 3  
TestMyString test9                  : 0   of 3  
TestMyString test10                 : 0   of 3  
TestMyString test11                 : 0   of 3  
-------------------------------------------------
CS240: lab7. jinn Thu Nov 13 10:38:22 EST 2014  Total:  3 of 40



-------------------------------------------------
CS240: lab7. jinn   
Thu Nov 13 10:42:42 EST 2014
-------------------------------------------------
TestStack test1                     : 0   of 10 
TestMyString test1                  : 0   of 2  
TestMyString test2                  : 0   of 2  
TestMyString test3                  : 0   of 2  
TestMyString test4                  : 3   of 3  
TestMyString test5                  : 0   of 3  
TestMyString test6                  : 0   of 3  
TestMyString test7                  : 0   of 3  
TestMyString test8                  : 0   of 3  
TestMyString test9                  : 0   of 3  
TestMyString test10                 : 0   of 3  
TestMyString test11                 : 0   of 3  
-------------------------------------------------
CS240: lab7. jinn Thu Nov 13 10:42:42 EST 2014  Total:  3 of 40



-------------------------------------------------
CS240: lab7. jinn   
Thu Nov 13 10:47:04 EST 2014
-------------------------------------------------
TestStack test1                     : 0   of 10 
TestMyString test1                  : 0   of 2  
TestMyString test2                  : 0   of 2  
TestMyString test3                  : 0   of 2  
TestMyString test4                  : 3   of 3  
TestMyString test5                  : 0   of 3  
TestMyString test6                  : 0   of 3  
TestMyString test7                  : 0   of 3  
TestMyString test8                  : 0   of 3  
TestMyString test9                  : 0   of 3  
TestMyString test10                 : 0   of 3  
TestMyString test11                 : 0   of 3  
-------------------------------------------------
CS240: lab7. jinn Thu Nov 13 10:47:04 EST 2014  Total:  3 of 40



-------------------------------------------------
CS240: lab7. jinn   
Thu Nov 13 10:53:37 EST 2014
-------------------------------------------------
TestStack test1                     : 10  of 10 
TestMyString test1                  : 0   of 2  
TestMyString test2                  : 0   of 2  
TestMyString test3                  : 0   of 2  
TestMyString test4                  : 3   of 3  
TestMyString test5                  : 0   of 3  
TestMyString test6                  : 0   of 3  
TestMyString test7                  : 0   of 3  
TestMyString test8                  : 0   of 3  
TestMyString test9                  : 0   of 3  
TestMyString test10                 : 0   of 3  
TestMyString test11                 : 0   of 3  
-------------------------------------------------
CS240: lab7. jinn Thu Nov 13 10:53:37 EST 2014  Total:  13 of 40



-------------------------------------------------
CS240: lab7. jinn   
Thu Nov 13 11:01:16 EST 2014
-------------------------------------------------
TestStack test1                     : 10  of 10 
TestMyString test1                  : 0   of 2  
TestMyString test2                  : 0   of 2  
TestMyString test3                  : 0   of 2  
TestMyString test4                  : 3   of 3  
TestMyString test5                  : 0   of 3  
TestMyString test6                  : 0   of 3  
TestMyString test7                  : 0   of 3  
TestMyString test8                  : 0   of 3  
TestMyString test9                  : 0   of 3  
TestMyString test10                 : 0   of 3  
TestMyString test11                 : 0   of 3  
-------------------------------------------------
CS240: lab7. jinn Thu Nov 13 11:01:16 EST 2014  Total:  13 of 40



-------------------------------------------------
CS240: lab7. jinn   
Thu Nov 13 11:05:55 EST 2014
-------------------------------------------------
TestStack test1                     : 10  of 10 
TestMyString test1                  : 2   of 2  
TestMyString test2                  : 2   of 2  
TestMyString test3                  : 2   of 2  
TestMyString test4                  : 3   of 3  
TestMyString test5                  : 0   of 3  
TestMyString test6                  : 0   of 3  
TestMyString test7                  : 0   of 3  
TestMyString test8                  : 0   of 3  
TestMyString test9                  : 0   of 3  
TestMyString test10                 : 0   of 3  
TestMyString test11                 : 0   of 3  
-------------------------------------------------
CS240: lab7. jinn Thu Nov 13 11:05:55 EST 2014  Total:  19 of 40



-------------------------------------------------
CS240: lab7. jinn   
Thu Nov 13 11:17:59 EST 2014
-------------------------------------------------
TestStack test1                     : 10  of 10 
TestMyString test1                  : 2   of 2  
TestMyString test2                  : 2   of 2  
TestMyString test3                  : 2   of 2  
TestMyString test4                  : 3   of 3  
TestMyString test5                  : 0   of 3  
TestMyString test6                  : 0   of 3  
TestMyString test7                  : 3   of 3  
TestMyString test8                  : 0   of 3  
TestMyString test9                  : 0   of 3  
TestMyString test10                 : 0   of 3  
TestMyString test11                 : 0   of 3  
-------------------------------------------------
CS240: lab7. jinn Thu Nov 13 11:17:59 EST 2014  Total:  22 of 40



-------------------------------------------------
CS240: lab7. jinn   
Thu Nov 20 09:35:41 EST 2014
-------------------------------------------------
TestStack test1                     : 10  of 10 
TestMyString test1                  : 2   of 2  
TestMyString test2                  : 2   of 2  
TestMyString test3                  : 2   of 2  
TestMyString test4                  : 3   of 3  
TestMyString test5                  : 0   of 3  
TestMyString test6                  : 0   of 3  
TestMyString test7                  : 3   of 3  
TestMyString test8                  : 0   of 3  
TestMyString test9                  : 0   of 3  
TestMyString test10                 : 0   of 3  
TestMyString test11                 : 0   of 3  
-------------------------------------------------
CS240: lab7. jinn Thu Nov 20 09:35:41 EST 2014  Total:  22 of 40



-------------------------------------------------
CS240: lab7. jinn   
Thu Nov 20 09:46:30 EST 2014
-------------------------------------------------
TestStack test1                     : 10  of 10 
TestMyString test1                  : 2   of 2  
TestMyString test2                  : 2   of 2  
TestMyString test3                  : 2   of 2  
TestMyString test4                  : 3   of 3  
TestMyString test5                  : 3   of 3  
TestMyString test6                  : 3   of 3  
TestMyString test7                  : 3   of 3  
TestMyString test8                  : 0   of 3  
TestMyString test9                  : 0   of 3  
TestMyString test10                 : 0   of 3  
TestMyString test11                 : 0   of 3  
-------------------------------------------------
CS240: lab7. jinn Thu Nov 20 09:46:30 EST 2014  Total:  28 of 40



-------------------------------------------------
CS240: lab7. jinn   
Thu Nov 20 10:05:06 EST 2014
-------------------------------------------------
TestStack test1                     : 10  of 10 
TestMyString test1                  : 0   of 2  
TestMyString test2                  : 0   of 2  
TestMyString test3                  : 0   of 2  
TestMyString test4                  : 0   of 3  
TestMyString test5                  : 0   of 3  
TestMyString test6                  : 0   of 3  
TestMyString test7                  : 0   of 3  
TestMyString test8                  : 0   of 3  
TestMyString test9                  : 0   of 3  
TestMyString test10                 : 0   of 3  
TestMyString test11                 : 0   of 3  
-------------------------------------------------
CS240: lab7. jinn Thu Nov 20 10:05:06 EST 2014  Total:  10 of 40



-------------------------------------------------
CS240: lab7. jinn   
Thu Nov 20 10:05:34 EST 2014
-------------------------------------------------
TestStack test1                     : 10  of 10 
TestMyString test1                  : 2   of 2  
TestMyString test2                  : 2   of 2  
TestMyString test3                  : 2   of 2  
TestMyString test4                  : 3   of 3  
TestMyString test5                  : 3   of 3  
TestMyString test6                  : 3   of 3  
TestMyString test7                  : 3   of 3  
TestMyString test8                  : 0   of 3  
TestMyString test9                  : 0   of 3  
TestMyString test10                 : 0   of 3  
TestMyString test11                 : 0   of 3  
-------------------------------------------------
CS240: lab7. jinn Thu Nov 20 10:05:34 EST 2014  Total:  28 of 40



-------------------------------------------------
CS240: lab7. jinn   
Thu Nov 20 10:40:25 EST 2014
-------------------------------------------------
TestStack test1                     : 10  of 10 
TestMyString test1                  : 2   of 2  
TestMyString test2                  : 2   of 2  
TestMyString test3                  : 2   of 2  
TestMyString test4                  : 3   of 3  
TestMyString test5                  : 3   of 3  
TestMyString test6                  : 3   of 3  
TestMyString test7                  : 3   of 3  
TestMyString test8                  : 0   of 3  
TestMyString test9                  : 0   of 3  
TestMyString test10                 : 0   of 3  
TestMyString test11                 : 0   of 3  
-------------------------------------------------
CS240: lab7. jinn Thu Nov 20 10:40:25 EST 2014  Total:  28 of 40



-------------------------------------------------
CS240: lab7. jinn   
Thu Nov 20 10:42:53 EST 2014
-------------------------------------------------
TestStack test1                     : 10  of 10 
TestMyString test1                  : 2   of 2  
TestMyString test2                  : 2   of 2  
TestMyString test3                  : 2   of 2  
TestMyString test4                  : 3   of 3  
TestMyString test5                  : 3   of 3  
TestMyString test6                  : 3   of 3  
TestMyString test7                  : 3   of 3  
TestMyString test8                  : 3   of 3  
TestMyString test9                  : 0   of 3  
TestMyString test10                 : 0   of 3  
TestMyString test11                 : 0   of 3  
-------------------------------------------------
CS240: lab7. jinn Thu Nov 20 10:42:53 EST 2014  Total:  31 of 40



-------------------------------------------------
CS240: lab7. jinn   
Thu Nov 20 11:11:19 EST 2014
-------------------------------------------------
TestStack test1                     : 10  of 10 
TestMyString test1                  : 2   of 2  
TestMyString test2                  : 2   of 2  
TestMyString test3                  : 2   of 2  
TestMyString test4                  : 3   of 3  
TestMyString test5                  : 3   of 3  
TestMyString test6                  : 3   of 3  
TestMyString test7                  : 3   of 3  
TestMyString test8                  : 3   of 3  
TestMyString test9                  : 0   of 3  
TestMyString test10                 : 0   of 3  
TestMyString test11                 : 0   of 3  
-------------------------------------------------
CS240: lab7. jinn Thu Nov 20 11:11:19 EST 2014  Total:  31 of 40



-------------------------------------------------
CS240: lab7. jinn   
Mon Nov 24 23:55:00 EST 2014
-------------------------------------------------
TestStack test1                     : 10  of 10 
TestMyString test1                  : 2   of 2  
TestMyString test2                  : 2   of 2  
TestMyString test3                  : 2   of 2  
TestMyString test4                  : 3   of 3  
TestMyString test5                  : 3   of 3  
TestMyString test6                  : 3   of 3  
TestMyString test7                  : 3   of 3  
TestMyString test8                  : 3   of 3  
TestMyString test9                  : 3   of 3  
TestMyString test10                 : 0   of 3  
TestMyString test11                 : 0   of 3  
-------------------------------------------------
CS240: lab7. jinn Mon Nov 24 23:55:00 EST 2014  Total:  34 of 40



-------------------------------------------------
CS240: lab7. jinn   
Tue Nov 25 00:00:10 EST 2014
-------------------------------------------------
TestStack test1                     : 10  of 10 
TestMyString test1                  : 2   of 2  
TestMyString test2                  : 2   of 2  
TestMyString test3                  : 2   of 2  
TestMyString test4                  : 3   of 3  
TestMyString test5                  : 3   of 3  
TestMyString test6                  : 3   of 3  
TestMyString test7                  : 3   of 3  
TestMyString test8                  : 3   of 3  
TestMyString test9                  : 3   of 3  
TestMyString test10                 : 3   of 3  
TestMyString test11                 : 0   of 3  
-------------------------------------------------
CS240: lab7. jinn Tue Nov 25 00:00:10 EST 2014  Total:  37 of 40



-------------------------------------------------
CS240: lab7. jinn   
Sun Nov 30 22:17:01 EST 2014
-------------------------------------------------
TestStack test1                     : 10  of 10 
TestMyString test1                  : 2   of 2  
TestMyString test2                  : 2   of 2  
TestMyString test3                  : 2   of 2  
TestMyString test4                  : 3   of 3  
TestMyString test5                  : 3   of 3  
TestMyString test6                  : 3   of 3  
TestMyString test7                  : 3   of 3  
TestMyString test8                  : 3   of 3  
TestMyString test9                  : 3   of 3  
TestMyString test10                 : 3   of 3  
TestMyString test11                 : 0   of 3  
-------------------------------------------------
CS240: lab7. jinn Sun Nov 30 22:17:01 EST 2014  Total:  37 of 40



-------------------------------------------------
CS240: lab7. jinn   
Tue Dec  2 00:45:53 EST 2014
-------------------------------------------------
TestStack test1                     : 10  of 10 
TestMyString test1                  : 2   of 2  
TestMyString test2                  : 2   of 2  
TestMyString test3                  : 2   of 2  
TestMyString test4                  : 3   of 3  
TestMyString test5                  : 3   of 3  
TestMyString test6                  : 3   of 3  
TestMyString test7                  : 3   of 3  
TestMyString test8                  : 3   of 3  
TestMyString test9                  : 3   of 3  
TestMyString test10                 : 3   of 3  
TestMyString test11                 : 0   of 3  
-------------------------------------------------
CS240: lab7. jinn Tue Dec 2 00:45:53 EST 2014  Total:  37 of 40



-------------------------------------------------
CS240: lab7. jinn   
Tue Dec  2 00:52:37 EST 2014
-------------------------------------------------
TestStack test1                     : 10  of 10 
TestMyString test1                  : 2   of 2  
TestMyString test2                  : 2   of 2  
TestMyString test3                  : 2   of 2  
TestMyString test4                  : 3   of 3  
TestMyString test5                  : 3   of 3  
TestMyString test6                  : 3   of 3  
TestMyString test7                  : 3   of 3  
TestMyString test8                  : 3   of 3  
TestMyString test9                  : 3   of 3  
TestMyString test10                 : 3   of 3  
TestMyString test11                 : 3   of 3  
-------------------------------------------------
CS240: lab7. jinn Tue Dec 2 00:52:37 EST 2014  Total:  40 of 40



-------------------------------------------------
CS240: lab7. jinn   
Thu Dec  4 10:04:42 EST 2014
-------------------------------------------------
TestStack test1                     : 10  of 10 
TestMyString test1                  : 2   of 2  
TestMyString test2                  : 2   of 2  
TestMyString test3                  : 2   of 2  
TestMyString test4                  : 3   of 3  
TestMyString test5                  : 3   of 3  
TestMyString test6                  : 3   of 3  
TestMyString test7                  : 3   of 3  
TestMyString test8                  : 3   of 3  
TestMyString test9                  : 3   of 3  
TestMyString test10                 : 3   of 3  
TestMyString test11                 : 3   of 3  
-------------------------------------------------
CS240: lab7. jinn Thu Dec 4 10:04:42 EST 2014  Total:  40 of 40



-------------------------------------------------
CS240: lab7. jinn   
Mon Feb  9 03:53:57 EST 2015
-------------------------------------------------
TestStack test1                     : 10  of 10 
TestMyString test1                  : 2   of 2  
TestMyString test2                  : 2   of 2  
TestMyString test3                  : 2   of 2  
TestMyString test4                  : 3   of 3  
TestMyString test5                  : 3   of 3  
TestMyString test6                  : 3   of 3  
TestMyString test7                  : 3   of 3  
TestMyString test8                  : 3   of 3  
TestMyString test9                  : 3   of 3  
TestMyString test10                 : 3   of 3  
TestMyString test11                 : 3   of 3  
-------------------------------------------------
CS240: lab7. jinn Mon Feb 9 03:53:57 EST 2015  Total:  40 of 40

