CS240: lab5. cs240 Mon Mar 9 23:13:39 EDT 2015  Total:  -20 of 75

CS240: lab5. cs240 Mon Mar 9 23:15:07 EDT 2015  Total:  -20 of 75

CS240: lab5. cs240 Mon Mar 9 23:15:21 EDT 2015  Total:  55 of 75

CS240: lab5. cs240 Mon Mar 9 23:16:12 EDT 2015  Total:  55 of 75

CS240: lab5. cs240 Mon Mar 9 23:17:37 EDT 2015  Total:  75 of 75

CS240: lab5. cs240 Tue Mar 10 00:05:07 EDT 2015  Total:  100 of 100

CS240: lab5. cs240 Tue Mar 10 00:14:16 EDT 2015  Total:  0 of 100

CS240: lab5. cs240 Tue Mar 10 00:15:06 EDT 2015  Total:  0 of 100

CS240: lab5. cs240 Tue Mar 10 00:17:18 EDT 2015  Total:  0 of 100

CS240: lab5. jinn Mon Mar 23 19:40:14 EDT 2015  Total:  0 of 100

CS240: lab5. jinn Mon Mar 23 19:43:01 EDT 2015  Total:  5 of 100

CS240: lab5. jinn Mon Mar 23 19:45:58 EDT 2015  Total:  5 of 100

CS240: lab5. jinn Mon Mar 23 19:54:08 EDT 2015  Total:  5 of 100

CS240: lab5. jinn Mon Mar 23 19:54:53 EDT 2015  Total:  10 of 100

CS240: lab5. jinn Wed Mar 25 12:04:25 EDT 2015  Total:  10 of 100

CS240: lab5. jinn Wed Mar 25 12:05:17 EDT 2015  Total:  10 of 100

CS240: lab5. jinn Wed Mar 25 12:06:09 EDT 2015  Total:  10 of 100

CS240: lab5. jinn Wed Mar 25 12:07:15 EDT 2015  Total:  10 of 100

CS240: lab5. jinn Wed Mar 25 12:10:14 EDT 2015  Total:  15 of 100

CS240: lab5. jinn Sun Mar 29 20:02:31 EDT 2015  Total:  25 of 100

CS240: lab5. jinn Sun Mar 29 20:19:43 EDT 2015  Total:  30 of 100

CS240: lab5. jinn Sun Mar 29 20:23:17 EDT 2015  Total:  35 of 100

CS240: lab5. jinn Sun Mar 29 20:29:28 EDT 2015  Total:  35 of 100

CS240: lab5. jinn Sun Mar 29 20:30:39 EDT 2015  Total:  35 of 100

CS240: lab5. jinn Sun Mar 29 20:54:12 EDT 2015  Total:  35 of 100

CS240: lab5. jinn Sun Mar 29 21:04:30 EDT 2015  Total:  35 of 100

CS240: lab5. jinn Sun Mar 29 21:17:04 EDT 2015  Total:  35 of 100

CS240: lab5. jinn Sun Mar 29 21:20:42 EDT 2015  Total:  35 of 100

CS240: lab5. jinn Sun Mar 29 21:21:44 EDT 2015  Total:  60 of 100

CS240: lab5. jinn Mon Mar 30 22:15:14 EDT 2015  Total:  60 of 100

CS240: lab5. jinn Mon Mar 30 22:32:41 EDT 2015  Total:  60 of 100

CS240: lab5. jinn Fri Apr 3 00:57:23 EDT 2015  Total:  60 of 100

CS240: lab5. jinn Fri Apr 3 01:52:35 EDT 2015  Total:  70 of 100

CS240: lab5. jinn Fri Apr 3 01:54:08 EDT 2015  Total:  70 of 100

CS240: lab5. jinn Fri Apr 3 01:54:52 EDT 2015  Total:  70 of 100

CS240: lab5. jinn Fri Apr 3 01:57:24 EDT 2015  Total:  70 of 100

CS240: lab5. jinn Sat Apr 4 16:46:32 EDT 2015  Total:  60 of 100

CS240: lab5. jinn Sat Apr 11 19:39:27 EDT 2015  Total:  70 of 100

CS240: lab5. jinn Sat Apr 11 20:09:12 EDT 2015  Total:  85 of 100

CS240: lab5. jinn Mon Apr 13 09:47:45 EDT 2015  Total:  85 of 100

CS240: lab5. jinn Tue Apr 21 14:08:33 EDT 2015  Total:  85 of 100

CS240: lab5. jinn Tue Apr 21 14:12:53 EDT 2015  Total:  85 of 100

CS240: lab5. jinn Tue Apr 21 14:14:12 EDT 2015  Total:  85 of 100

CS240: lab5. jinn Tue Apr 21 14:14:57 EDT 2015  Total:  85 of 100

CS240: lab5. jinn Tue Apr 21 14:16:44 EDT 2015  Total:  85 of 100

CS240: lab5. jinn Tue Apr 21 14:19:12 EDT 2015  Total:  85 of 100

CS240: lab5. jinn Tue Apr 21 14:20:23 EDT 2015  Total:  85 of 100

CS240: lab5. jinn Tue Apr 21 14:22:58 EDT 2015  Total:  85 of 100

CS240: lab5. jinn Tue Apr 21 14:24:59 EDT 2015  Total:  85 of 100

CS240: lab5. jinn Tue Apr 21 14:26:34 EDT 2015  Total:  85 of 100

CS240: lab5. jinn Tue Apr 21 14:27:56 EDT 2015  Total:  85 of 100

CS240: lab5. jinn Tue Apr 21 14:30:35 EDT 2015  Total:  85 of 100

CS240: lab5. jinn Wed Apr 22 03:10:46 EDT 2015  Total:  85 of 100

CS240: lab5. jinn Wed Apr 22 03:12:23 EDT 2015  Total:  85 of 100

CS240: lab5. jinn Wed Apr 22 03:22:09 EDT 2015  Total:  85 of 100

CS240: lab5. jinn Wed Apr 22 03:23:08 EDT 2015  Total:  85 of 100

CS240: lab5. jinn Wed Apr 22 03:27:24 EDT 2015  Total:  90 of 100

CS240: lab5. jinn Wed Apr 22 03:30:34 EDT 2015  Total:  90 of 100

CS240: lab5. jinn Thu Apr 23 00:57:29 EDT 2015  Total:  90 of 100

CS240: lab5. jinn Thu Apr 23 01:02:17 EDT 2015  Total:  90 of 100

CS240: lab5. jinn Thu Apr 23 01:26:22 EDT 2015  Total:  90 of 100

CS240: lab5. jinn Thu Apr 23 01:27:20 EDT 2015  Total:  90 of 100

CS240: lab5. jinn Thu Apr 23 01:29:35 EDT 2015  Total:  90 of 100

CS240: lab5. jinn Thu Apr 23 01:32:10 EDT 2015  Total:  90 of 100

CS240: lab5. jinn Thu Apr 23 01:34:05 EDT 2015  Total:  90 of 100

CS240: lab5. jinn Thu Apr 23 01:35:50 EDT 2015  Total:  90 of 100

CS240: lab5. jinn Thu Apr 23 01:36:20 EDT 2015  Total:  90 of 100

CS240: lab5. jinn Thu Apr 23 01:37:55 EDT 2015  Total:  90 of 100

CS240: lab5. jinn Thu Apr 23 01:39:48 EDT 2015  Total:  90 of 100

CS240: lab5. jinn Thu Apr 23 01:40:21 EDT 2015  Total:  90 of 100

CS240: lab5. jinn Thu Apr 23 01:40:51 EDT 2015  Total:  90 of 100

CS240: lab5. jinn Thu Apr 23 01:41:31 EDT 2015  Total:  90 of 100

CS240: lab5. jinn Thu Apr 23 01:43:54 EDT 2015  Total:  90 of 100

CS240: lab5. jinn Thu Apr 23 01:45:50 EDT 2015  Total:  90 of 100

CS240: lab5. jinn Thu Apr 23 01:48:54 EDT 2015  Total:  90 of 100

CS240: lab5. jinn Thu Apr 23 01:52:00 EDT 2015  Total:  90 of 100

CS240: lab5. jinn Thu Apr 23 01:52:51 EDT 2015  Total:  90 of 100

CS240: lab5. jinn Thu Apr 23 02:02:03 EDT 2015  Total:  90 of 100

CS240: lab5. jinn Thu Apr 23 02:03:47 EDT 2015  Total:  90 of 100

CS240: lab5. jinn Thu Apr 23 02:04:14 EDT 2015  Total:  90 of 100

CS240: lab5. jinn Thu Apr 23 02:05:03 EDT 2015  Total:  90 of 100

CS240: lab5. jinn Thu Apr 23 02:07:24 EDT 2015  Total:  90 of 100

CS240: lab5. jinn Thu Apr 23 02:08:53 EDT 2015  Total:  90 of 100

CS240: lab5. jinn Thu Apr 23 02:10:33 EDT 2015  Total:  90 of 100

CS240: lab5. jinn Thu Apr 23 02:12:10 EDT 2015  Total:  90 of 100

CS240: lab5. jinn Thu Apr 23 02:19:11 EDT 2015  Total:  90 of 100

CS240: lab5. jinn Thu Apr 23 02:27:35 EDT 2015  Total:  90 of 100

CS240: lab5. jinn Fri Apr 24 08:28:41 EDT 2015  Total:  90 of 100

CS240: lab5. jinn Fri Apr 24 08:32:51 EDT 2015  Total:  90 of 100

CS240: lab5. jinn Fri Apr 24 08:33:33 EDT 2015  Total:  90 of 100

CS240: lab5. jinn Fri Apr 24 08:41:18 EDT 2015  Total:  90 of 100

CS240: lab5. jinn Fri Apr 24 09:58:45 EDT 2015  Total:  90 of 100

