CS240: Exam2. pheldrin Thu Oct 15 12:42:16 EDT 2015  Total:  15 of 15
15
15
CS240: Exam2. pheldrin Thu Oct 15 13:06:45 EDT 2015  Total:  15 of 24
15
24
CS240: Exam2. pheldrin Thu Oct 15 13:07:36 EDT 2015  Total:  24 of 24
24
24
CS240: Exam2. pheldrin Thu Oct 15 13:08:54 EDT 2015  Total:  24 of 24
24
24
CS240: Exam2. pheldrin Thu Oct 15 13:10:01 EDT 2015  Total:  12 of 12
12
12
CS240: Exam2. pheldrin Thu Oct 15 13:10:23 EDT 2015  Total:  24 of 24
24
24
CS240: Exam2. pheldrin Thu Oct 15 13:11:57 EDT 2015  Total:  24 of 24
24
24
CS240: Exam2. pheldrin Thu Oct 15 13:14:18 EDT 2015  Total:  24 of 24
24
24
CS240: Exam2. pheldrin Thu Oct 15 14:51:52 EDT 2015  Total:  24 of 24
24
24
CS240: Exam2. pheldrin Thu Oct 15 21:43:41 EDT 2015  Total:  24 of 24
24
24
CS240: Exam2. pheldrin Thu Oct 15 21:49:10 EDT 2015  Total:  24 of 24
24
24
CS240: Exam2. pheldrin Thu Oct 15 21:49:42 EDT 2015  Total:  24 of 24
24
24
CS240: Exam2. pheldrin Thu Oct 15 21:51:25 EDT 2015  Total:  24 of 24
24
24
CS240: Exam2. pheldrin Thu Oct 15 21:51:59 EDT 2015  Total:  24 of 24
24
24
CS240: Exam2. pheldrin Thu Oct 15 21:53:28 EDT 2015  Total:  24 of 24
24
24
CS240: Exam2. pheldrin Fri Oct 16 02:36:20 EDT 2015  Total:  24 of 24
24
24
CS240: Exam2. pheldrin Fri Oct 16 21:47:52 EDT 2015  Total:  18 of 24
18
24
CS240: Exam2. pheldrin Fri Oct 16 21:48:33 EDT 2015  Total:  24 of 24
24
24
CS240: Exam2. pheldrin Sun Oct 18 00:27:34 EDT 2015  Total:  24 of 24
24
24
CS240: Exam2. pheldrin Sun Oct 18 00:27:39 EDT 2015  Total:  24 of 24
24
24
CS240: Exam2. pheldrin Sun Oct 18 16:24:48 EDT 2015  Total:  24 of 24
24
24
CS240: Exam2. pheldrin Sun Oct 18 17:45:27 EDT 2015  Total:  24 of 24
24
24
CS240: Exam2. pheldrin Sun Oct 18 19:29:30 EDT 2015  Total:  24 of 24
24
24
CS240: Exam2. pheldrin Sun Oct 18 19:37:59 EDT 2015  Total:  24 of 24
24
24
CS240: Exam2. pheldrin Sun Oct 18 19:41:04 EDT 2015  Total:  24 of 24
24
24
CS240: Exam2. pheldrin Sun Oct 18 23:58:20 EDT 2015  Total:  24 of 24
24
24
CS240: Exam2. pheldrin Mon Oct 19 00:02:02 EDT 2015  Total:  24 of 24
24
24
CS240: Exam2. pheldrin Mon Oct 19 00:02:18 EDT 2015  Total:  24 of 24
24
24
CS240: Exam2. pheldrin Mon Oct 19 00:06:43 EDT 2015  Total:  24 of 24
24
24
CS240: Exam2. pheldrin Mon Oct 19 00:08:21 EDT 2015  Total:  24 of 24
24
24
CS240: Exam2. cs240 Mon Oct 19 02:25:21 EDT 2015  Total:  24 of 24
24
24
CS240: Exam2. cs240 Mon Oct 19 02:26:00 EDT 2015  Total:  30 of 30
30
30
CS240: Exam2. cs240 Mon Oct 19 02:28:28 EDT 2015  Total:  30 of 30
30
30
CS240: Exam2. cs240 Mon Oct 19 04:40:23 EDT 2015  Total:  3 of 30
3
30
CS240: Exam2. cs240 Mon Oct 19 04:44:18 EDT 2015  Total:  3 of 30
3
30
CS240: Exam2. cs240 Mon Oct 19 04:47:59 EDT 2015  Total:  3 of 30
3
30
CS240: Exam2. cs240 Mon Oct 19 04:53:56 EDT 2015  Total:  3 of 30
3
30
CS240: Exam2. cs240 Mon Oct 19 12:56:56 EDT 2015  Total:  3 of 30
3
30
CS240: Exam2. jinn Fri Oct 30 15:49:09 EDT 2015  Total:  3 of 30
3
30
CS240: Exam2. jinn Fri Oct 30 15:49:22 EDT 2015  Total:  3 of 30
3
30
CS240: Exam2. jinn Fri Oct 30 15:52:38 EDT 2015  Total:  3 of 30
3
30
CS240: Exam2. jinn Fri Oct 30 15:53:31 EDT 2015  Total:  3 of 30
3
30
CS240: Exam2. jinn Fri Oct 30 15:53:54 EDT 2015  Total:  3 of 30
3
30
CS240: Exam2. jinn Fri Oct 30 15:54:33 EDT 2015  Total:  3 of 30
3
30
CS240: Exam2. jinn Fri Oct 30 15:54:52 EDT 2015  Total:  3 of 30
3
30
CS240: Exam2. jinn Fri Oct 30 15:55:38 EDT 2015  Total:  9 of 30
9
30
CS240: Exam2. jinn Fri Oct 30 15:58:10 EDT 2015  Total:  15 of 30
15
30
CS240: Exam2. jinn Fri Oct 30 16:01:41 EDT 2015  Total:  15 of 30
15
30
CS240: Exam2. jinn Fri Oct 30 16:03:05 EDT 2015  Total:  15 of 30
15
30
CS240: Exam2. jinn Fri Oct 30 16:03:34 EDT 2015  Total:  15 of 30
15
30
CS240: Exam2. jinn Fri Oct 30 16:04:07 EDT 2015  Total:  15 of 30
15
30
CS240: Exam2. jinn Fri Oct 30 16:04:46 EDT 2015  Total:  15 of 30
15
30
CS240: Exam2. jinn Fri Oct 30 16:05:44 EDT 2015  Total:  15 of 30
15
30
CS240: Exam2. jinn Fri Oct 30 16:06:28 EDT 2015  Total:  15 of 30
15
30
CS240: Exam2. jinn Fri Oct 30 16:07:30 EDT 2015  Total:  15 of 30
15
30
CS240: Exam2. jinn Fri Oct 30 16:08:05 EDT 2015  Total:  15 of 30
15
30
CS240: Exam2. jinn Fri Oct 30 16:09:47 EDT 2015  Total:  21 of 30
21
30
CS240: Exam2. jinn Fri Oct 30 16:15:37 EDT 2015  Total:  21 of 30
21
30
CS240: Exam2. jinn Fri Oct 30 16:17:38 EDT 2015  Total:  15 of 30
15
30
CS240: Exam2. jinn Fri Oct 30 16:18:11 EDT 2015  Total:  21 of 30
21
30
CS240: Exam2. jinn Fri Oct 30 16:20:38 EDT 2015  Total:  21 of 30
21
30
CS240: Exam2. jinn Fri Oct 30 16:23:29 EDT 2015  Total:  21 of 30
21
30
CS240: Exam2. jinn Fri Oct 30 16:26:42 EDT 2015  Total:  24 of 30
24
30
CS240: Exam2. jinn Fri Oct 30 16:27:30 EDT 2015  Total:  24 of 30
24
30
CS240: Exam2. jinn Fri Oct 30 16:31:03 EDT 2015  Total:  24 of 30
24
30
CS240: Exam2. jinn Fri Oct 30 16:39:47 EDT 2015  Total:  21 of 30
21
30
CS240: Exam2. jinn Fri Oct 30 16:41:00 EDT 2015  Total:  21 of 30
21
30
CS240: Exam2. jinn Fri Oct 30 16:46:07 EDT 2015  Total:  21 of 30
21
30
CS240: Exam2. jinn Fri Oct 30 18:07:54 EDT 2015  Total:  30 of 30
30
30
CS240: Exam2. jinn Thu Nov 5 03:11:38 EST 2015  Total:  30 of 30
30
30
