

-------------------------------------------------
CS240: Lab 2b. cs240   
Sun Jan 25 22:14:59 EST 2015
-------------------------------------------------
test_mystring test1                 : 0   of 3  
test_mystring test2                 : 0   of 3  
test_mystring test3                 : 0   of 3  
test_mystring test4                 : 0   of 3  
test_mystring test5                 : 0   of 3  
test_mystring test6                 : 0   of 3  
test_mystring test7                 : 0   of 3  
-------------------------------------------------
CS240: Lab 2b. cs240 Sun Jan 25 22:14:59 EST 2015  Total:  0 of 21



-------------------------------------------------
CS240: Lab 2b. cs240   
Sun Jan 25 22:15:33 EST 2015
-------------------------------------------------
test_mystring test1                 : 0   of 3  
test_mystring test2                 : 0   of 3  
test_mystring test3                 : 0   of 3  
test_mystring test4                 : 0   of 3  
test_mystring test5                 : 0   of 3  
test_mystring test6                 : 0   of 3  
test_mystring test7                 : 0   of 3  
-------------------------------------------------
CS240: Lab 2b. cs240 Sun Jan 25 22:15:33 EST 2015  Total:  0 of 21



-------------------------------------------------
CS240: Lab 2b. jinn   
Mon Feb  2 15:48:45 EST 2015
-------------------------------------------------
test_mystring test1                 : 0   of 3  
test_mystring test2                 : 0   of 3  
test_mystring test3                 : 0   of 3  
test_mystring test4                 : 0   of 3  
test_mystring test5                 : 0   of 3  
test_mystring test6                 : 0   of 3  
test_mystring test7                 : 0   of 3  
-------------------------------------------------
CS240: Lab 2b. jinn Mon Feb 2 15:48:45 EST 2015  Total:  0 of 21



-------------------------------------------------
CS240: Lab 2b. jinn   
Mon Feb  2 15:51:16 EST 2015
-------------------------------------------------
test_mystring test2                 : 0   of 3  
test_mystring test3                 : 0   of 3  
test_mystring test4                 : 0   of 3  
test_mystring test5                 : 0   of 3  
test_mystring test6                 : 0   of 3  
test_mystring test7                 : 0   of 3  
-------------------------------------------------
CS240: Lab 2b. jinn Mon Feb 2 15:51:16 EST 2015  Total:  0 of 21



-------------------------------------------------
CS240: Lab 2b. jinn   
Mon Feb  2 15:53:17 EST 2015
-------------------------------------------------
test_mystring test2                 : 0   of 3  
test_mystring test3                 : 0   of 3  
test_mystring test4                 : 0   of 3  
test_mystring test5                 : 0   of 3  
test_mystring test6                 : 0   of 3  
test_mystring test7                 : 0   of 3  
-------------------------------------------------
CS240: Lab 2b. jinn Mon Feb 2 15:53:17 EST 2015  Total:  0 of 21



-------------------------------------------------
CS240: Lab 2b. jinn   
Mon Feb  2 15:54:38 EST 2015
-------------------------------------------------
test_mystring test1                 : 3   of 3  
test_mystring test2                 : 0   of 3  
test_mystring test3                 : 0   of 3  
test_mystring test4                 : 0   of 3  
test_mystring test5                 : 0   of 3  
test_mystring test6                 : 0   of 3  
test_mystring test7                 : 0   of 3  
-------------------------------------------------
CS240: Lab 2b. jinn Mon Feb 2 15:54:38 EST 2015  Total:  3 of 21



-------------------------------------------------
CS240: Lab 2b. jinn   
Mon Feb  2 15:56:07 EST 2015
-------------------------------------------------
test_mystring test1                 : 3   of 3  
test_mystring test2                 : 0   of 3  
test_mystring test3                 : 0   of 3  
test_mystring test4                 : 0   of 3  
test_mystring test5                 : 0   of 3  
test_mystring test6                 : 0   of 3  
test_mystring test7                 : 0   of 3  
-------------------------------------------------
CS240: Lab 2b. jinn Mon Feb 2 15:56:07 EST 2015  Total:  3 of 21



-------------------------------------------------
CS240: Lab 2b. jinn   
Mon Feb  2 16:01:37 EST 2015
-------------------------------------------------
test_mystring test1                 : 3   of 3  
test_mystring test2                 : 0   of 3  
test_mystring test3                 : 0   of 3  
test_mystring test4                 : 0   of 3  
test_mystring test5                 : 0   of 3  
test_mystring test6                 : 0   of 3  
test_mystring test7                 : 0   of 3  
-------------------------------------------------
CS240: Lab 2b. jinn Mon Feb 2 16:01:37 EST 2015  Total:  3 of 21



-------------------------------------------------
CS240: Lab 2b. jinn   
Mon Feb  2 16:05:35 EST 2015
-------------------------------------------------
test_mystring test1                 : 3   of 3  
test_mystring test2                 : 0   of 3  
test_mystring test3                 : 0   of 3  
test_mystring test4                 : 0   of 3  
test_mystring test5                 : 0   of 3  
test_mystring test6                 : 0   of 3  
test_mystring test7                 : 0   of 3  
-------------------------------------------------
CS240: Lab 2b. jinn Mon Feb 2 16:05:35 EST 2015  Total:  3 of 21



-------------------------------------------------
CS240: Lab 2b. jinn   
Mon Feb  2 16:06:11 EST 2015
-------------------------------------------------
test_mystring test1                 : 3   of 3  
test_mystring test2                 : 3   of 3  
test_mystring test3                 : 3   of 3  
test_mystring test4                 : 0   of 3  
test_mystring test5                 : 0   of 3  
test_mystring test6                 : 0   of 3  
test_mystring test7                 : 0   of 3  
-------------------------------------------------
CS240: Lab 2b. jinn Mon Feb 2 16:06:11 EST 2015  Total:  9 of 21



-------------------------------------------------
CS240: Lab 2b. jinn   
Mon Feb  2 16:13:05 EST 2015
-------------------------------------------------
test_mystring test1                 : 3   of 3  
test_mystring test2                 : 3   of 3  
test_mystring test3                 : 3   of 3  
test_mystring test4                 : 0   of 3  
test_mystring test5                 : 0   of 3  
test_mystring test6                 : 0   of 3  
test_mystring test7                 : 0   of 3  
-------------------------------------------------
CS240: Lab 2b. jinn Mon Feb 2 16:13:05 EST 2015  Total:  9 of 21



-------------------------------------------------
CS240: Lab 2b. jinn   
Mon Feb  2 16:14:27 EST 2015
-------------------------------------------------
test_mystring test1                 : 3   of 3  
test_mystring test2                 : 3   of 3  
test_mystring test3                 : 3   of 3  
test_mystring test4                 : 0   of 3  
test_mystring test5                 : 0   of 3  
test_mystring test6                 : 0   of 3  
test_mystring test7                 : 0   of 3  
-------------------------------------------------
CS240: Lab 2b. jinn Mon Feb 2 16:14:27 EST 2015  Total:  9 of 21



-------------------------------------------------
CS240: Lab 2b. jinn   
Mon Feb  2 20:16:24 EST 2015
-------------------------------------------------
test_mystring test1                 : 3   of 3  
test_mystring test2                 : 3   of 3  
test_mystring test3                 : 3   of 3  
test_mystring test4                 : 0   of 3  
test_mystring test5                 : 0   of 3  
test_mystring test6                 : 0   of 3  
test_mystring test7                 : 0   of 3  
-------------------------------------------------
CS240: Lab 2b. jinn Mon Feb 2 20:16:24 EST 2015  Total:  9 of 21



-------------------------------------------------
CS240: Lab 2b. jinn   
Mon Feb  2 20:22:10 EST 2015
-------------------------------------------------
test_mystring test1                 : 3   of 3  
test_mystring test2                 : 3   of 3  
test_mystring test3                 : 3   of 3  
test_mystring test4                 : 0   of 3  
test_mystring test5                 : 0   of 3  
test_mystring test6                 : 0   of 3  
test_mystring test7                 : 0   of 3  
-------------------------------------------------
CS240: Lab 2b. jinn Mon Feb 2 20:22:10 EST 2015  Total:  9 of 21



-------------------------------------------------
CS240: Lab 2b. jinn   
Mon Feb  2 20:50:00 EST 2015
-------------------------------------------------
test_mystring test1                 : 3   of 3  
test_mystring test2                 : 3   of 3  
test_mystring test3                 : 3   of 3  
test_mystring test4                 : 0   of 3  
test_mystring test5                 : 0   of 3  
test_mystring test6                 : 0   of 3  
test_mystring test7                 : 0   of 3  
-------------------------------------------------
CS240: Lab 2b. jinn Mon Feb 2 20:50:00 EST 2015  Total:  9 of 21



-------------------------------------------------
CS240: Lab 2b. jinn   
Mon Feb  2 21:10:13 EST 2015
-------------------------------------------------
test_mystring test1                 : 3   of 3  
test_mystring test2                 : 3   of 3  
test_mystring test3                 : 3   of 3  
test_mystring test4                 : 0   of 3  
test_mystring test5                 : 3   of 3  
test_mystring test6                 : 0   of 3  
test_mystring test7                 : 0   of 3  
-------------------------------------------------
CS240: Lab 2b. jinn Mon Feb 2 21:10:13 EST 2015  Total:  12 of 21



-------------------------------------------------
CS240: Lab 2b. jinn   
Mon Feb  2 21:55:45 EST 2015
-------------------------------------------------
test_mystring test1                 : 3   of 3  
test_mystring test2                 : 3   of 3  
test_mystring test3                 : 3   of 3  
test_mystring test4                 : 0   of 3  
test_mystring test5                 : 3   of 3  
test_mystring test6                 : 0   of 3  
test_mystring test7                 : 0   of 3  
-------------------------------------------------
CS240: Lab 2b. jinn Mon Feb 2 21:55:45 EST 2015  Total:  12 of 21



-------------------------------------------------
CS240: Lab 2b. jinn   
Mon Feb  2 21:57:03 EST 2015
-------------------------------------------------
test_mystring test1                 : 3   of 3  
test_mystring test2                 : 3   of 3  
test_mystring test3                 : 3   of 3  
test_mystring test4                 : 0   of 3  
test_mystring test5                 : 3   of 3  
test_mystring test6                 : 0   of 3  
test_mystring test7                 : 0   of 3  
-------------------------------------------------
CS240: Lab 2b. jinn Mon Feb 2 21:57:03 EST 2015  Total:  12 of 21



-------------------------------------------------
CS240: Lab 2b. jinn   
Mon Feb  2 21:58:19 EST 2015
-------------------------------------------------
test_mystring test1                 : 3   of 3  
test_mystring test2                 : 3   of 3  
test_mystring test3                 : 3   of 3  
test_mystring test4                 : 0   of 3  
test_mystring test5                 : 3   of 3  
test_mystring test6                 : 3   of 3  
test_mystring test7                 : 0   of 3  
-------------------------------------------------
CS240: Lab 2b. jinn Mon Feb 2 21:58:19 EST 2015  Total:  15 of 21



-------------------------------------------------
CS240: Lab 2b. jinn   
Mon Feb  2 22:01:04 EST 2015
-------------------------------------------------
test_mystring test1                 : 3   of 3  
test_mystring test2                 : 3   of 3  
test_mystring test3                 : 3   of 3  
test_mystring test4                 : 0   of 3  
test_mystring test5                 : 3   of 3  
test_mystring test6                 : 3   of 3  
test_mystring test7                 : 3   of 3  
-------------------------------------------------
CS240: Lab 2b. jinn Mon Feb 2 22:01:04 EST 2015  Total:  18 of 21



-------------------------------------------------
CS240: Lab 2b. jinn   
Mon Feb  2 22:21:42 EST 2015
-------------------------------------------------
test_mystring test1                 : 3   of 3  
test_mystring test2                 : 3   of 3  
test_mystring test3                 : 3   of 3  
test_mystring test4                 : 3   of 3  
test_mystring test5                 : 3   of 3  
test_mystring test6                 : 3   of 3  
test_mystring test7                 : 3   of 3  
-------------------------------------------------
CS240: Lab 2b. jinn Mon Feb 2 22:21:42 EST 2015  Total:  21 of 21

