CS240: Exam2. pheldrin Mon Nov 30 02:59:58 EST 2015  Total:  21 of 21
21
21
CS240: Exam2. pheldrin Tue Dec 1 20:53:12 EST 2015  Total:  21 of 21
21
21
CS240: Exam2. pheldrin Tue Dec 1 20:53:28 EST 2015  Total:  25 of 25
25
25
CS240: Exam2. pheldrin Tue Dec 1 20:55:48 EST 2015  Total:  25 of 25
25
25
CS240: Exam2. pheldrin Wed Dec 2 02:48:59 EST 2015  Total:  25 of 25
25
25
CS240: Exam2. pheldrin Wed Dec 2 02:49:19 EST 2015  Total:  25 of 25
25
25
CS240: Exam2. pheldrin Wed Dec 2 02:49:50 EST 2015  Total:  25 of 25
25
25
CS240: Exam2. pheldrin Wed Dec 2 03:11:47 EST 2015  Total:  25 of 25
25
25
CS240: Exam3. pheldrin Fri Dec 4 10:38:12 EST 2015  Total:  25 of 25
25
25
CS240: Exam3. pheldrin Fri Dec 4 10:55:58 EST 2015  Total:  25 of 25
25
25
CS240: Exam3. pheldrin Fri Dec 4 10:56:43 EST 2015  Total:  25 of 25
25
25
CS240: Exam3. pheldrin Fri Dec 4 10:56:59 EST 2015  Total:  25 of 25
25
25
CS240: Exam3. pheldrin Sun Dec 6 22:33:52 EST 2015  Total:  25 of 25
25
25
CS240: Exam3. pheldrin Sun Dec 6 22:34:03 EST 2015  Total:  25 of 25
25
25
CS240: Exam3. pheldrin Sun Dec 6 23:21:13 EST 2015  Total:  25 of 25
25
25
CS240: Exam3. pheldrin Mon Dec 7 16:22:16 EST 2015  Total:  25 of 25
25
25
CS240: Exam3. pheldrin Mon Dec 7 16:24:36 EST 2015  Total:  0 of 25
0
25
CS240: Exam3. pheldrin Mon Dec 7 16:25:43 EST 2015  Total:  0 of 25
0
25
CS240: Exam3. pheldrin Mon Dec 7 16:27:27 EST 2015  Total:  0 of 25
0
25
CS240: Exam3. cs240 Mon Dec 7 16:30:26 EST 2015  Total:  0 of 25
0
25
CS240: Exam3. jinn Wed Dec 9 14:44:12 EST 2015  Total:  0 of 25
0
25
CS240: Exam3. jinn Fri Dec 18 00:22:52 EST 2015  Total:  0 of 25
0
25
CS240: Exam3. jinn Fri Dec 18 00:33:38 EST 2015  Total:  0 of 25
0
25
CS240: Exam3. jinn Fri Dec 18 00:34:02 EST 2015  Total:  0 of 25
0
25
CS240: Exam3. jinn Fri Dec 18 00:34:14 EST 2015  Total:  25 of 25
25
25
CS240: Exam3. jinn Fri Dec 18 00:36:34 EST 2015  Total:  25 of 25
25
25
